{"uid":"92fa9754f9c82525","name":"Update Users Test","fullName":"com.coherent.aqa.java.training.api.matveenko.TokenTests.updateUsersTest","historyId":"1c8699607959f538f45ee6483bb8a424","time":{"start":1707825711671,"stop":1707825711704,"duration":33},"description":"Update Users Test","descriptionHtml":"<p>Update Users Test</p>\n","status":"failed","statusMessage":"Users are not updated expected [200] but found [400]","statusTrace":"java.lang.AssertionError: Users are not updated expected [200] but found [400]\n\tat org.testng.Assert.fail(Assert.java:111)\n\tat org.testng.Assert.failNotEquals(Assert.java:1578)\n\tat org.testng.Assert.assertEqualsImpl(Assert.java:150)\n\tat org.testng.Assert.assertEquals(Assert.java:132)\n\tat org.testng.Assert.assertEquals(Assert.java:1419)\n\tat org.testng.Assert.assertEquals(Assert.java:1383)\n\tat com.coherent.aqa.java.training.api.matveenko.base.UserHttpClient.executeUpdateUserRequest(UserHttpClient.java:114)\n\tat com.coherent.aqa.java.training.api.matveenko.TokenTests.updateUsersTest(TokenTests.java:188)\n\tat java.base/jdk.internal.reflect.NativeMethodAccessorImpl.invoke0(Native Method)\n\tat java.base/jdk.internal.reflect.NativeMethodAccessorImpl.invoke(NativeMethodAccessorImpl.java:62)\n\tat java.base/jdk.internal.reflect.DelegatingMethodAccessorImpl.invoke(DelegatingMethodAccessorImpl.java:43)\n\tat java.base/java.lang.reflect.Method.invoke(Method.java:566)\n\tat org.testng.internal.invokers.MethodInvocationHelper.invokeMethod(MethodInvocationHelper.java:139)\n\tat org.testng.internal.invokers.TestInvoker.invokeMethod(TestInvoker.java:664)\n\tat org.testng.internal.invokers.TestInvoker.invokeTestMethod(TestInvoker.java:227)\n\tat org.testng.internal.invokers.MethodRunner.runInSequence(MethodRunner.java:50)\n\tat org.testng.internal.invokers.TestInvoker$MethodInvocationAgent.invoke(TestInvoker.java:957)\n\tat org.testng.internal.invokers.TestInvoker.invokeTestMethods(TestInvoker.java:200)\n\tat org.testng.internal.invokers.TestMethodWorker.invokeTestMethods(TestMethodWorker.java:148)\n\tat org.testng.internal.invokers.TestMethodWorker.run(TestMethodWorker.java:128)\n\tat java.base/java.util.ArrayList.forEach(ArrayList.java:1541)\n\tat org.testng.TestRunner.privateRun(TestRunner.java:848)\n\tat org.testng.TestRunner.run(TestRunner.java:621)\n\tat org.testng.SuiteRunner.runTest(SuiteRunner.java:443)\n\tat org.testng.SuiteRunner.runSequentially(SuiteRunner.java:437)\n\tat org.testng.SuiteRunner.privateRun(SuiteRunner.java:397)\n\tat org.testng.SuiteRunner.run(SuiteRunner.java:336)\n\tat org.testng.SuiteRunnerWorker.runSuite(SuiteRunnerWorker.java:52)\n\tat org.testng.SuiteRunnerWorker.run(SuiteRunnerWorker.java:95)\n\tat org.testng.TestNG.runSuitesSequentially(TestNG.java:1280)\n\tat org.testng.TestNG.runSuitesLocally(TestNG.java:1200)\n\tat org.testng.TestNG.runSuites(TestNG.java:1114)\n\tat org.testng.TestNG.run(TestNG.java:1082)\n\tat org.apache.maven.surefire.testng.TestNGExecutor.run(TestNGExecutor.java:155)\n\tat org.apache.maven.surefire.testng.TestNGDirectoryTestSuite.executeMulti(TestNGDirectoryTestSuite.java:169)\n\tat org.apache.maven.surefire.testng.TestNGDirectoryTestSuite.execute(TestNGDirectoryTestSuite.java:88)\n\tat org.apache.maven.surefire.testng.TestNGProvider.invoke(TestNGProvider.java:137)\n\tat org.apache.maven.surefire.booter.ForkedBooter.runSuitesInProcess(ForkedBooter.java:385)\n\tat org.apache.maven.surefire.booter.ForkedBooter.execute(ForkedBooter.java:162)\n\tat org.apache.maven.surefire.booter.ForkedBooter.run(ForkedBooter.java:507)\n\tat org.apache.maven.surefire.booter.ForkedBooter.main(ForkedBooter.java:495)\n","flaky":false,"newFailed":false,"newBroken":false,"newPassed":false,"retriesCount":16,"retriesStatusChange":false,"beforeStages":[{"name":"setUp","time":{"start":1707825711258,"stop":1707825711315,"duration":57},"description":"","status":"passed","steps":[],"attachments":[],"parameters":[],"shouldDisplayMessage":false,"stepsCount":0,"attachmentsCount":0,"hasContent":false,"attachmentStep":false}],"testStage":{"description":"Update Users Test","status":"failed","statusMessage":"Users are not updated expected [200] but found [400]","statusTrace":"java.lang.AssertionError: Users are not updated expected [200] but found [400]\n\tat org.testng.Assert.fail(Assert.java:111)\n\tat org.testng.Assert.failNotEquals(Assert.java:1578)\n\tat org.testng.Assert.assertEqualsImpl(Assert.java:150)\n\tat org.testng.Assert.assertEquals(Assert.java:132)\n\tat org.testng.Assert.assertEquals(Assert.java:1419)\n\tat org.testng.Assert.assertEquals(Assert.java:1383)\n\tat com.coherent.aqa.java.training.api.matveenko.base.UserHttpClient.executeUpdateUserRequest(UserHttpClient.java:114)\n\tat com.coherent.aqa.java.training.api.matveenko.TokenTests.updateUsersTest(TokenTests.java:188)\n\tat java.base/jdk.internal.reflect.NativeMethodAccessorImpl.invoke0(Native Method)\n\tat java.base/jdk.internal.reflect.NativeMethodAccessorImpl.invoke(NativeMethodAccessorImpl.java:62)\n\tat java.base/jdk.internal.reflect.DelegatingMethodAccessorImpl.invoke(DelegatingMethodAccessorImpl.java:43)\n\tat java.base/java.lang.reflect.Method.invoke(Method.java:566)\n\tat org.testng.internal.invokers.MethodInvocationHelper.invokeMethod(MethodInvocationHelper.java:139)\n\tat org.testng.internal.invokers.TestInvoker.invokeMethod(TestInvoker.java:664)\n\tat org.testng.internal.invokers.TestInvoker.invokeTestMethod(TestInvoker.java:227)\n\tat org.testng.internal.invokers.MethodRunner.runInSequence(MethodRunner.java:50)\n\tat org.testng.internal.invokers.TestInvoker$MethodInvocationAgent.invoke(TestInvoker.java:957)\n\tat org.testng.internal.invokers.TestInvoker.invokeTestMethods(TestInvoker.java:200)\n\tat org.testng.internal.invokers.TestMethodWorker.invokeTestMethods(TestMethodWorker.java:148)\n\tat org.testng.internal.invokers.TestMethodWorker.run(TestMethodWorker.java:128)\n\tat java.base/java.util.ArrayList.forEach(ArrayList.java:1541)\n\tat org.testng.TestRunner.privateRun(TestRunner.java:848)\n\tat org.testng.TestRunner.run(TestRunner.java:621)\n\tat org.testng.SuiteRunner.runTest(SuiteRunner.java:443)\n\tat org.testng.SuiteRunner.runSequentially(SuiteRunner.java:437)\n\tat org.testng.SuiteRunner.privateRun(SuiteRunner.java:397)\n\tat org.testng.SuiteRunner.run(SuiteRunner.java:336)\n\tat org.testng.SuiteRunnerWorker.runSuite(SuiteRunnerWorker.java:52)\n\tat org.testng.SuiteRunnerWorker.run(SuiteRunnerWorker.java:95)\n\tat org.testng.TestNG.runSuitesSequentially(TestNG.java:1280)\n\tat org.testng.TestNG.runSuitesLocally(TestNG.java:1200)\n\tat org.testng.TestNG.runSuites(TestNG.java:1114)\n\tat org.testng.TestNG.run(TestNG.java:1082)\n\tat org.apache.maven.surefire.testng.TestNGExecutor.run(TestNGExecutor.java:155)\n\tat org.apache.maven.surefire.testng.TestNGDirectoryTestSuite.executeMulti(TestNGDirectoryTestSuite.java:169)\n\tat org.apache.maven.surefire.testng.TestNGDirectoryTestSuite.execute(TestNGDirectoryTestSuite.java:88)\n\tat org.apache.maven.surefire.testng.TestNGProvider.invoke(TestNGProvider.java:137)\n\tat org.apache.maven.surefire.booter.ForkedBooter.runSuitesInProcess(ForkedBooter.java:385)\n\tat org.apache.maven.surefire.booter.ForkedBooter.execute(ForkedBooter.java:162)\n\tat org.apache.maven.surefire.booter.ForkedBooter.run(ForkedBooter.java:507)\n\tat org.apache.maven.surefire.booter.ForkedBooter.main(ForkedBooter.java:495)\n","steps":[{"name":"Step 1","time":{"start":1707825711673,"stop":1707825711703,"duration":30},"status":"failed","statusMessage":"Users are not updated expected [200] but found [400]","statusTrace":"java.lang.AssertionError: Users are not updated expected [200] but found [400]\n\tat org.testng.Assert.fail(Assert.java:111)\n\tat org.testng.Assert.failNotEquals(Assert.java:1578)\n\tat org.testng.Assert.assertEqualsImpl(Assert.java:150)\n\tat org.testng.Assert.assertEquals(Assert.java:132)\n\tat org.testng.Assert.assertEquals(Assert.java:1419)\n\tat org.testng.Assert.assertEquals(Assert.java:1383)\n\tat com.coherent.aqa.java.training.api.matveenko.base.UserHttpClient.executeUpdateUserRequest(UserHttpClient.java:114)\n\tat com.coherent.aqa.java.training.api.matveenko.TokenTests.updateUsersTest(TokenTests.java:188)\n\tat java.base/jdk.internal.reflect.NativeMethodAccessorImpl.invoke0(Native Method)\n\tat java.base/jdk.internal.reflect.NativeMethodAccessorImpl.invoke(NativeMethodAccessorImpl.java:62)\n\tat java.base/jdk.internal.reflect.DelegatingMethodAccessorImpl.invoke(DelegatingMethodAccessorImpl.java:43)\n\tat java.base/java.lang.reflect.Method.invoke(Method.java:566)\n\tat org.testng.internal.invokers.MethodInvocationHelper.invokeMethod(MethodInvocationHelper.java:139)\n\tat org.testng.internal.invokers.TestInvoker.invokeMethod(TestInvoker.java:664)\n\tat org.testng.internal.invokers.TestInvoker.invokeTestMethod(TestInvoker.java:227)\n\tat org.testng.internal.invokers.MethodRunner.runInSequence(MethodRunner.java:50)\n\tat org.testng.internal.invokers.TestInvoker$MethodInvocationAgent.invoke(TestInvoker.java:957)\n\tat org.testng.internal.invokers.TestInvoker.invokeTestMethods(TestInvoker.java:200)\n\tat org.testng.internal.invokers.TestMethodWorker.invokeTestMethods(TestMethodWorker.java:148)\n\tat org.testng.internal.invokers.TestMethodWorker.run(TestMethodWorker.java:128)\n\tat java.base/java.util.ArrayList.forEach(ArrayList.java:1541)\n\tat org.testng.TestRunner.privateRun(TestRunner.java:848)\n\tat org.testng.TestRunner.run(TestRunner.java:621)\n\tat org.testng.SuiteRunner.runTest(SuiteRunner.java:443)\n\tat org.testng.SuiteRunner.runSequentially(SuiteRunner.java:437)\n\tat org.testng.SuiteRunner.privateRun(SuiteRunner.java:397)\n\tat org.testng.SuiteRunner.run(SuiteRunner.java:336)\n\tat org.testng.SuiteRunnerWorker.runSuite(SuiteRunnerWorker.java:52)\n\tat org.testng.SuiteRunnerWorker.run(SuiteRunnerWorker.java:95)\n\tat org.testng.TestNG.runSuitesSequentially(TestNG.java:1280)\n\tat org.testng.TestNG.runSuitesLocally(TestNG.java:1200)\n\tat org.testng.TestNG.runSuites(TestNG.java:1114)\n\tat org.testng.TestNG.run(TestNG.java:1082)\n\tat org.apache.maven.surefire.testng.TestNGExecutor.run(TestNGExecutor.java:155)\n\tat org.apache.maven.surefire.testng.TestNGDirectoryTestSuite.executeMulti(TestNGDirectoryTestSuite.java:169)\n\tat org.apache.maven.surefire.testng.TestNGDirectoryTestSuite.execute(TestNGDirectoryTestSuite.java:88)\n\tat org.apache.maven.surefire.testng.TestNGProvider.invoke(TestNGProvider.java:137)\n\tat org.apache.maven.surefire.booter.ForkedBooter.runSuitesInProcess(ForkedBooter.java:385)\n\tat org.apache.maven.surefire.booter.ForkedBooter.execute(ForkedBooter.java:162)\n\tat org.apache.maven.surefire.booter.ForkedBooter.run(ForkedBooter.java:507)\n\tat org.apache.maven.surefire.booter.ForkedBooter.main(ForkedBooter.java:495)\n","steps":[],"attachments":[{"uid":"6b776d14b2c1afda","name":"Request.txt","source":"6b776d14b2c1afda.txt","type":"text/plain","size":420},{"uid":"8f71e18b67da9dbd","name":"Request.txt","source":"8f71e18b67da9dbd.txt","type":"text/plain","size":144}],"parameters":[],"shouldDisplayMessage":true,"stepsCount":0,"attachmentsCount":2,"hasContent":true,"attachmentStep":false}],"attachments":[],"parameters":[],"shouldDisplayMessage":false,"stepsCount":1,"attachmentsCount":2,"hasContent":true,"attachmentStep":false},"afterStages":[{"name":"closeHttpClient","time":{"start":1707825711815,"stop":1707825711816,"duration":1},"description":"","status":"passed","steps":[],"attachments":[],"parameters":[],"shouldDisplayMessage":false,"stepsCount":0,"attachmentsCount":0,"hasContent":false,"attachmentStep":false}],"labels":[{"name":"package","value":"com.coherent.aqa.java.training.api.matveenko.TokenTests"},{"name":"testClass","value":"com.coherent.aqa.java.training.api.matveenko.TokenTests"},{"name":"testMethod","value":"updateUsersTest"},{"name":"parentSuite","value":"Surefire suite"},{"name":"suite","value":"Surefire test"},{"name":"subSuite","value":"com.coherent.aqa.java.training.api.matveenko.TokenTests"},{"name":"host","value":"fv-az1385-306"},{"name":"thread","value":"2507@fv-az1385-306.main(1)"},{"name":"framework","value":"testng"},{"name":"language","value":"java"},{"name":"feature","value":"Users"},{"name":"epic","value":"Tests"},{"name":"resultFormat","value":"allure2"}],"parameters":[],"links":[],"hidden":false,"retry":false,"extra":{"severity":"normal","retries":[{"uid":"a718bcb9d0e5ec74","status":"failed","statusDetails":"Users are not updated expected [200] but found [400]","time":{"start":1706205222898,"stop":1706205222941,"duration":43}},{"uid":"170e5156dc692412","status":"failed","statusDetails":"Users are not updated expected [200] but found [400]","time":{"start":1706200490919,"stop":1706200490951,"duration":32}},{"uid":"a8401a9e0d485220","status":"failed","statusDetails":"Users are not updated expected [200] but found [400]","time":{"start":1706200053564,"stop":1706200053595,"duration":31}},{"uid":"1f5239716c3e6c67","status":"failed","statusDetails":"Users are not updated expected [200] but found [400]","time":{"start":1705570079969,"stop":1705570080030,"duration":61}},{"uid":"370a3306689aaf7e","status":"failed","statusDetails":"Users are not updated expected [200] but found [400]","time":{"start":1705569967003,"stop":1705569967057,"duration":54}},{"uid":"e187184b94b57b22","status":"failed","statusDetails":"Users are not updated expected [200] but found [400]","time":{"start":1705508977592,"stop":1705508977645,"duration":53}},{"uid":"8c8aae15e297983f","status":"failed","statusDetails":"Users are not updated expected [200] but found [400]","time":{"start":1705508829885,"stop":1705508829910,"duration":25}},{"uid":"5715f3eb182a7061","status":"failed","statusDetails":"Users are not updated expected [200] but found [400]","time":{"start":1705508761609,"stop":1705508761648,"duration":39}},{"uid":"659622213f2176f4","status":"failed","statusDetails":"Users are not updated expected [200] but found [400]","time":{"start":1705508516822,"stop":1705508516862,"duration":40}},{"uid":"9d64485b7fcfd9cb","status":"failed","statusDetails":"Users are not updated expected [200] but found [400]","time":{"start":1705508088243,"stop":1705508088289,"duration":46}},{"uid":"5ac0f72af0c27a52","status":"failed","statusDetails":"Users are not updated expected [200] but found [400]","time":{"start":1705507372626,"stop":1705507372683,"duration":57}},{"uid":"cbe056280abb5d67","status":"failed","statusDetails":"Users are not updated expected [200] but found [400]","time":{"start":1705506772311,"stop":1705506772352,"duration":41}},{"uid":"5981f16b3910ffc8","status":"failed","statusDetails":"Users are not updated expected [200] but found [400]","time":{"start":1705506644938,"stop":1705506644973,"duration":35}},{"uid":"d355db0301c62a87","status":"failed","statusDetails":"Users are not updated expected [200] but found [400]","time":{"start":1705506160592,"stop":1705506160633,"duration":41}},{"uid":"7a6aedafa730c130","status":"failed","statusDetails":"Users are not updated expected [200] but found [400]","time":{"start":1705506029645,"stop":1705506029761,"duration":116}},{"uid":"2dca16bbb179f098","status":"failed","statusDetails":"Users are not updated expected [200] but found [400]","time":{"start":1705418109748,"stop":1705418109795,"duration":47}}],"categories":[{"name":"Product defects","matchedStatuses":[],"flaky":false}],"history":{"statistic":{"failed":2,"broken":0,"skipped":0,"passed":3,"unknown":0,"total":5},"items":[{"uid":"8a566e95d98ba30b","reportUrl":"https://AnnaMa3.github.io/Fin--3101/11//#testresult/8a566e95d98ba30b","status":"failed","statusDetails":"Users are not updated expected [200] but found [400]","time":{"start":1707762302667,"stop":1707762302699,"duration":32}},{"uid":"9a704aaa16bd64f0","reportUrl":"https://AnnaMa3.github.io/Fin--3101/10//#testresult/9a704aaa16bd64f0","status":"passed","time":{"start":1706717304647,"stop":1706717304729,"duration":82}},{"uid":"6c9848f3214449be","reportUrl":"https://AnnaMa3.github.io/Fin--3101/9//#testresult/6c9848f3214449be","status":"passed","time":{"start":1706716679170,"stop":1706716679227,"duration":57}},{"uid":"b242baa63bdd1e7b","reportUrl":"https://AnnaMa3.github.io/Fin--3101/8//#testresult/b242baa63bdd1e7b","status":"passed","time":{"start":1706716194468,"stop":1706716194526,"duration":58}}]},"tags":[]},"source":"92fa9754f9c82525.json","parameterValues":[]}