{"uid":"367d1e2758565721","name":"getZipCodes","fullName":"com.coherent.aqa.java.training.api.matveenko.TokenTests.getZipCodes","historyId":"3e2df95398fa024a1a68e430495d3b34","time":{"start":1708356594686,"stop":1708356594738,"duration":52},"description":"Get ZipCodes Test","descriptionHtml":"<p>Get ZipCodes Test</p>\n","status":"failed","statusMessage":"Zip Codes is not available expected [201] but found [200]","statusTrace":"java.lang.AssertionError: Zip Codes is not available expected [201] but found [200]\n\tat org.testng.Assert.fail(Assert.java:111)\n\tat org.testng.Assert.failNotEquals(Assert.java:1578)\n\tat org.testng.Assert.assertEqualsImpl(Assert.java:150)\n\tat org.testng.Assert.assertEquals(Assert.java:132)\n\tat org.testng.Assert.assertEquals(Assert.java:1419)\n\tat org.testng.Assert.assertEquals(Assert.java:1383)\n\tat com.coherent.aqa.java.training.api.matveenko.base.ZipCodesHttpClient.executeGetZipCodeRequest(ZipCodesHttpClient.java:30)\n\tat com.coherent.aqa.java.training.api.matveenko.TokenTests.getZipCodes(TokenTests.java:107)\n\tat java.base/jdk.internal.reflect.NativeMethodAccessorImpl.invoke0(Native Method)\n\tat java.base/jdk.internal.reflect.NativeMethodAccessorImpl.invoke(NativeMethodAccessorImpl.java:62)\n\tat java.base/jdk.internal.reflect.DelegatingMethodAccessorImpl.invoke(DelegatingMethodAccessorImpl.java:43)\n\tat java.base/java.lang.reflect.Method.invoke(Method.java:566)\n\tat org.testng.internal.invokers.MethodInvocationHelper.invokeMethod(MethodInvocationHelper.java:139)\n\tat org.testng.internal.invokers.TestInvoker.invokeMethod(TestInvoker.java:664)\n\tat org.testng.internal.invokers.TestInvoker.invokeTestMethod(TestInvoker.java:227)\n\tat org.testng.internal.invokers.MethodRunner.runInSequence(MethodRunner.java:50)\n\tat org.testng.internal.invokers.TestInvoker$MethodInvocationAgent.invoke(TestInvoker.java:957)\n\tat org.testng.internal.invokers.TestInvoker.invokeTestMethods(TestInvoker.java:200)\n\tat org.testng.internal.invokers.TestMethodWorker.invokeTestMethods(TestMethodWorker.java:148)\n\tat org.testng.internal.invokers.TestMethodWorker.run(TestMethodWorker.java:128)\n\tat java.base/java.util.ArrayList.forEach(ArrayList.java:1541)\n\tat org.testng.TestRunner.privateRun(TestRunner.java:848)\n\tat org.testng.TestRunner.run(TestRunner.java:621)\n\tat org.testng.SuiteRunner.runTest(SuiteRunner.java:443)\n\tat org.testng.SuiteRunner.runSequentially(SuiteRunner.java:437)\n\tat org.testng.SuiteRunner.privateRun(SuiteRunner.java:397)\n\tat org.testng.SuiteRunner.run(SuiteRunner.java:336)\n\tat org.testng.SuiteRunnerWorker.runSuite(SuiteRunnerWorker.java:52)\n\tat org.testng.SuiteRunnerWorker.run(SuiteRunnerWorker.java:95)\n\tat org.testng.TestNG.runSuitesSequentially(TestNG.java:1280)\n\tat org.testng.TestNG.runSuitesLocally(TestNG.java:1200)\n\tat org.testng.TestNG.runSuites(TestNG.java:1114)\n\tat org.testng.TestNG.run(TestNG.java:1082)\n\tat org.apache.maven.surefire.testng.TestNGExecutor.run(TestNGExecutor.java:155)\n\tat org.apache.maven.surefire.testng.TestNGDirectoryTestSuite.executeMulti(TestNGDirectoryTestSuite.java:169)\n\tat org.apache.maven.surefire.testng.TestNGDirectoryTestSuite.execute(TestNGDirectoryTestSuite.java:88)\n\tat org.apache.maven.surefire.testng.TestNGProvider.invoke(TestNGProvider.java:137)\n\tat org.apache.maven.surefire.booter.ForkedBooter.runSuitesInProcess(ForkedBooter.java:385)\n\tat org.apache.maven.surefire.booter.ForkedBooter.execute(ForkedBooter.java:162)\n\tat org.apache.maven.surefire.booter.ForkedBooter.run(ForkedBooter.java:507)\n\tat org.apache.maven.surefire.booter.ForkedBooter.main(ForkedBooter.java:495)\n","flaky":false,"newFailed":true,"newBroken":false,"newPassed":false,"retriesCount":0,"retriesStatusChange":false,"beforeStages":[{"name":"setUp","time":{"start":1708356592367,"stop":1708356593371,"duration":1004},"description":"","status":"passed","steps":[],"attachments":[],"parameters":[],"shouldDisplayMessage":false,"stepsCount":0,"attachmentsCount":0,"hasContent":false,"attachmentStep":false}],"testStage":{"description":"Get ZipCodes Test","status":"failed","statusMessage":"Zip Codes is not available expected [201] but found [200]","statusTrace":"java.lang.AssertionError: Zip Codes is not available expected [201] but found [200]\n\tat org.testng.Assert.fail(Assert.java:111)\n\tat org.testng.Assert.failNotEquals(Assert.java:1578)\n\tat org.testng.Assert.assertEqualsImpl(Assert.java:150)\n\tat org.testng.Assert.assertEquals(Assert.java:132)\n\tat org.testng.Assert.assertEquals(Assert.java:1419)\n\tat org.testng.Assert.assertEquals(Assert.java:1383)\n\tat com.coherent.aqa.java.training.api.matveenko.base.ZipCodesHttpClient.executeGetZipCodeRequest(ZipCodesHttpClient.java:30)\n\tat com.coherent.aqa.java.training.api.matveenko.TokenTests.getZipCodes(TokenTests.java:107)\n\tat java.base/jdk.internal.reflect.NativeMethodAccessorImpl.invoke0(Native Method)\n\tat java.base/jdk.internal.reflect.NativeMethodAccessorImpl.invoke(NativeMethodAccessorImpl.java:62)\n\tat java.base/jdk.internal.reflect.DelegatingMethodAccessorImpl.invoke(DelegatingMethodAccessorImpl.java:43)\n\tat java.base/java.lang.reflect.Method.invoke(Method.java:566)\n\tat org.testng.internal.invokers.MethodInvocationHelper.invokeMethod(MethodInvocationHelper.java:139)\n\tat org.testng.internal.invokers.TestInvoker.invokeMethod(TestInvoker.java:664)\n\tat org.testng.internal.invokers.TestInvoker.invokeTestMethod(TestInvoker.java:227)\n\tat org.testng.internal.invokers.MethodRunner.runInSequence(MethodRunner.java:50)\n\tat org.testng.internal.invokers.TestInvoker$MethodInvocationAgent.invoke(TestInvoker.java:957)\n\tat org.testng.internal.invokers.TestInvoker.invokeTestMethods(TestInvoker.java:200)\n\tat org.testng.internal.invokers.TestMethodWorker.invokeTestMethods(TestMethodWorker.java:148)\n\tat org.testng.internal.invokers.TestMethodWorker.run(TestMethodWorker.java:128)\n\tat java.base/java.util.ArrayList.forEach(ArrayList.java:1541)\n\tat org.testng.TestRunner.privateRun(TestRunner.java:848)\n\tat org.testng.TestRunner.run(TestRunner.java:621)\n\tat org.testng.SuiteRunner.runTest(SuiteRunner.java:443)\n\tat org.testng.SuiteRunner.runSequentially(SuiteRunner.java:437)\n\tat org.testng.SuiteRunner.privateRun(SuiteRunner.java:397)\n\tat org.testng.SuiteRunner.run(SuiteRunner.java:336)\n\tat org.testng.SuiteRunnerWorker.runSuite(SuiteRunnerWorker.java:52)\n\tat org.testng.SuiteRunnerWorker.run(SuiteRunnerWorker.java:95)\n\tat org.testng.TestNG.runSuitesSequentially(TestNG.java:1280)\n\tat org.testng.TestNG.runSuitesLocally(TestNG.java:1200)\n\tat org.testng.TestNG.runSuites(TestNG.java:1114)\n\tat org.testng.TestNG.run(TestNG.java:1082)\n\tat org.apache.maven.surefire.testng.TestNGExecutor.run(TestNGExecutor.java:155)\n\tat org.apache.maven.surefire.testng.TestNGDirectoryTestSuite.executeMulti(TestNGDirectoryTestSuite.java:169)\n\tat org.apache.maven.surefire.testng.TestNGDirectoryTestSuite.execute(TestNGDirectoryTestSuite.java:88)\n\tat org.apache.maven.surefire.testng.TestNGProvider.invoke(TestNGProvider.java:137)\n\tat org.apache.maven.surefire.booter.ForkedBooter.runSuitesInProcess(ForkedBooter.java:385)\n\tat org.apache.maven.surefire.booter.ForkedBooter.execute(ForkedBooter.java:162)\n\tat org.apache.maven.surefire.booter.ForkedBooter.run(ForkedBooter.java:507)\n\tat org.apache.maven.surefire.booter.ForkedBooter.main(ForkedBooter.java:495)\n","steps":[{"name":"Step 1","time":{"start":1708356594687,"stop":1708356594737,"duration":50},"status":"failed","statusMessage":"Zip Codes is not available expected [201] but found [200]","statusTrace":"java.lang.AssertionError: Zip Codes is not available expected [201] but found [200]\n\tat org.testng.Assert.fail(Assert.java:111)\n\tat org.testng.Assert.failNotEquals(Assert.java:1578)\n\tat org.testng.Assert.assertEqualsImpl(Assert.java:150)\n\tat org.testng.Assert.assertEquals(Assert.java:132)\n\tat org.testng.Assert.assertEquals(Assert.java:1419)\n\tat org.testng.Assert.assertEquals(Assert.java:1383)\n\tat com.coherent.aqa.java.training.api.matveenko.base.ZipCodesHttpClient.executeGetZipCodeRequest(ZipCodesHttpClient.java:30)\n\tat com.coherent.aqa.java.training.api.matveenko.TokenTests.getZipCodes(TokenTests.java:107)\n\tat java.base/jdk.internal.reflect.NativeMethodAccessorImpl.invoke0(Native Method)\n\tat java.base/jdk.internal.reflect.NativeMethodAccessorImpl.invoke(NativeMethodAccessorImpl.java:62)\n\tat java.base/jdk.internal.reflect.DelegatingMethodAccessorImpl.invoke(DelegatingMethodAccessorImpl.java:43)\n\tat java.base/java.lang.reflect.Method.invoke(Method.java:566)\n\tat org.testng.internal.invokers.MethodInvocationHelper.invokeMethod(MethodInvocationHelper.java:139)\n\tat org.testng.internal.invokers.TestInvoker.invokeMethod(TestInvoker.java:664)\n\tat org.testng.internal.invokers.TestInvoker.invokeTestMethod(TestInvoker.java:227)\n\tat org.testng.internal.invokers.MethodRunner.runInSequence(MethodRunner.java:50)\n\tat org.testng.internal.invokers.TestInvoker$MethodInvocationAgent.invoke(TestInvoker.java:957)\n\tat org.testng.internal.invokers.TestInvoker.invokeTestMethods(TestInvoker.java:200)\n\tat org.testng.internal.invokers.TestMethodWorker.invokeTestMethods(TestMethodWorker.java:148)\n\tat org.testng.internal.invokers.TestMethodWorker.run(TestMethodWorker.java:128)\n\tat java.base/java.util.ArrayList.forEach(ArrayList.java:1541)\n\tat org.testng.TestRunner.privateRun(TestRunner.java:848)\n\tat org.testng.TestRunner.run(TestRunner.java:621)\n\tat org.testng.SuiteRunner.runTest(SuiteRunner.java:443)\n\tat org.testng.SuiteRunner.runSequentially(SuiteRunner.java:437)\n\tat org.testng.SuiteRunner.privateRun(SuiteRunner.java:397)\n\tat org.testng.SuiteRunner.run(SuiteRunner.java:336)\n\tat org.testng.SuiteRunnerWorker.runSuite(SuiteRunnerWorker.java:52)\n\tat org.testng.SuiteRunnerWorker.run(SuiteRunnerWorker.java:95)\n\tat org.testng.TestNG.runSuitesSequentially(TestNG.java:1280)\n\tat org.testng.TestNG.runSuitesLocally(TestNG.java:1200)\n\tat org.testng.TestNG.runSuites(TestNG.java:1114)\n\tat org.testng.TestNG.run(TestNG.java:1082)\n\tat org.apache.maven.surefire.testng.TestNGExecutor.run(TestNGExecutor.java:155)\n\tat org.apache.maven.surefire.testng.TestNGDirectoryTestSuite.executeMulti(TestNGDirectoryTestSuite.java:169)\n\tat org.apache.maven.surefire.testng.TestNGDirectoryTestSuite.execute(TestNGDirectoryTestSuite.java:88)\n\tat org.apache.maven.surefire.testng.TestNGProvider.invoke(TestNGProvider.java:137)\n\tat org.apache.maven.surefire.booter.ForkedBooter.runSuitesInProcess(ForkedBooter.java:385)\n\tat org.apache.maven.surefire.booter.ForkedBooter.execute(ForkedBooter.java:162)\n\tat org.apache.maven.surefire.booter.ForkedBooter.run(ForkedBooter.java:507)\n\tat org.apache.maven.surefire.booter.ForkedBooter.main(ForkedBooter.java:495)\n","steps":[],"attachments":[{"uid":"f4f56cbd5d09eea0","name":"Request.txt","source":"f4f56cbd5d09eea0.txt","type":"text/plain","size":416},{"uid":"b2fa425a6e2d11e0","name":"Request.txt","source":"b2fa425a6e2d11e0.txt","type":"text/plain","size":12}],"parameters":[],"shouldDisplayMessage":true,"stepsCount":0,"attachmentsCount":2,"hasContent":true,"attachmentStep":false}],"attachments":[],"parameters":[],"shouldDisplayMessage":false,"stepsCount":1,"attachmentsCount":2,"hasContent":true,"attachmentStep":false},"afterStages":[{"name":"closeHttpClient","time":{"start":1708356598137,"stop":1708356598138,"duration":1},"description":"","status":"passed","steps":[],"attachments":[],"parameters":[],"shouldDisplayMessage":false,"stepsCount":0,"attachmentsCount":0,"hasContent":false,"attachmentStep":false}],"labels":[{"name":"package","value":"com.coherent.aqa.java.training.api.matveenko.TokenTests"},{"name":"testClass","value":"com.coherent.aqa.java.training.api.matveenko.TokenTests"},{"name":"testMethod","value":"getZipCodes"},{"name":"parentSuite","value":"Surefire suite"},{"name":"suite","value":"Surefire test"},{"name":"subSuite","value":"com.coherent.aqa.java.training.api.matveenko.TokenTests"},{"name":"host","value":"fv-az1116-403"},{"name":"thread","value":"2404@fv-az1116-403.main(1)"},{"name":"framework","value":"testng"},{"name":"language","value":"java"},{"name":"feature","value":"Users"},{"name":"epic","value":"Tests"},{"name":"resultFormat","value":"allure2"}],"parameters":[],"links":[],"hidden":false,"retry":false,"extra":{"severity":"normal","retries":[],"categories":[{"name":"Product defects","matchedStatuses":[],"flaky":false}],"history":{"statistic":{"failed":1,"broken":0,"skipped":0,"passed":42,"unknown":0,"total":43},"items":[{"uid":"61fd207162752307","reportUrl":"https://AnnaMa3.github.io/Fin--3101/26//#testresult/61fd207162752307","status":"passed","time":{"start":1708355774640,"stop":1708355774690,"duration":50}},{"uid":"7a89efc2c2106d91","reportUrl":"https://AnnaMa3.github.io/Fin--3101/26//#testresult/7a89efc2c2106d91","status":"passed","time":{"start":1708355682790,"stop":1708355682830,"duration":40}},{"uid":"32d81baf5d54d4a6","reportUrl":"https://AnnaMa3.github.io/Fin--3101/21//#testresult/32d81baf5d54d4a6","status":"passed","time":{"start":1708350234244,"stop":1708350234274,"duration":30}},{"uid":"c23c5732b66325a","reportUrl":"https://AnnaMa3.github.io/Fin--3101/21//#testresult/c23c5732b66325a","status":"passed","time":{"start":1708349917073,"stop":1708349917096,"duration":23}},{"uid":"ce2778098d3ed768","reportUrl":"https://AnnaMa3.github.io/Fin--3101/25//#testresult/ce2778098d3ed768","status":"passed","time":{"start":1708349767688,"stop":1708349767713,"duration":25}},{"uid":"703f9ef182f9b5c","reportUrl":"https://AnnaMa3.github.io/Fin--3101/24//#testresult/703f9ef182f9b5c","status":"passed","time":{"start":1708349669385,"stop":1708349669412,"duration":27}},{"uid":"623da31e55b5544d","reportUrl":"https://AnnaMa3.github.io/Fin--3101/23//#testresult/623da31e55b5544d","status":"passed","time":{"start":1708349628233,"stop":1708349628264,"duration":31}},{"uid":"e891eac7d4089296","reportUrl":"https://AnnaMa3.github.io/Fin--3101/22//#testresult/e891eac7d4089296","status":"passed","time":{"start":1708349604631,"stop":1708349604652,"duration":21}},{"uid":"df91c134611cef3b","reportUrl":"https://AnnaMa3.github.io/Fin--3101/21//#testresult/df91c134611cef3b","status":"passed","time":{"start":1708336582005,"stop":1708336582039,"duration":34}},{"uid":"ed8a969b3acd272a","reportUrl":"https://AnnaMa3.github.io/Fin--3101/20//#testresult/ed8a969b3acd272a","status":"passed","time":{"start":1708335700038,"stop":1708335700070,"duration":32}},{"uid":"f5f7b63f965f0912","reportUrl":"https://AnnaMa3.github.io/Fin--3101/18//#testresult/f5f7b63f965f0912","status":"passed","time":{"start":1708025959239,"stop":1708025959262,"duration":23}},{"uid":"28b9d89a32043f3a","reportUrl":"https://AnnaMa3.github.io/Fin--3101/19//#testresult/28b9d89a32043f3a","status":"passed","time":{"start":1708025852652,"stop":1708025852676,"duration":24}},{"uid":"e81fa459c536bf50","reportUrl":"https://AnnaMa3.github.io/Fin--3101/18//#testresult/e81fa459c536bf50","status":"passed","time":{"start":1708025431468,"stop":1708025431490,"duration":22}},{"uid":"39a8e1cc4ab84697","reportUrl":"https://AnnaMa3.github.io/Fin--3101/18//#testresult/39a8e1cc4ab84697","status":"passed","time":{"start":1708018145375,"stop":1708018145398,"duration":23}},{"uid":"e8221780c4ed5fa1","reportUrl":"https://AnnaMa3.github.io/Fin--3101/18//#testresult/e8221780c4ed5fa1","status":"passed","time":{"start":1708018003264,"stop":1708018003297,"duration":33}},{"uid":"68f184888d54b14","reportUrl":"https://AnnaMa3.github.io/Fin--3101/18//#testresult/68f184888d54b14","status":"passed","time":{"start":1708017842595,"stop":1708017842623,"duration":28}},{"uid":"64343a06e50ce60","reportUrl":"https://AnnaMa3.github.io/Fin--3101/11//#testresult/64343a06e50ce60","status":"passed","time":{"start":1708017737769,"stop":1708017737810,"duration":41}},{"uid":"ee2dda0b03b45626","reportUrl":"https://AnnaMa3.github.io/Fin--3101/19//#testresult/ee2dda0b03b45626","status":"passed","time":{"start":1708017529404,"stop":1708017529427,"duration":23}},{"uid":"3a63dc4a8615d66f","reportUrl":"https://AnnaMa3.github.io/Fin--3101/19//#testresult/3a63dc4a8615d66f","status":"passed","time":{"start":1708017422889,"stop":1708017422923,"duration":34}},{"uid":"eaf6373d9ae5fcd3","reportUrl":"https://AnnaMa3.github.io/Fin--3101/18//#testresult/eaf6373d9ae5fcd3","status":"passed","time":{"start":1708017319135,"stop":1708017319175,"duration":40}}]},"tags":[]},"source":"367d1e2758565721.json","parameterValues":[]}