{"uid":"5bcf626a0f9cba17","name":"Upload Users Test","fullName":"com.coherent.aqa.java.training.api.matveenko.TokenTests.uploadUsers","historyId":"91a844e3a19919bf8f8e9efd322f41a7","time":{"start":1708356946294,"stop":1708356946333,"duration":39},"description":"Upload Users Test","descriptionHtml":"<p>Upload Users Test</p>\n","status":"failed","statusMessage":"Zip Codes is not available expected [201] but found [200]","statusTrace":"java.lang.AssertionError: Zip Codes is not available expected [201] but found [200]\n\tat org.testng.Assert.fail(Assert.java:111)\n\tat org.testng.Assert.failNotEquals(Assert.java:1578)\n\tat org.testng.Assert.assertEqualsImpl(Assert.java:150)\n\tat org.testng.Assert.assertEquals(Assert.java:132)\n\tat org.testng.Assert.assertEquals(Assert.java:1419)\n\tat org.testng.Assert.assertEquals(Assert.java:1383)\n\tat com.coherent.aqa.java.training.api.matveenko.base.ZipCodesHttpClient.executeGetZipCodeRequest(ZipCodesHttpClient.java:30)\n\tat com.coherent.aqa.java.training.api.matveenko.TokenTests.uploadUsers(TokenTests.java:231)\n\tat java.base/jdk.internal.reflect.NativeMethodAccessorImpl.invoke0(Native Method)\n\tat java.base/jdk.internal.reflect.NativeMethodAccessorImpl.invoke(NativeMethodAccessorImpl.java:62)\n\tat java.base/jdk.internal.reflect.DelegatingMethodAccessorImpl.invoke(DelegatingMethodAccessorImpl.java:43)\n\tat java.base/java.lang.reflect.Method.invoke(Method.java:566)\n\tat org.testng.internal.invokers.MethodInvocationHelper.invokeMethod(MethodInvocationHelper.java:139)\n\tat org.testng.internal.invokers.TestInvoker.invokeMethod(TestInvoker.java:664)\n\tat org.testng.internal.invokers.TestInvoker.invokeTestMethod(TestInvoker.java:227)\n\tat org.testng.internal.invokers.MethodRunner.runInSequence(MethodRunner.java:50)\n\tat org.testng.internal.invokers.TestInvoker$MethodInvocationAgent.invoke(TestInvoker.java:957)\n\tat org.testng.internal.invokers.TestInvoker.invokeTestMethods(TestInvoker.java:200)\n\tat org.testng.internal.invokers.TestMethodWorker.invokeTestMethods(TestMethodWorker.java:148)\n\tat org.testng.internal.invokers.TestMethodWorker.run(TestMethodWorker.java:128)\n\tat java.base/java.util.ArrayList.forEach(ArrayList.java:1541)\n\tat org.testng.TestRunner.privateRun(TestRunner.java:848)\n\tat org.testng.TestRunner.run(TestRunner.java:621)\n\tat org.testng.SuiteRunner.runTest(SuiteRunner.java:443)\n\tat org.testng.SuiteRunner.runSequentially(SuiteRunner.java:437)\n\tat org.testng.SuiteRunner.privateRun(SuiteRunner.java:397)\n\tat org.testng.SuiteRunner.run(SuiteRunner.java:336)\n\tat org.testng.SuiteRunnerWorker.runSuite(SuiteRunnerWorker.java:52)\n\tat org.testng.SuiteRunnerWorker.run(SuiteRunnerWorker.java:95)\n\tat org.testng.TestNG.runSuitesSequentially(TestNG.java:1280)\n\tat org.testng.TestNG.runSuitesLocally(TestNG.java:1200)\n\tat org.testng.TestNG.runSuites(TestNG.java:1114)\n\tat org.testng.TestNG.run(TestNG.java:1082)\n\tat org.apache.maven.surefire.testng.TestNGExecutor.run(TestNGExecutor.java:155)\n\tat org.apache.maven.surefire.testng.TestNGDirectoryTestSuite.executeMulti(TestNGDirectoryTestSuite.java:169)\n\tat org.apache.maven.surefire.testng.TestNGDirectoryTestSuite.execute(TestNGDirectoryTestSuite.java:88)\n\tat org.apache.maven.surefire.testng.TestNGProvider.invoke(TestNGProvider.java:137)\n\tat org.apache.maven.surefire.booter.ForkedBooter.runSuitesInProcess(ForkedBooter.java:385)\n\tat org.apache.maven.surefire.booter.ForkedBooter.execute(ForkedBooter.java:162)\n\tat org.apache.maven.surefire.booter.ForkedBooter.run(ForkedBooter.java:507)\n\tat org.apache.maven.surefire.booter.ForkedBooter.main(ForkedBooter.java:495)\n","flaky":false,"newFailed":false,"newBroken":false,"newPassed":false,"retriesCount":0,"retriesStatusChange":false,"beforeStages":[{"name":"setUp","time":{"start":1708356942928,"stop":1708356944291,"duration":1363},"description":"","status":"passed","steps":[],"attachments":[],"parameters":[],"shouldDisplayMessage":false,"stepsCount":0,"attachmentsCount":0,"hasContent":false,"attachmentStep":false}],"testStage":{"description":"Upload Users Test","status":"failed","statusMessage":"Zip Codes is not available expected [201] but found [200]","statusTrace":"java.lang.AssertionError: Zip Codes is not available expected [201] but found [200]\n\tat org.testng.Assert.fail(Assert.java:111)\n\tat org.testng.Assert.failNotEquals(Assert.java:1578)\n\tat org.testng.Assert.assertEqualsImpl(Assert.java:150)\n\tat org.testng.Assert.assertEquals(Assert.java:132)\n\tat org.testng.Assert.assertEquals(Assert.java:1419)\n\tat org.testng.Assert.assertEquals(Assert.java:1383)\n\tat com.coherent.aqa.java.training.api.matveenko.base.ZipCodesHttpClient.executeGetZipCodeRequest(ZipCodesHttpClient.java:30)\n\tat com.coherent.aqa.java.training.api.matveenko.TokenTests.uploadUsers(TokenTests.java:231)\n\tat java.base/jdk.internal.reflect.NativeMethodAccessorImpl.invoke0(Native Method)\n\tat java.base/jdk.internal.reflect.NativeMethodAccessorImpl.invoke(NativeMethodAccessorImpl.java:62)\n\tat java.base/jdk.internal.reflect.DelegatingMethodAccessorImpl.invoke(DelegatingMethodAccessorImpl.java:43)\n\tat java.base/java.lang.reflect.Method.invoke(Method.java:566)\n\tat org.testng.internal.invokers.MethodInvocationHelper.invokeMethod(MethodInvocationHelper.java:139)\n\tat org.testng.internal.invokers.TestInvoker.invokeMethod(TestInvoker.java:664)\n\tat org.testng.internal.invokers.TestInvoker.invokeTestMethod(TestInvoker.java:227)\n\tat org.testng.internal.invokers.MethodRunner.runInSequence(MethodRunner.java:50)\n\tat org.testng.internal.invokers.TestInvoker$MethodInvocationAgent.invoke(TestInvoker.java:957)\n\tat org.testng.internal.invokers.TestInvoker.invokeTestMethods(TestInvoker.java:200)\n\tat org.testng.internal.invokers.TestMethodWorker.invokeTestMethods(TestMethodWorker.java:148)\n\tat org.testng.internal.invokers.TestMethodWorker.run(TestMethodWorker.java:128)\n\tat java.base/java.util.ArrayList.forEach(ArrayList.java:1541)\n\tat org.testng.TestRunner.privateRun(TestRunner.java:848)\n\tat org.testng.TestRunner.run(TestRunner.java:621)\n\tat org.testng.SuiteRunner.runTest(SuiteRunner.java:443)\n\tat org.testng.SuiteRunner.runSequentially(SuiteRunner.java:437)\n\tat org.testng.SuiteRunner.privateRun(SuiteRunner.java:397)\n\tat org.testng.SuiteRunner.run(SuiteRunner.java:336)\n\tat org.testng.SuiteRunnerWorker.runSuite(SuiteRunnerWorker.java:52)\n\tat org.testng.SuiteRunnerWorker.run(SuiteRunnerWorker.java:95)\n\tat org.testng.TestNG.runSuitesSequentially(TestNG.java:1280)\n\tat org.testng.TestNG.runSuitesLocally(TestNG.java:1200)\n\tat org.testng.TestNG.runSuites(TestNG.java:1114)\n\tat org.testng.TestNG.run(TestNG.java:1082)\n\tat org.apache.maven.surefire.testng.TestNGExecutor.run(TestNGExecutor.java:155)\n\tat org.apache.maven.surefire.testng.TestNGDirectoryTestSuite.executeMulti(TestNGDirectoryTestSuite.java:169)\n\tat org.apache.maven.surefire.testng.TestNGDirectoryTestSuite.execute(TestNGDirectoryTestSuite.java:88)\n\tat org.apache.maven.surefire.testng.TestNGProvider.invoke(TestNGProvider.java:137)\n\tat org.apache.maven.surefire.booter.ForkedBooter.runSuitesInProcess(ForkedBooter.java:385)\n\tat org.apache.maven.surefire.booter.ForkedBooter.execute(ForkedBooter.java:162)\n\tat org.apache.maven.surefire.booter.ForkedBooter.run(ForkedBooter.java:507)\n\tat org.apache.maven.surefire.booter.ForkedBooter.main(ForkedBooter.java:495)\n","steps":[{"name":"Step 1","time":{"start":1708356946294,"stop":1708356946333,"duration":39},"status":"failed","statusMessage":"Zip Codes is not available expected [201] but found [200]","statusTrace":"java.lang.AssertionError: Zip Codes is not available expected [201] but found [200]\n\tat org.testng.Assert.fail(Assert.java:111)\n\tat org.testng.Assert.failNotEquals(Assert.java:1578)\n\tat org.testng.Assert.assertEqualsImpl(Assert.java:150)\n\tat org.testng.Assert.assertEquals(Assert.java:132)\n\tat org.testng.Assert.assertEquals(Assert.java:1419)\n\tat org.testng.Assert.assertEquals(Assert.java:1383)\n\tat com.coherent.aqa.java.training.api.matveenko.base.ZipCodesHttpClient.executeGetZipCodeRequest(ZipCodesHttpClient.java:30)\n\tat com.coherent.aqa.java.training.api.matveenko.TokenTests.uploadUsers(TokenTests.java:231)\n\tat java.base/jdk.internal.reflect.NativeMethodAccessorImpl.invoke0(Native Method)\n\tat java.base/jdk.internal.reflect.NativeMethodAccessorImpl.invoke(NativeMethodAccessorImpl.java:62)\n\tat java.base/jdk.internal.reflect.DelegatingMethodAccessorImpl.invoke(DelegatingMethodAccessorImpl.java:43)\n\tat java.base/java.lang.reflect.Method.invoke(Method.java:566)\n\tat org.testng.internal.invokers.MethodInvocationHelper.invokeMethod(MethodInvocationHelper.java:139)\n\tat org.testng.internal.invokers.TestInvoker.invokeMethod(TestInvoker.java:664)\n\tat org.testng.internal.invokers.TestInvoker.invokeTestMethod(TestInvoker.java:227)\n\tat org.testng.internal.invokers.MethodRunner.runInSequence(MethodRunner.java:50)\n\tat org.testng.internal.invokers.TestInvoker$MethodInvocationAgent.invoke(TestInvoker.java:957)\n\tat org.testng.internal.invokers.TestInvoker.invokeTestMethods(TestInvoker.java:200)\n\tat org.testng.internal.invokers.TestMethodWorker.invokeTestMethods(TestMethodWorker.java:148)\n\tat org.testng.internal.invokers.TestMethodWorker.run(TestMethodWorker.java:128)\n\tat java.base/java.util.ArrayList.forEach(ArrayList.java:1541)\n\tat org.testng.TestRunner.privateRun(TestRunner.java:848)\n\tat org.testng.TestRunner.run(TestRunner.java:621)\n\tat org.testng.SuiteRunner.runTest(SuiteRunner.java:443)\n\tat org.testng.SuiteRunner.runSequentially(SuiteRunner.java:437)\n\tat org.testng.SuiteRunner.privateRun(SuiteRunner.java:397)\n\tat org.testng.SuiteRunner.run(SuiteRunner.java:336)\n\tat org.testng.SuiteRunnerWorker.runSuite(SuiteRunnerWorker.java:52)\n\tat org.testng.SuiteRunnerWorker.run(SuiteRunnerWorker.java:95)\n\tat org.testng.TestNG.runSuitesSequentially(TestNG.java:1280)\n\tat org.testng.TestNG.runSuitesLocally(TestNG.java:1200)\n\tat org.testng.TestNG.runSuites(TestNG.java:1114)\n\tat org.testng.TestNG.run(TestNG.java:1082)\n\tat org.apache.maven.surefire.testng.TestNGExecutor.run(TestNGExecutor.java:155)\n\tat org.apache.maven.surefire.testng.TestNGDirectoryTestSuite.executeMulti(TestNGDirectoryTestSuite.java:169)\n\tat org.apache.maven.surefire.testng.TestNGDirectoryTestSuite.execute(TestNGDirectoryTestSuite.java:88)\n\tat org.apache.maven.surefire.testng.TestNGProvider.invoke(TestNGProvider.java:137)\n\tat org.apache.maven.surefire.booter.ForkedBooter.runSuitesInProcess(ForkedBooter.java:385)\n\tat org.apache.maven.surefire.booter.ForkedBooter.execute(ForkedBooter.java:162)\n\tat org.apache.maven.surefire.booter.ForkedBooter.run(ForkedBooter.java:507)\n\tat org.apache.maven.surefire.booter.ForkedBooter.main(ForkedBooter.java:495)\n","steps":[],"attachments":[{"uid":"d0df5a2190a7e920","name":"Request.txt","source":"d0df5a2190a7e920.txt","type":"text/plain","size":389},{"uid":"dff4e2f08dab0b70","name":"Request.txt","source":"dff4e2f08dab0b70.txt","type":"text/plain","size":12}],"parameters":[],"shouldDisplayMessage":true,"stepsCount":0,"attachmentsCount":2,"hasContent":true,"attachmentStep":false}],"attachments":[],"parameters":[],"shouldDisplayMessage":false,"stepsCount":1,"attachmentsCount":2,"hasContent":true,"attachmentStep":false},"afterStages":[{"name":"closeHttpClient","time":{"start":1708356949353,"stop":1708356949354,"duration":1},"description":"","status":"passed","steps":[],"attachments":[],"parameters":[],"shouldDisplayMessage":false,"stepsCount":0,"attachmentsCount":0,"hasContent":false,"attachmentStep":false}],"labels":[{"name":"package","value":"com.coherent.aqa.java.training.api.matveenko.TokenTests"},{"name":"testClass","value":"com.coherent.aqa.java.training.api.matveenko.TokenTests"},{"name":"testMethod","value":"uploadUsers"},{"name":"parentSuite","value":"Surefire suite"},{"name":"suite","value":"Surefire test"},{"name":"subSuite","value":"com.coherent.aqa.java.training.api.matveenko.TokenTests"},{"name":"host","value":"fv-az881-566"},{"name":"thread","value":"2426@fv-az881-566.main(1)"},{"name":"framework","value":"testng"},{"name":"language","value":"java"},{"name":"feature","value":"Users"},{"name":"epic","value":"Tests"},{"name":"resultFormat","value":"allure2"}],"parameters":[],"links":[],"hidden":false,"retry":false,"extra":{"severity":"normal","retries":[],"categories":[{"name":"Product defects","matchedStatuses":[],"flaky":false}],"history":{"statistic":{"failed":3,"broken":0,"skipped":0,"passed":42,"unknown":0,"total":45},"items":[{"uid":"f692a0b8330f1853","reportUrl":"https://AnnaMa3.github.io/Fin--3101/27//#testresult/f692a0b8330f1853","status":"failed","statusDetails":"Zip Codes is not available expected [201] but found [200]","time":{"start":1708356756683,"stop":1708356756722,"duration":39}},{"uid":"d4a6dab3affdc40","reportUrl":"https://AnnaMa3.github.io/Fin--3101/27//#testresult/d4a6dab3affdc40","status":"failed","statusDetails":"Zip Codes is not available expected [201] but found [200]","time":{"start":1708356595231,"stop":1708356595283,"duration":52}},{"uid":"b200c199d0a13c48","reportUrl":"https://AnnaMa3.github.io/Fin--3101/26//#testresult/b200c199d0a13c48","status":"passed","time":{"start":1708355774383,"stop":1708355774629,"duration":246}},{"uid":"fcca5ea797d8873f","reportUrl":"https://AnnaMa3.github.io/Fin--3101/26//#testresult/fcca5ea797d8873f","status":"passed","time":{"start":1708355682517,"stop":1708355682787,"duration":270}},{"uid":"f38cb22e70fc9de8","reportUrl":"https://AnnaMa3.github.io/Fin--3101/21//#testresult/f38cb22e70fc9de8","status":"passed","time":{"start":1708350234615,"stop":1708350235062,"duration":447}},{"uid":"7c8e3bbaf008fca5","reportUrl":"https://AnnaMa3.github.io/Fin--3101/21//#testresult/7c8e3bbaf008fca5","status":"passed","time":{"start":1708349917413,"stop":1708349917675,"duration":262}},{"uid":"36b33c1b4cfe52d5","reportUrl":"https://AnnaMa3.github.io/Fin--3101/25//#testresult/36b33c1b4cfe52d5","status":"passed","time":{"start":1708349768153,"stop":1708349768406,"duration":253}},{"uid":"fae85b21526fda4b","reportUrl":"https://AnnaMa3.github.io/Fin--3101/24//#testresult/fae85b21526fda4b","status":"passed","time":{"start":1708349669793,"stop":1708349669984,"duration":191}},{"uid":"125a6b73b7dcbdd9","reportUrl":"https://AnnaMa3.github.io/Fin--3101/23//#testresult/125a6b73b7dcbdd9","status":"passed","time":{"start":1708349628581,"stop":1708349628787,"duration":206}},{"uid":"c36ab240233f144b","reportUrl":"https://AnnaMa3.github.io/Fin--3101/22//#testresult/c36ab240233f144b","status":"passed","time":{"start":1708349604985,"stop":1708349605215,"duration":230}},{"uid":"fc53dad35a4b0f89","reportUrl":"https://AnnaMa3.github.io/Fin--3101/21//#testresult/fc53dad35a4b0f89","status":"passed","time":{"start":1708336582409,"stop":1708336582630,"duration":221}},{"uid":"ed375de3b0508925","reportUrl":"https://AnnaMa3.github.io/Fin--3101/20//#testresult/ed375de3b0508925","status":"passed","time":{"start":1708335700381,"stop":1708335700568,"duration":187}},{"uid":"4ed4b021a7ed8e7","reportUrl":"https://AnnaMa3.github.io/Fin--3101/18//#testresult/4ed4b021a7ed8e7","status":"passed","time":{"start":1708025959578,"stop":1708025959791,"duration":213}},{"uid":"45bd150a0aedd0b5","reportUrl":"https://AnnaMa3.github.io/Fin--3101/19//#testresult/45bd150a0aedd0b5","status":"passed","time":{"start":1708025852992,"stop":1708025853184,"duration":192}},{"uid":"61a83cbec671f533","reportUrl":"https://AnnaMa3.github.io/Fin--3101/18//#testresult/61a83cbec671f533","status":"passed","time":{"start":1708025431830,"stop":1708025432063,"duration":233}},{"uid":"d0c7d37816077c5a","reportUrl":"https://AnnaMa3.github.io/Fin--3101/18//#testresult/d0c7d37816077c5a","status":"passed","time":{"start":1708018145718,"stop":1708018145947,"duration":229}},{"uid":"ab8f0d8b94ff2628","reportUrl":"https://AnnaMa3.github.io/Fin--3101/18//#testresult/ab8f0d8b94ff2628","status":"passed","time":{"start":1708018003596,"stop":1708018003801,"duration":205}},{"uid":"cacba199827e6548","reportUrl":"https://AnnaMa3.github.io/Fin--3101/18//#testresult/cacba199827e6548","status":"passed","time":{"start":1708017842978,"stop":1708017843205,"duration":227}},{"uid":"61f82fb2e68203eb","reportUrl":"https://AnnaMa3.github.io/Fin--3101/11//#testresult/61f82fb2e68203eb","status":"passed","time":{"start":1708017738172,"stop":1708017738379,"duration":207}},{"uid":"8dccf12e3def05db","reportUrl":"https://AnnaMa3.github.io/Fin--3101/19//#testresult/8dccf12e3def05db","status":"passed","time":{"start":1708017529773,"stop":1708017529987,"duration":214}}]},"tags":[]},"source":"5bcf626a0f9cba17.json","parameterValues":[]}