{"uid":"92fcdab6faf9621d","name":"postZipCodes","fullName":"com.coherent.aqa.java.training.api.matveenko.TokenTests.postZipCodes","historyId":"3af93a716316d08c6e9719128321f11f","time":{"start":1708356945788,"stop":1708356945855,"duration":67},"description":"Post ZipCodes Test","descriptionHtml":"<p>Post ZipCodes Test</p>\n","status":"failed","statusMessage":"Zip Codes is not available expected [200] but found [201]","statusTrace":"java.lang.AssertionError: Zip Codes is not available expected [200] but found [201]\n\tat org.testng.Assert.fail(Assert.java:111)\n\tat org.testng.Assert.failNotEquals(Assert.java:1578)\n\tat org.testng.Assert.assertEqualsImpl(Assert.java:150)\n\tat org.testng.Assert.assertEquals(Assert.java:132)\n\tat org.testng.Assert.assertEquals(Assert.java:1419)\n\tat org.testng.Assert.assertEquals(Assert.java:1383)\n\tat com.coherent.aqa.java.training.api.matveenko.base.ZipCodesHttpClient.executePostZipCodeRequest(ZipCodesHttpClient.java:54)\n\tat com.coherent.aqa.java.training.api.matveenko.TokenTests.postZipCodes(TokenTests.java:121)\n\tat java.base/jdk.internal.reflect.NativeMethodAccessorImpl.invoke0(Native Method)\n\tat java.base/jdk.internal.reflect.NativeMethodAccessorImpl.invoke(NativeMethodAccessorImpl.java:62)\n\tat java.base/jdk.internal.reflect.DelegatingMethodAccessorImpl.invoke(DelegatingMethodAccessorImpl.java:43)\n\tat java.base/java.lang.reflect.Method.invoke(Method.java:566)\n\tat org.testng.internal.invokers.MethodInvocationHelper.invokeMethod(MethodInvocationHelper.java:139)\n\tat org.testng.internal.invokers.TestInvoker.invokeMethod(TestInvoker.java:664)\n\tat org.testng.internal.invokers.TestInvoker.invokeTestMethod(TestInvoker.java:227)\n\tat org.testng.internal.invokers.MethodRunner.runInSequence(MethodRunner.java:50)\n\tat org.testng.internal.invokers.TestInvoker$MethodInvocationAgent.invoke(TestInvoker.java:957)\n\tat org.testng.internal.invokers.TestInvoker.invokeTestMethods(TestInvoker.java:200)\n\tat org.testng.internal.invokers.TestMethodWorker.invokeTestMethods(TestMethodWorker.java:148)\n\tat org.testng.internal.invokers.TestMethodWorker.run(TestMethodWorker.java:128)\n\tat java.base/java.util.ArrayList.forEach(ArrayList.java:1541)\n\tat org.testng.TestRunner.privateRun(TestRunner.java:848)\n\tat org.testng.TestRunner.run(TestRunner.java:621)\n\tat org.testng.SuiteRunner.runTest(SuiteRunner.java:443)\n\tat org.testng.SuiteRunner.runSequentially(SuiteRunner.java:437)\n\tat org.testng.SuiteRunner.privateRun(SuiteRunner.java:397)\n\tat org.testng.SuiteRunner.run(SuiteRunner.java:336)\n\tat org.testng.SuiteRunnerWorker.runSuite(SuiteRunnerWorker.java:52)\n\tat org.testng.SuiteRunnerWorker.run(SuiteRunnerWorker.java:95)\n\tat org.testng.TestNG.runSuitesSequentially(TestNG.java:1280)\n\tat org.testng.TestNG.runSuitesLocally(TestNG.java:1200)\n\tat org.testng.TestNG.runSuites(TestNG.java:1114)\n\tat org.testng.TestNG.run(TestNG.java:1082)\n\tat org.apache.maven.surefire.testng.TestNGExecutor.run(TestNGExecutor.java:155)\n\tat org.apache.maven.surefire.testng.TestNGDirectoryTestSuite.executeMulti(TestNGDirectoryTestSuite.java:169)\n\tat org.apache.maven.surefire.testng.TestNGDirectoryTestSuite.execute(TestNGDirectoryTestSuite.java:88)\n\tat org.apache.maven.surefire.testng.TestNGProvider.invoke(TestNGProvider.java:137)\n\tat org.apache.maven.surefire.booter.ForkedBooter.runSuitesInProcess(ForkedBooter.java:385)\n\tat org.apache.maven.surefire.booter.ForkedBooter.execute(ForkedBooter.java:162)\n\tat org.apache.maven.surefire.booter.ForkedBooter.run(ForkedBooter.java:507)\n\tat org.apache.maven.surefire.booter.ForkedBooter.main(ForkedBooter.java:495)\n","flaky":false,"newFailed":true,"newBroken":false,"newPassed":false,"retriesCount":0,"retriesStatusChange":false,"beforeStages":[{"name":"setUp","time":{"start":1708356942928,"stop":1708356944291,"duration":1363},"description":"","status":"passed","steps":[],"attachments":[],"parameters":[],"shouldDisplayMessage":false,"stepsCount":0,"attachmentsCount":0,"hasContent":false,"attachmentStep":false}],"testStage":{"description":"Post ZipCodes Test","status":"failed","statusMessage":"Zip Codes is not available expected [200] but found [201]","statusTrace":"java.lang.AssertionError: Zip Codes is not available expected [200] but found [201]\n\tat org.testng.Assert.fail(Assert.java:111)\n\tat org.testng.Assert.failNotEquals(Assert.java:1578)\n\tat org.testng.Assert.assertEqualsImpl(Assert.java:150)\n\tat org.testng.Assert.assertEquals(Assert.java:132)\n\tat org.testng.Assert.assertEquals(Assert.java:1419)\n\tat org.testng.Assert.assertEquals(Assert.java:1383)\n\tat com.coherent.aqa.java.training.api.matveenko.base.ZipCodesHttpClient.executePostZipCodeRequest(ZipCodesHttpClient.java:54)\n\tat com.coherent.aqa.java.training.api.matveenko.TokenTests.postZipCodes(TokenTests.java:121)\n\tat java.base/jdk.internal.reflect.NativeMethodAccessorImpl.invoke0(Native Method)\n\tat java.base/jdk.internal.reflect.NativeMethodAccessorImpl.invoke(NativeMethodAccessorImpl.java:62)\n\tat java.base/jdk.internal.reflect.DelegatingMethodAccessorImpl.invoke(DelegatingMethodAccessorImpl.java:43)\n\tat java.base/java.lang.reflect.Method.invoke(Method.java:566)\n\tat org.testng.internal.invokers.MethodInvocationHelper.invokeMethod(MethodInvocationHelper.java:139)\n\tat org.testng.internal.invokers.TestInvoker.invokeMethod(TestInvoker.java:664)\n\tat org.testng.internal.invokers.TestInvoker.invokeTestMethod(TestInvoker.java:227)\n\tat org.testng.internal.invokers.MethodRunner.runInSequence(MethodRunner.java:50)\n\tat org.testng.internal.invokers.TestInvoker$MethodInvocationAgent.invoke(TestInvoker.java:957)\n\tat org.testng.internal.invokers.TestInvoker.invokeTestMethods(TestInvoker.java:200)\n\tat org.testng.internal.invokers.TestMethodWorker.invokeTestMethods(TestMethodWorker.java:148)\n\tat org.testng.internal.invokers.TestMethodWorker.run(TestMethodWorker.java:128)\n\tat java.base/java.util.ArrayList.forEach(ArrayList.java:1541)\n\tat org.testng.TestRunner.privateRun(TestRunner.java:848)\n\tat org.testng.TestRunner.run(TestRunner.java:621)\n\tat org.testng.SuiteRunner.runTest(SuiteRunner.java:443)\n\tat org.testng.SuiteRunner.runSequentially(SuiteRunner.java:437)\n\tat org.testng.SuiteRunner.privateRun(SuiteRunner.java:397)\n\tat org.testng.SuiteRunner.run(SuiteRunner.java:336)\n\tat org.testng.SuiteRunnerWorker.runSuite(SuiteRunnerWorker.java:52)\n\tat org.testng.SuiteRunnerWorker.run(SuiteRunnerWorker.java:95)\n\tat org.testng.TestNG.runSuitesSequentially(TestNG.java:1280)\n\tat org.testng.TestNG.runSuitesLocally(TestNG.java:1200)\n\tat org.testng.TestNG.runSuites(TestNG.java:1114)\n\tat org.testng.TestNG.run(TestNG.java:1082)\n\tat org.apache.maven.surefire.testng.TestNGExecutor.run(TestNGExecutor.java:155)\n\tat org.apache.maven.surefire.testng.TestNGDirectoryTestSuite.executeMulti(TestNGDirectoryTestSuite.java:169)\n\tat org.apache.maven.surefire.testng.TestNGDirectoryTestSuite.execute(TestNGDirectoryTestSuite.java:88)\n\tat org.apache.maven.surefire.testng.TestNGProvider.invoke(TestNGProvider.java:137)\n\tat org.apache.maven.surefire.booter.ForkedBooter.runSuitesInProcess(ForkedBooter.java:385)\n\tat org.apache.maven.surefire.booter.ForkedBooter.execute(ForkedBooter.java:162)\n\tat org.apache.maven.surefire.booter.ForkedBooter.run(ForkedBooter.java:507)\n\tat org.apache.maven.surefire.booter.ForkedBooter.main(ForkedBooter.java:495)\n","steps":[{"name":"Step 1","time":{"start":1708356945789,"stop":1708356945854,"duration":65},"status":"failed","statusMessage":"Zip Codes is not available expected [200] but found [201]","statusTrace":"java.lang.AssertionError: Zip Codes is not available expected [200] but found [201]\n\tat org.testng.Assert.fail(Assert.java:111)\n\tat org.testng.Assert.failNotEquals(Assert.java:1578)\n\tat org.testng.Assert.assertEqualsImpl(Assert.java:150)\n\tat org.testng.Assert.assertEquals(Assert.java:132)\n\tat org.testng.Assert.assertEquals(Assert.java:1419)\n\tat org.testng.Assert.assertEquals(Assert.java:1383)\n\tat com.coherent.aqa.java.training.api.matveenko.base.ZipCodesHttpClient.executePostZipCodeRequest(ZipCodesHttpClient.java:54)\n\tat com.coherent.aqa.java.training.api.matveenko.TokenTests.postZipCodes(TokenTests.java:121)\n\tat java.base/jdk.internal.reflect.NativeMethodAccessorImpl.invoke0(Native Method)\n\tat java.base/jdk.internal.reflect.NativeMethodAccessorImpl.invoke(NativeMethodAccessorImpl.java:62)\n\tat java.base/jdk.internal.reflect.DelegatingMethodAccessorImpl.invoke(DelegatingMethodAccessorImpl.java:43)\n\tat java.base/java.lang.reflect.Method.invoke(Method.java:566)\n\tat org.testng.internal.invokers.MethodInvocationHelper.invokeMethod(MethodInvocationHelper.java:139)\n\tat org.testng.internal.invokers.TestInvoker.invokeMethod(TestInvoker.java:664)\n\tat org.testng.internal.invokers.TestInvoker.invokeTestMethod(TestInvoker.java:227)\n\tat org.testng.internal.invokers.MethodRunner.runInSequence(MethodRunner.java:50)\n\tat org.testng.internal.invokers.TestInvoker$MethodInvocationAgent.invoke(TestInvoker.java:957)\n\tat org.testng.internal.invokers.TestInvoker.invokeTestMethods(TestInvoker.java:200)\n\tat org.testng.internal.invokers.TestMethodWorker.invokeTestMethods(TestMethodWorker.java:148)\n\tat org.testng.internal.invokers.TestMethodWorker.run(TestMethodWorker.java:128)\n\tat java.base/java.util.ArrayList.forEach(ArrayList.java:1541)\n\tat org.testng.TestRunner.privateRun(TestRunner.java:848)\n\tat org.testng.TestRunner.run(TestRunner.java:621)\n\tat org.testng.SuiteRunner.runTest(SuiteRunner.java:443)\n\tat org.testng.SuiteRunner.runSequentially(SuiteRunner.java:437)\n\tat org.testng.SuiteRunner.privateRun(SuiteRunner.java:397)\n\tat org.testng.SuiteRunner.run(SuiteRunner.java:336)\n\tat org.testng.SuiteRunnerWorker.runSuite(SuiteRunnerWorker.java:52)\n\tat org.testng.SuiteRunnerWorker.run(SuiteRunnerWorker.java:95)\n\tat org.testng.TestNG.runSuitesSequentially(TestNG.java:1280)\n\tat org.testng.TestNG.runSuitesLocally(TestNG.java:1200)\n\tat org.testng.TestNG.runSuites(TestNG.java:1114)\n\tat org.testng.TestNG.run(TestNG.java:1082)\n\tat org.apache.maven.surefire.testng.TestNGExecutor.run(TestNGExecutor.java:155)\n\tat org.apache.maven.surefire.testng.TestNGDirectoryTestSuite.executeMulti(TestNGDirectoryTestSuite.java:169)\n\tat org.apache.maven.surefire.testng.TestNGDirectoryTestSuite.execute(TestNGDirectoryTestSuite.java:88)\n\tat org.apache.maven.surefire.testng.TestNGProvider.invoke(TestNGProvider.java:137)\n\tat org.apache.maven.surefire.booter.ForkedBooter.runSuitesInProcess(ForkedBooter.java:385)\n\tat org.apache.maven.surefire.booter.ForkedBooter.execute(ForkedBooter.java:162)\n\tat org.apache.maven.surefire.booter.ForkedBooter.run(ForkedBooter.java:507)\n\tat org.apache.maven.surefire.booter.ForkedBooter.main(ForkedBooter.java:495)\n","steps":[],"attachments":[{"uid":"83de93b45a3ca233","name":"Request.txt","source":"83de93b45a3ca233.txt","type":"text/plain","size":393},{"uid":"7ec0cc252ba287ec","name":"Request.txt","source":"7ec0cc252ba287ec.txt","type":"text/plain","size":9}],"parameters":[{"name":"zipcode","value":"[88888]"}],"shouldDisplayMessage":true,"stepsCount":0,"attachmentsCount":2,"hasContent":true,"attachmentStep":false}],"attachments":[],"parameters":[],"shouldDisplayMessage":false,"stepsCount":1,"attachmentsCount":2,"hasContent":true,"attachmentStep":false},"afterStages":[{"name":"closeHttpClient","time":{"start":1708356949353,"stop":1708356949354,"duration":1},"description":"","status":"passed","steps":[],"attachments":[],"parameters":[],"shouldDisplayMessage":false,"stepsCount":0,"attachmentsCount":0,"hasContent":false,"attachmentStep":false}],"labels":[{"name":"package","value":"com.coherent.aqa.java.training.api.matveenko.TokenTests"},{"name":"testClass","value":"com.coherent.aqa.java.training.api.matveenko.TokenTests"},{"name":"testMethod","value":"postZipCodes"},{"name":"parentSuite","value":"Surefire suite"},{"name":"suite","value":"Surefire test"},{"name":"subSuite","value":"com.coherent.aqa.java.training.api.matveenko.TokenTests"},{"name":"host","value":"fv-az881-566"},{"name":"thread","value":"2426@fv-az881-566.main(1)"},{"name":"framework","value":"testng"},{"name":"language","value":"java"},{"name":"feature","value":"Users"},{"name":"epic","value":"Tests"},{"name":"resultFormat","value":"allure2"}],"parameters":[{"name":"arg0","value":"[88888]"}],"links":[{"name":"Bug","type":"custom"}],"hidden":false,"retry":false,"extra":{"severity":"normal","retries":[],"categories":[{"name":"Product defects","matchedStatuses":[],"flaky":false}],"history":{"statistic":{"failed":1,"broken":0,"skipped":0,"passed":30,"unknown":0,"total":31},"items":[{"uid":"90baec865e40c80d","reportUrl":"https://AnnaMa3.github.io/Fin--3101/27//#testresult/90baec865e40c80d","status":"passed","time":{"start":1708356756098,"stop":1708356756204,"duration":106}},{"uid":"bba2b67e0f126a02","reportUrl":"https://AnnaMa3.github.io/Fin--3101/27//#testresult/bba2b67e0f126a02","status":"passed","time":{"start":1708356594754,"stop":1708356594834,"duration":80}},{"uid":"1873e5606cad7102","reportUrl":"https://AnnaMa3.github.io/Fin--3101/26//#testresult/1873e5606cad7102","status":"passed","time":{"start":1708355774305,"stop":1708355774339,"duration":34}},{"uid":"9a10c43600002793","reportUrl":"https://AnnaMa3.github.io/Fin--3101/26//#testresult/9a10c43600002793","status":"passed","time":{"start":1708355682448,"stop":1708355682475,"duration":27}},{"uid":"8237fdb7bffa9856","reportUrl":"https://AnnaMa3.github.io/Fin--3101/21//#testresult/8237fdb7bffa9856","status":"passed","time":{"start":1708350234120,"stop":1708350234207,"duration":87}},{"uid":"61cbc078db27f2e3","reportUrl":"https://AnnaMa3.github.io/Fin--3101/21//#testresult/61cbc078db27f2e3","status":"passed","time":{"start":1708349916962,"stop":1708349917046,"duration":84}},{"uid":"12bbe10862f1dc94","reportUrl":"https://AnnaMa3.github.io/Fin--3101/25//#testresult/12bbe10862f1dc94","status":"passed","time":{"start":1708349767580,"stop":1708349767659,"duration":79}},{"uid":"39d0c835d164e64e","reportUrl":"https://AnnaMa3.github.io/Fin--3101/24//#testresult/39d0c835d164e64e","status":"passed","time":{"start":1708349669238,"stop":1708349669355,"duration":117}},{"uid":"9576282aef6ac2d5","reportUrl":"https://AnnaMa3.github.io/Fin--3101/23//#testresult/9576282aef6ac2d5","status":"passed","time":{"start":1708349628114,"stop":1708349628204,"duration":90}},{"uid":"fc461559ff8a8149","reportUrl":"https://AnnaMa3.github.io/Fin--3101/22//#testresult/fc461559ff8a8149","status":"passed","time":{"start":1708349604511,"stop":1708349604598,"duration":87}},{"uid":"12e82ef539cb4955","reportUrl":"https://AnnaMa3.github.io/Fin--3101/21//#testresult/12e82ef539cb4955","status":"passed","time":{"start":1708336581859,"stop":1708336581970,"duration":111}},{"uid":"df6202f4a67ccf5f","reportUrl":"https://AnnaMa3.github.io/Fin--3101/20//#testresult/df6202f4a67ccf5f","status":"passed","time":{"start":1708335699939,"stop":1708335700007,"duration":68}},{"uid":"235c0e86ab84577","reportUrl":"https://AnnaMa3.github.io/Fin--3101/18//#testresult/235c0e86ab84577","status":"passed","time":{"start":1708025959137,"stop":1708025959211,"duration":74}},{"uid":"cb8e7c619ae73622","reportUrl":"https://AnnaMa3.github.io/Fin--3101/19//#testresult/cb8e7c619ae73622","status":"passed","time":{"start":1708025852541,"stop":1708025852626,"duration":85}},{"uid":"e7ae31f0f0f9c21b","reportUrl":"https://AnnaMa3.github.io/Fin--3101/18//#testresult/e7ae31f0f0f9c21b","status":"passed","time":{"start":1708025431366,"stop":1708025431441,"duration":75}},{"uid":"737270dc39eef969","reportUrl":"https://AnnaMa3.github.io/Fin--3101/18//#testresult/737270dc39eef969","status":"passed","time":{"start":1708018145275,"stop":1708018145348,"duration":73}},{"uid":"b2f87cc69f0b6184","reportUrl":"https://AnnaMa3.github.io/Fin--3101/18//#testresult/b2f87cc69f0b6184","status":"passed","time":{"start":1708018003158,"stop":1708018003235,"duration":77}},{"uid":"84270bd3624e2882","reportUrl":"https://AnnaMa3.github.io/Fin--3101/18//#testresult/84270bd3624e2882","status":"passed","time":{"start":1708017842440,"stop":1708017842559,"duration":119}},{"uid":"ed009577c4c78df8","reportUrl":"https://AnnaMa3.github.io/Fin--3101/19//#testresult/ed009577c4c78df8","status":"passed","time":{"start":1708017529285,"stop":1708017529370,"duration":85}},{"uid":"f9b56880d00e96d5","reportUrl":"https://AnnaMa3.github.io/Fin--3101/19//#testresult/f9b56880d00e96d5","status":"passed","time":{"start":1708017422748,"stop":1708017422858,"duration":110}}]},"tags":[]},"source":"92fcdab6faf9621d.json","parameterValues":["[88888]"]}