{"uid":"af016f3601ea2039","name":"Delete Users Test","fullName":"com.coherent.aqa.java.training.api.matveenko.TokenTests.deleteUser","historyId":"1d1a1b7bc8a788df7ecd5fa7812d1c0","time":{"start":1708356946214,"stop":1708356946280,"duration":66},"description":"Delete Users Test","descriptionHtml":"<p>Delete Users Test</p>\n","status":"failed","statusMessage":"Zip Codes is not available expected [201] but found [200]","statusTrace":"java.lang.AssertionError: Zip Codes is not available expected [201] but found [200]\n\tat org.testng.Assert.fail(Assert.java:111)\n\tat org.testng.Assert.failNotEquals(Assert.java:1578)\n\tat org.testng.Assert.assertEqualsImpl(Assert.java:150)\n\tat org.testng.Assert.assertEquals(Assert.java:132)\n\tat org.testng.Assert.assertEquals(Assert.java:1419)\n\tat org.testng.Assert.assertEquals(Assert.java:1383)\n\tat com.coherent.aqa.java.training.api.matveenko.base.ZipCodesHttpClient.executeGetZipCodeRequest(ZipCodesHttpClient.java:30)\n\tat com.coherent.aqa.java.training.api.matveenko.TokenTests.deleteUser(TokenTests.java:216)\n\tat java.base/jdk.internal.reflect.NativeMethodAccessorImpl.invoke0(Native Method)\n\tat java.base/jdk.internal.reflect.NativeMethodAccessorImpl.invoke(NativeMethodAccessorImpl.java:62)\n\tat java.base/jdk.internal.reflect.DelegatingMethodAccessorImpl.invoke(DelegatingMethodAccessorImpl.java:43)\n\tat java.base/java.lang.reflect.Method.invoke(Method.java:566)\n\tat org.testng.internal.invokers.MethodInvocationHelper.invokeMethod(MethodInvocationHelper.java:139)\n\tat org.testng.internal.invokers.TestInvoker.invokeMethod(TestInvoker.java:664)\n\tat org.testng.internal.invokers.TestInvoker.invokeTestMethod(TestInvoker.java:227)\n\tat org.testng.internal.invokers.MethodRunner.runInSequence(MethodRunner.java:50)\n\tat org.testng.internal.invokers.TestInvoker$MethodInvocationAgent.invoke(TestInvoker.java:957)\n\tat org.testng.internal.invokers.TestInvoker.invokeTestMethods(TestInvoker.java:200)\n\tat org.testng.internal.invokers.TestMethodWorker.invokeTestMethods(TestMethodWorker.java:148)\n\tat org.testng.internal.invokers.TestMethodWorker.run(TestMethodWorker.java:128)\n\tat java.base/java.util.ArrayList.forEach(ArrayList.java:1541)\n\tat org.testng.TestRunner.privateRun(TestRunner.java:848)\n\tat org.testng.TestRunner.run(TestRunner.java:621)\n\tat org.testng.SuiteRunner.runTest(SuiteRunner.java:443)\n\tat org.testng.SuiteRunner.runSequentially(SuiteRunner.java:437)\n\tat org.testng.SuiteRunner.privateRun(SuiteRunner.java:397)\n\tat org.testng.SuiteRunner.run(SuiteRunner.java:336)\n\tat org.testng.SuiteRunnerWorker.runSuite(SuiteRunnerWorker.java:52)\n\tat org.testng.SuiteRunnerWorker.run(SuiteRunnerWorker.java:95)\n\tat org.testng.TestNG.runSuitesSequentially(TestNG.java:1280)\n\tat org.testng.TestNG.runSuitesLocally(TestNG.java:1200)\n\tat org.testng.TestNG.runSuites(TestNG.java:1114)\n\tat org.testng.TestNG.run(TestNG.java:1082)\n\tat org.apache.maven.surefire.testng.TestNGExecutor.run(TestNGExecutor.java:155)\n\tat org.apache.maven.surefire.testng.TestNGDirectoryTestSuite.executeMulti(TestNGDirectoryTestSuite.java:169)\n\tat org.apache.maven.surefire.testng.TestNGDirectoryTestSuite.execute(TestNGDirectoryTestSuite.java:88)\n\tat org.apache.maven.surefire.testng.TestNGProvider.invoke(TestNGProvider.java:137)\n\tat org.apache.maven.surefire.booter.ForkedBooter.runSuitesInProcess(ForkedBooter.java:385)\n\tat org.apache.maven.surefire.booter.ForkedBooter.execute(ForkedBooter.java:162)\n\tat org.apache.maven.surefire.booter.ForkedBooter.run(ForkedBooter.java:507)\n\tat org.apache.maven.surefire.booter.ForkedBooter.main(ForkedBooter.java:495)\n","flaky":false,"newFailed":false,"newBroken":false,"newPassed":false,"retriesCount":0,"retriesStatusChange":false,"beforeStages":[{"name":"setUp","time":{"start":1708356942928,"stop":1708356944291,"duration":1363},"description":"","status":"passed","steps":[],"attachments":[],"parameters":[],"shouldDisplayMessage":false,"stepsCount":0,"attachmentsCount":0,"hasContent":false,"attachmentStep":false}],"testStage":{"description":"Delete Users Test","status":"failed","statusMessage":"Zip Codes is not available expected [201] but found [200]","statusTrace":"java.lang.AssertionError: Zip Codes is not available expected [201] but found [200]\n\tat org.testng.Assert.fail(Assert.java:111)\n\tat org.testng.Assert.failNotEquals(Assert.java:1578)\n\tat org.testng.Assert.assertEqualsImpl(Assert.java:150)\n\tat org.testng.Assert.assertEquals(Assert.java:132)\n\tat org.testng.Assert.assertEquals(Assert.java:1419)\n\tat org.testng.Assert.assertEquals(Assert.java:1383)\n\tat com.coherent.aqa.java.training.api.matveenko.base.ZipCodesHttpClient.executeGetZipCodeRequest(ZipCodesHttpClient.java:30)\n\tat com.coherent.aqa.java.training.api.matveenko.TokenTests.deleteUser(TokenTests.java:216)\n\tat java.base/jdk.internal.reflect.NativeMethodAccessorImpl.invoke0(Native Method)\n\tat java.base/jdk.internal.reflect.NativeMethodAccessorImpl.invoke(NativeMethodAccessorImpl.java:62)\n\tat java.base/jdk.internal.reflect.DelegatingMethodAccessorImpl.invoke(DelegatingMethodAccessorImpl.java:43)\n\tat java.base/java.lang.reflect.Method.invoke(Method.java:566)\n\tat org.testng.internal.invokers.MethodInvocationHelper.invokeMethod(MethodInvocationHelper.java:139)\n\tat org.testng.internal.invokers.TestInvoker.invokeMethod(TestInvoker.java:664)\n\tat org.testng.internal.invokers.TestInvoker.invokeTestMethod(TestInvoker.java:227)\n\tat org.testng.internal.invokers.MethodRunner.runInSequence(MethodRunner.java:50)\n\tat org.testng.internal.invokers.TestInvoker$MethodInvocationAgent.invoke(TestInvoker.java:957)\n\tat org.testng.internal.invokers.TestInvoker.invokeTestMethods(TestInvoker.java:200)\n\tat org.testng.internal.invokers.TestMethodWorker.invokeTestMethods(TestMethodWorker.java:148)\n\tat org.testng.internal.invokers.TestMethodWorker.run(TestMethodWorker.java:128)\n\tat java.base/java.util.ArrayList.forEach(ArrayList.java:1541)\n\tat org.testng.TestRunner.privateRun(TestRunner.java:848)\n\tat org.testng.TestRunner.run(TestRunner.java:621)\n\tat org.testng.SuiteRunner.runTest(SuiteRunner.java:443)\n\tat org.testng.SuiteRunner.runSequentially(SuiteRunner.java:437)\n\tat org.testng.SuiteRunner.privateRun(SuiteRunner.java:397)\n\tat org.testng.SuiteRunner.run(SuiteRunner.java:336)\n\tat org.testng.SuiteRunnerWorker.runSuite(SuiteRunnerWorker.java:52)\n\tat org.testng.SuiteRunnerWorker.run(SuiteRunnerWorker.java:95)\n\tat org.testng.TestNG.runSuitesSequentially(TestNG.java:1280)\n\tat org.testng.TestNG.runSuitesLocally(TestNG.java:1200)\n\tat org.testng.TestNG.runSuites(TestNG.java:1114)\n\tat org.testng.TestNG.run(TestNG.java:1082)\n\tat org.apache.maven.surefire.testng.TestNGExecutor.run(TestNGExecutor.java:155)\n\tat org.apache.maven.surefire.testng.TestNGDirectoryTestSuite.executeMulti(TestNGDirectoryTestSuite.java:169)\n\tat org.apache.maven.surefire.testng.TestNGDirectoryTestSuite.execute(TestNGDirectoryTestSuite.java:88)\n\tat org.apache.maven.surefire.testng.TestNGProvider.invoke(TestNGProvider.java:137)\n\tat org.apache.maven.surefire.booter.ForkedBooter.runSuitesInProcess(ForkedBooter.java:385)\n\tat org.apache.maven.surefire.booter.ForkedBooter.execute(ForkedBooter.java:162)\n\tat org.apache.maven.surefire.booter.ForkedBooter.run(ForkedBooter.java:507)\n\tat org.apache.maven.surefire.booter.ForkedBooter.main(ForkedBooter.java:495)\n","steps":[{"name":"Step 1","time":{"start":1708356946214,"stop":1708356946279,"duration":65},"status":"failed","statusMessage":"Zip Codes is not available expected [201] but found [200]","statusTrace":"java.lang.AssertionError: Zip Codes is not available expected [201] but found [200]\n\tat org.testng.Assert.fail(Assert.java:111)\n\tat org.testng.Assert.failNotEquals(Assert.java:1578)\n\tat org.testng.Assert.assertEqualsImpl(Assert.java:150)\n\tat org.testng.Assert.assertEquals(Assert.java:132)\n\tat org.testng.Assert.assertEquals(Assert.java:1419)\n\tat org.testng.Assert.assertEquals(Assert.java:1383)\n\tat com.coherent.aqa.java.training.api.matveenko.base.ZipCodesHttpClient.executeGetZipCodeRequest(ZipCodesHttpClient.java:30)\n\tat com.coherent.aqa.java.training.api.matveenko.TokenTests.deleteUser(TokenTests.java:216)\n\tat java.base/jdk.internal.reflect.NativeMethodAccessorImpl.invoke0(Native Method)\n\tat java.base/jdk.internal.reflect.NativeMethodAccessorImpl.invoke(NativeMethodAccessorImpl.java:62)\n\tat java.base/jdk.internal.reflect.DelegatingMethodAccessorImpl.invoke(DelegatingMethodAccessorImpl.java:43)\n\tat java.base/java.lang.reflect.Method.invoke(Method.java:566)\n\tat org.testng.internal.invokers.MethodInvocationHelper.invokeMethod(MethodInvocationHelper.java:139)\n\tat org.testng.internal.invokers.TestInvoker.invokeMethod(TestInvoker.java:664)\n\tat org.testng.internal.invokers.TestInvoker.invokeTestMethod(TestInvoker.java:227)\n\tat org.testng.internal.invokers.MethodRunner.runInSequence(MethodRunner.java:50)\n\tat org.testng.internal.invokers.TestInvoker$MethodInvocationAgent.invoke(TestInvoker.java:957)\n\tat org.testng.internal.invokers.TestInvoker.invokeTestMethods(TestInvoker.java:200)\n\tat org.testng.internal.invokers.TestMethodWorker.invokeTestMethods(TestMethodWorker.java:148)\n\tat org.testng.internal.invokers.TestMethodWorker.run(TestMethodWorker.java:128)\n\tat java.base/java.util.ArrayList.forEach(ArrayList.java:1541)\n\tat org.testng.TestRunner.privateRun(TestRunner.java:848)\n\tat org.testng.TestRunner.run(TestRunner.java:621)\n\tat org.testng.SuiteRunner.runTest(SuiteRunner.java:443)\n\tat org.testng.SuiteRunner.runSequentially(SuiteRunner.java:437)\n\tat org.testng.SuiteRunner.privateRun(SuiteRunner.java:397)\n\tat org.testng.SuiteRunner.run(SuiteRunner.java:336)\n\tat org.testng.SuiteRunnerWorker.runSuite(SuiteRunnerWorker.java:52)\n\tat org.testng.SuiteRunnerWorker.run(SuiteRunnerWorker.java:95)\n\tat org.testng.TestNG.runSuitesSequentially(TestNG.java:1280)\n\tat org.testng.TestNG.runSuitesLocally(TestNG.java:1200)\n\tat org.testng.TestNG.runSuites(TestNG.java:1114)\n\tat org.testng.TestNG.run(TestNG.java:1082)\n\tat org.apache.maven.surefire.testng.TestNGExecutor.run(TestNGExecutor.java:155)\n\tat org.apache.maven.surefire.testng.TestNGDirectoryTestSuite.executeMulti(TestNGDirectoryTestSuite.java:169)\n\tat org.apache.maven.surefire.testng.TestNGDirectoryTestSuite.execute(TestNGDirectoryTestSuite.java:88)\n\tat org.apache.maven.surefire.testng.TestNGProvider.invoke(TestNGProvider.java:137)\n\tat org.apache.maven.surefire.booter.ForkedBooter.runSuitesInProcess(ForkedBooter.java:385)\n\tat org.apache.maven.surefire.booter.ForkedBooter.execute(ForkedBooter.java:162)\n\tat org.apache.maven.surefire.booter.ForkedBooter.run(ForkedBooter.java:507)\n\tat org.apache.maven.surefire.booter.ForkedBooter.main(ForkedBooter.java:495)\n","steps":[],"attachments":[{"uid":"25c3845c89fe8eae","name":"Request.txt","source":"25c3845c89fe8eae.txt","type":"text/plain","size":393},{"uid":"819491fd6bc17b00","name":"Request.txt","source":"819491fd6bc17b00.txt","type":"text/plain","size":55},{"uid":"e6d2ed6fb128fddc","name":"Request.txt","source":"e6d2ed6fb128fddc.txt","type":"text/plain","size":413},{"uid":"9fa418ec59d52920","name":"Request.txt","source":"9fa418ec59d52920.txt","type":"text/plain","size":12}],"parameters":[],"shouldDisplayMessage":true,"stepsCount":0,"attachmentsCount":4,"hasContent":true,"attachmentStep":false}],"attachments":[],"parameters":[],"shouldDisplayMessage":false,"stepsCount":1,"attachmentsCount":4,"hasContent":true,"attachmentStep":false},"afterStages":[{"name":"closeHttpClient","time":{"start":1708356949353,"stop":1708356949354,"duration":1},"description":"","status":"passed","steps":[],"attachments":[],"parameters":[],"shouldDisplayMessage":false,"stepsCount":0,"attachmentsCount":0,"hasContent":false,"attachmentStep":false}],"labels":[{"name":"package","value":"com.coherent.aqa.java.training.api.matveenko.TokenTests"},{"name":"testClass","value":"com.coherent.aqa.java.training.api.matveenko.TokenTests"},{"name":"testMethod","value":"deleteUser"},{"name":"parentSuite","value":"Surefire suite"},{"name":"suite","value":"Surefire test"},{"name":"subSuite","value":"com.coherent.aqa.java.training.api.matveenko.TokenTests"},{"name":"host","value":"fv-az881-566"},{"name":"thread","value":"2426@fv-az881-566.main(1)"},{"name":"framework","value":"testng"},{"name":"language","value":"java"},{"name":"feature","value":"Users"},{"name":"epic","value":"Tests"},{"name":"resultFormat","value":"allure2"}],"parameters":[],"links":[],"hidden":false,"retry":false,"extra":{"severity":"normal","retries":[],"categories":[{"name":"Product defects","matchedStatuses":[],"flaky":false}],"history":{"statistic":{"failed":21,"broken":0,"skipped":0,"passed":24,"unknown":0,"total":45},"items":[{"uid":"5840731d851db962","reportUrl":"https://AnnaMa3.github.io/Fin--3101/27//#testresult/5840731d851db962","status":"failed","statusDetails":"Zip Codes is not available expected [201] but found [200]","time":{"start":1708356756633,"stop":1708356756678,"duration":45}},{"uid":"a2a7a52572044ed1","reportUrl":"https://AnnaMa3.github.io/Fin--3101/27//#testresult/a2a7a52572044ed1","status":"failed","statusDetails":"Zip Codes is not available expected [201] but found [200]","time":{"start":1708356595160,"stop":1708356595222,"duration":62}},{"uid":"c0d7fcbffdec4a73","reportUrl":"https://AnnaMa3.github.io/Fin--3101/26//#testresult/c0d7fcbffdec4a73","status":"failed","statusDetails":"List NOT contains: [Zip code is not added to available zip codes of application] expected [true] but found [false]","time":{"start":1708355774095,"stop":1708355774192,"duration":97}},{"uid":"25b3913a4fb8c4b7","reportUrl":"https://AnnaMa3.github.io/Fin--3101/26//#testresult/25b3913a4fb8c4b7","status":"failed","statusDetails":"List NOT contains: [Zip code is not added to available zip codes of application] expected [true] but found [false]","time":{"start":1708355682267,"stop":1708355682349,"duration":82}},{"uid":"2ca7644fa5d3f10f","reportUrl":"https://AnnaMa3.github.io/Fin--3101/21//#testresult/2ca7644fa5d3f10f","status":"passed","time":{"start":1708350234539,"stop":1708350234582,"duration":43}},{"uid":"81e4d153fdccbaca","reportUrl":"https://AnnaMa3.github.io/Fin--3101/21//#testresult/81e4d153fdccbaca","status":"passed","time":{"start":1708349917361,"stop":1708349917404,"duration":43}},{"uid":"ad189aa9b8da64e6","reportUrl":"https://AnnaMa3.github.io/Fin--3101/25//#testresult/ad189aa9b8da64e6","status":"passed","time":{"start":1708349768087,"stop":1708349768148,"duration":61}},{"uid":"431fb5bef38a432f","reportUrl":"https://AnnaMa3.github.io/Fin--3101/24//#testresult/431fb5bef38a432f","status":"passed","time":{"start":1708349669734,"stop":1708349669783,"duration":49}},{"uid":"c5bf99c8d1a8b433","reportUrl":"https://AnnaMa3.github.io/Fin--3101/23//#testresult/c5bf99c8d1a8b433","status":"passed","time":{"start":1708349628545,"stop":1708349628577,"duration":32}},{"uid":"5389657df706f87e","reportUrl":"https://AnnaMa3.github.io/Fin--3101/22//#testresult/5389657df706f87e","status":"passed","time":{"start":1708349604933,"stop":1708349604980,"duration":47}},{"uid":"a4304d2ecb6525d1","reportUrl":"https://AnnaMa3.github.io/Fin--3101/21//#testresult/a4304d2ecb6525d1","status":"passed","time":{"start":1708336582364,"stop":1708336582404,"duration":40}},{"uid":"af1f032640599cfd","reportUrl":"https://AnnaMa3.github.io/Fin--3101/20//#testresult/af1f032640599cfd","status":"passed","time":{"start":1708335700333,"stop":1708335700374,"duration":41}},{"uid":"9290ac6d65e66413","reportUrl":"https://AnnaMa3.github.io/Fin--3101/18//#testresult/9290ac6d65e66413","status":"failed","statusDetails":"List NOT contains: [Zip code is not added to available zip codes of application] expected [true] but found [false]","time":{"start":1708025959527,"stop":1708025959570,"duration":43}},{"uid":"f4541b49d96678fc","reportUrl":"https://AnnaMa3.github.io/Fin--3101/19//#testresult/f4541b49d96678fc","status":"passed","time":{"start":1708025852943,"stop":1708025852986,"duration":43}},{"uid":"551c0efc3b4ec2f4","reportUrl":"https://AnnaMa3.github.io/Fin--3101/18//#testresult/551c0efc3b4ec2f4","status":"failed","statusDetails":"List NOT contains: [Zip code is not added to available zip codes of application] expected [true] but found [false]","time":{"start":1708025431769,"stop":1708025431824,"duration":55}},{"uid":"5398f569c2cea960","reportUrl":"https://AnnaMa3.github.io/Fin--3101/18//#testresult/5398f569c2cea960","status":"failed","statusDetails":"List NOT contains: [Zip code is not added to available zip codes of application] expected [true] but found [false]","time":{"start":1708018145635,"stop":1708018145692,"duration":57}},{"uid":"de5c0c2e949b461d","reportUrl":"https://AnnaMa3.github.io/Fin--3101/18//#testresult/de5c0c2e949b461d","status":"failed","statusDetails":"List NOT contains: [Zip code is not added to available zip codes of application] expected [true] but found [false]","time":{"start":1708018003544,"stop":1708018003588,"duration":44}},{"uid":"c3aa20cccd0c80fa","reportUrl":"https://AnnaMa3.github.io/Fin--3101/18//#testresult/c3aa20cccd0c80fa","status":"failed","statusDetails":"List NOT contains: [Zip code is not added to available zip codes of application] expected [true] but found [false]","time":{"start":1708017842921,"stop":1708017842970,"duration":49}},{"uid":"28be51bf7210baf","reportUrl":"https://AnnaMa3.github.io/Fin--3101/11//#testresult/28be51bf7210baf","status":"passed","time":{"start":1708017738121,"stop":1708017738169,"duration":48}},{"uid":"e8a7dcc2281b21b2","reportUrl":"https://AnnaMa3.github.io/Fin--3101/19//#testresult/e8a7dcc2281b21b2","status":"passed","time":{"start":1708017529729,"stop":1708017529770,"duration":41}}]},"tags":[]},"source":"af016f3601ea2039.json","parameterValues":[]}