{"uid":"bd0f6ecda1090eaf","name":"Update Users Test","fullName":"com.coherent.aqa.java.training.api.matveenko.TokenTests.updateUsersTest","historyId":"1c8699607959f538f45ee6483bb8a424","time":{"start":1707985838165,"stop":1707985838192,"duration":27},"description":"Update Users Test","descriptionHtml":"<p>Update Users Test</p>\n","status":"failed","statusMessage":"Users are not updated expected [200] but found [400]","statusTrace":"java.lang.AssertionError: Users are not updated expected [200] but found [400]\n\tat org.testng.Assert.fail(Assert.java:111)\n\tat org.testng.Assert.failNotEquals(Assert.java:1578)\n\tat org.testng.Assert.assertEqualsImpl(Assert.java:150)\n\tat org.testng.Assert.assertEquals(Assert.java:132)\n\tat org.testng.Assert.assertEquals(Assert.java:1419)\n\tat org.testng.Assert.assertEquals(Assert.java:1383)\n\tat com.coherent.aqa.java.training.api.matveenko.base.UserHttpClient.executeUpdateUserRequest(UserHttpClient.java:114)\n\tat com.coherent.aqa.java.training.api.matveenko.TokenTests.updateUsersTest(TokenTests.java:188)\n\tat java.base/jdk.internal.reflect.NativeMethodAccessorImpl.invoke0(Native Method)\n\tat java.base/jdk.internal.reflect.NativeMethodAccessorImpl.invoke(NativeMethodAccessorImpl.java:62)\n\tat java.base/jdk.internal.reflect.DelegatingMethodAccessorImpl.invoke(DelegatingMethodAccessorImpl.java:43)\n\tat java.base/java.lang.reflect.Method.invoke(Method.java:566)\n\tat org.testng.internal.invokers.MethodInvocationHelper.invokeMethod(MethodInvocationHelper.java:139)\n\tat org.testng.internal.invokers.TestInvoker.invokeMethod(TestInvoker.java:664)\n\tat org.testng.internal.invokers.TestInvoker.invokeTestMethod(TestInvoker.java:227)\n\tat org.testng.internal.invokers.MethodRunner.runInSequence(MethodRunner.java:50)\n\tat org.testng.internal.invokers.TestInvoker$MethodInvocationAgent.invoke(TestInvoker.java:957)\n\tat org.testng.internal.invokers.TestInvoker.invokeTestMethods(TestInvoker.java:200)\n\tat org.testng.internal.invokers.TestMethodWorker.invokeTestMethods(TestMethodWorker.java:148)\n\tat org.testng.internal.invokers.TestMethodWorker.run(TestMethodWorker.java:128)\n\tat java.base/java.util.ArrayList.forEach(ArrayList.java:1541)\n\tat org.testng.TestRunner.privateRun(TestRunner.java:848)\n\tat org.testng.TestRunner.run(TestRunner.java:621)\n\tat org.testng.SuiteRunner.runTest(SuiteRunner.java:443)\n\tat org.testng.SuiteRunner.runSequentially(SuiteRunner.java:437)\n\tat org.testng.SuiteRunner.privateRun(SuiteRunner.java:397)\n\tat org.testng.SuiteRunner.run(SuiteRunner.java:336)\n\tat org.testng.SuiteRunnerWorker.runSuite(SuiteRunnerWorker.java:52)\n\tat org.testng.SuiteRunnerWorker.run(SuiteRunnerWorker.java:95)\n\tat org.testng.TestNG.runSuitesSequentially(TestNG.java:1280)\n\tat org.testng.TestNG.runSuitesLocally(TestNG.java:1200)\n\tat org.testng.TestNG.runSuites(TestNG.java:1114)\n\tat org.testng.TestNG.run(TestNG.java:1082)\n\tat org.apache.maven.surefire.testng.TestNGExecutor.run(TestNGExecutor.java:155)\n\tat org.apache.maven.surefire.testng.TestNGDirectoryTestSuite.executeSingleClass(TestNGDirectoryTestSuite.java:102)\n\tat org.apache.maven.surefire.testng.TestNGDirectoryTestSuite.execute(TestNGDirectoryTestSuite.java:91)\n\tat org.apache.maven.surefire.testng.TestNGProvider.invoke(TestNGProvider.java:137)\n\tat org.apache.maven.surefire.booter.ForkedBooter.runSuitesInProcess(ForkedBooter.java:385)\n\tat org.apache.maven.surefire.booter.ForkedBooter.execute(ForkedBooter.java:162)\n\tat org.apache.maven.surefire.booter.ForkedBooter.run(ForkedBooter.java:507)\n\tat org.apache.maven.surefire.booter.ForkedBooter.main(ForkedBooter.java:495)\n","flaky":true,"newFailed":true,"newBroken":false,"newPassed":false,"retriesCount":16,"retriesStatusChange":false,"beforeStages":[{"name":"setUp","time":{"start":1707985835604,"stop":1707985836532,"duration":928},"description":"","status":"passed","steps":[],"attachments":[],"parameters":[],"shouldDisplayMessage":false,"stepsCount":0,"attachmentsCount":0,"hasContent":false,"attachmentStep":false}],"testStage":{"description":"Update Users Test","status":"failed","statusMessage":"Users are not updated expected [200] but found [400]","statusTrace":"java.lang.AssertionError: Users are not updated expected [200] but found [400]\n\tat org.testng.Assert.fail(Assert.java:111)\n\tat org.testng.Assert.failNotEquals(Assert.java:1578)\n\tat org.testng.Assert.assertEqualsImpl(Assert.java:150)\n\tat org.testng.Assert.assertEquals(Assert.java:132)\n\tat org.testng.Assert.assertEquals(Assert.java:1419)\n\tat org.testng.Assert.assertEquals(Assert.java:1383)\n\tat com.coherent.aqa.java.training.api.matveenko.base.UserHttpClient.executeUpdateUserRequest(UserHttpClient.java:114)\n\tat com.coherent.aqa.java.training.api.matveenko.TokenTests.updateUsersTest(TokenTests.java:188)\n\tat java.base/jdk.internal.reflect.NativeMethodAccessorImpl.invoke0(Native Method)\n\tat java.base/jdk.internal.reflect.NativeMethodAccessorImpl.invoke(NativeMethodAccessorImpl.java:62)\n\tat java.base/jdk.internal.reflect.DelegatingMethodAccessorImpl.invoke(DelegatingMethodAccessorImpl.java:43)\n\tat java.base/java.lang.reflect.Method.invoke(Method.java:566)\n\tat org.testng.internal.invokers.MethodInvocationHelper.invokeMethod(MethodInvocationHelper.java:139)\n\tat org.testng.internal.invokers.TestInvoker.invokeMethod(TestInvoker.java:664)\n\tat org.testng.internal.invokers.TestInvoker.invokeTestMethod(TestInvoker.java:227)\n\tat org.testng.internal.invokers.MethodRunner.runInSequence(MethodRunner.java:50)\n\tat org.testng.internal.invokers.TestInvoker$MethodInvocationAgent.invoke(TestInvoker.java:957)\n\tat org.testng.internal.invokers.TestInvoker.invokeTestMethods(TestInvoker.java:200)\n\tat org.testng.internal.invokers.TestMethodWorker.invokeTestMethods(TestMethodWorker.java:148)\n\tat org.testng.internal.invokers.TestMethodWorker.run(TestMethodWorker.java:128)\n\tat java.base/java.util.ArrayList.forEach(ArrayList.java:1541)\n\tat org.testng.TestRunner.privateRun(TestRunner.java:848)\n\tat org.testng.TestRunner.run(TestRunner.java:621)\n\tat org.testng.SuiteRunner.runTest(SuiteRunner.java:443)\n\tat org.testng.SuiteRunner.runSequentially(SuiteRunner.java:437)\n\tat org.testng.SuiteRunner.privateRun(SuiteRunner.java:397)\n\tat org.testng.SuiteRunner.run(SuiteRunner.java:336)\n\tat org.testng.SuiteRunnerWorker.runSuite(SuiteRunnerWorker.java:52)\n\tat org.testng.SuiteRunnerWorker.run(SuiteRunnerWorker.java:95)\n\tat org.testng.TestNG.runSuitesSequentially(TestNG.java:1280)\n\tat org.testng.TestNG.runSuitesLocally(TestNG.java:1200)\n\tat org.testng.TestNG.runSuites(TestNG.java:1114)\n\tat org.testng.TestNG.run(TestNG.java:1082)\n\tat org.apache.maven.surefire.testng.TestNGExecutor.run(TestNGExecutor.java:155)\n\tat org.apache.maven.surefire.testng.TestNGDirectoryTestSuite.executeSingleClass(TestNGDirectoryTestSuite.java:102)\n\tat org.apache.maven.surefire.testng.TestNGDirectoryTestSuite.execute(TestNGDirectoryTestSuite.java:91)\n\tat org.apache.maven.surefire.testng.TestNGProvider.invoke(TestNGProvider.java:137)\n\tat org.apache.maven.surefire.booter.ForkedBooter.runSuitesInProcess(ForkedBooter.java:385)\n\tat org.apache.maven.surefire.booter.ForkedBooter.execute(ForkedBooter.java:162)\n\tat org.apache.maven.surefire.booter.ForkedBooter.run(ForkedBooter.java:507)\n\tat org.apache.maven.surefire.booter.ForkedBooter.main(ForkedBooter.java:495)\n","steps":[{"name":"Step 1","time":{"start":1707985838166,"stop":1707985838192,"duration":26},"status":"failed","statusMessage":"Users are not updated expected [200] but found [400]","statusTrace":"java.lang.AssertionError: Users are not updated expected [200] but found [400]\n\tat org.testng.Assert.fail(Assert.java:111)\n\tat org.testng.Assert.failNotEquals(Assert.java:1578)\n\tat org.testng.Assert.assertEqualsImpl(Assert.java:150)\n\tat org.testng.Assert.assertEquals(Assert.java:132)\n\tat org.testng.Assert.assertEquals(Assert.java:1419)\n\tat org.testng.Assert.assertEquals(Assert.java:1383)\n\tat com.coherent.aqa.java.training.api.matveenko.base.UserHttpClient.executeUpdateUserRequest(UserHttpClient.java:114)\n\tat com.coherent.aqa.java.training.api.matveenko.TokenTests.updateUsersTest(TokenTests.java:188)\n\tat java.base/jdk.internal.reflect.NativeMethodAccessorImpl.invoke0(Native Method)\n\tat java.base/jdk.internal.reflect.NativeMethodAccessorImpl.invoke(NativeMethodAccessorImpl.java:62)\n\tat java.base/jdk.internal.reflect.DelegatingMethodAccessorImpl.invoke(DelegatingMethodAccessorImpl.java:43)\n\tat java.base/java.lang.reflect.Method.invoke(Method.java:566)\n\tat org.testng.internal.invokers.MethodInvocationHelper.invokeMethod(MethodInvocationHelper.java:139)\n\tat org.testng.internal.invokers.TestInvoker.invokeMethod(TestInvoker.java:664)\n\tat org.testng.internal.invokers.TestInvoker.invokeTestMethod(TestInvoker.java:227)\n\tat org.testng.internal.invokers.MethodRunner.runInSequence(MethodRunner.java:50)\n\tat org.testng.internal.invokers.TestInvoker$MethodInvocationAgent.invoke(TestInvoker.java:957)\n\tat org.testng.internal.invokers.TestInvoker.invokeTestMethods(TestInvoker.java:200)\n\tat org.testng.internal.invokers.TestMethodWorker.invokeTestMethods(TestMethodWorker.java:148)\n\tat org.testng.internal.invokers.TestMethodWorker.run(TestMethodWorker.java:128)\n\tat java.base/java.util.ArrayList.forEach(ArrayList.java:1541)\n\tat org.testng.TestRunner.privateRun(TestRunner.java:848)\n\tat org.testng.TestRunner.run(TestRunner.java:621)\n\tat org.testng.SuiteRunner.runTest(SuiteRunner.java:443)\n\tat org.testng.SuiteRunner.runSequentially(SuiteRunner.java:437)\n\tat org.testng.SuiteRunner.privateRun(SuiteRunner.java:397)\n\tat org.testng.SuiteRunner.run(SuiteRunner.java:336)\n\tat org.testng.SuiteRunnerWorker.runSuite(SuiteRunnerWorker.java:52)\n\tat org.testng.SuiteRunnerWorker.run(SuiteRunnerWorker.java:95)\n\tat org.testng.TestNG.runSuitesSequentially(TestNG.java:1280)\n\tat org.testng.TestNG.runSuitesLocally(TestNG.java:1200)\n\tat org.testng.TestNG.runSuites(TestNG.java:1114)\n\tat org.testng.TestNG.run(TestNG.java:1082)\n\tat org.apache.maven.surefire.testng.TestNGExecutor.run(TestNGExecutor.java:155)\n\tat org.apache.maven.surefire.testng.TestNGDirectoryTestSuite.executeSingleClass(TestNGDirectoryTestSuite.java:102)\n\tat org.apache.maven.surefire.testng.TestNGDirectoryTestSuite.execute(TestNGDirectoryTestSuite.java:91)\n\tat org.apache.maven.surefire.testng.TestNGProvider.invoke(TestNGProvider.java:137)\n\tat org.apache.maven.surefire.booter.ForkedBooter.runSuitesInProcess(ForkedBooter.java:385)\n\tat org.apache.maven.surefire.booter.ForkedBooter.execute(ForkedBooter.java:162)\n\tat org.apache.maven.surefire.booter.ForkedBooter.run(ForkedBooter.java:507)\n\tat org.apache.maven.surefire.booter.ForkedBooter.main(ForkedBooter.java:495)\n","steps":[],"attachments":[{"uid":"2a56c10b125b6eb3","name":"Request.txt","source":"2a56c10b125b6eb3.txt","type":"text/plain","size":399},{"uid":"7781bb76ef043a60","name":"Request.txt","source":"7781bb76ef043a60.txt","type":"text/plain","size":144}],"parameters":[],"shouldDisplayMessage":true,"stepsCount":0,"attachmentsCount":2,"hasContent":true,"attachmentStep":false}],"attachments":[],"parameters":[],"shouldDisplayMessage":false,"stepsCount":1,"attachmentsCount":2,"hasContent":true,"attachmentStep":false},"afterStages":[{"name":"closeHttpClient","time":{"start":1707985838490,"stop":1707985838490,"duration":0},"description":"","status":"passed","steps":[],"attachments":[],"parameters":[],"shouldDisplayMessage":false,"stepsCount":0,"attachmentsCount":0,"hasContent":false,"attachmentStep":false}],"labels":[{"name":"package","value":"com.coherent.aqa.java.training.api.matveenko.TokenTests"},{"name":"testClass","value":"com.coherent.aqa.java.training.api.matveenko.TokenTests"},{"name":"testMethod","value":"updateUsersTest"},{"name":"parentSuite","value":"Surefire suite"},{"name":"suite","value":"Surefire test"},{"name":"subSuite","value":"com.coherent.aqa.java.training.api.matveenko.TokenTests"},{"name":"host","value":"fv-az573-134"},{"name":"thread","value":"2498@fv-az573-134.main(1)"},{"name":"framework","value":"testng"},{"name":"language","value":"java"},{"name":"feature","value":"Users"},{"name":"epic","value":"Tests"},{"name":"resultFormat","value":"allure2"}],"parameters":[],"links":[],"hidden":false,"retry":false,"extra":{"severity":"normal","retries":[{"uid":"4eb6ed6df7fc9d6f","status":"failed","statusDetails":"Users are not updated expected [200] but found [400]","time":{"start":1706205222898,"stop":1706205222941,"duration":43}},{"uid":"292ce3a655915953","status":"failed","statusDetails":"Users are not updated expected [200] but found [400]","time":{"start":1706200490919,"stop":1706200490951,"duration":32}},{"uid":"502712db0d0eff3f","status":"failed","statusDetails":"Users are not updated expected [200] but found [400]","time":{"start":1706200053564,"stop":1706200053595,"duration":31}},{"uid":"baa6299322e46570","status":"failed","statusDetails":"Users are not updated expected [200] but found [400]","time":{"start":1705570079969,"stop":1705570080030,"duration":61}},{"uid":"84f9ce69500513f8","status":"failed","statusDetails":"Users are not updated expected [200] but found [400]","time":{"start":1705569967003,"stop":1705569967057,"duration":54}},{"uid":"f64b281d4952b513","status":"failed","statusDetails":"Users are not updated expected [200] but found [400]","time":{"start":1705508977592,"stop":1705508977645,"duration":53}},{"uid":"192984aacee7645a","status":"failed","statusDetails":"Users are not updated expected [200] but found [400]","time":{"start":1705508829885,"stop":1705508829910,"duration":25}},{"uid":"f8928c23af4e4765","status":"failed","statusDetails":"Users are not updated expected [200] but found [400]","time":{"start":1705508761609,"stop":1705508761648,"duration":39}},{"uid":"3d993a45e5945eed","status":"failed","statusDetails":"Users are not updated expected [200] but found [400]","time":{"start":1705508516822,"stop":1705508516862,"duration":40}},{"uid":"ad1288e05a5526ef","status":"failed","statusDetails":"Users are not updated expected [200] but found [400]","time":{"start":1705508088243,"stop":1705508088289,"duration":46}},{"uid":"1d21e449d1556f43","status":"failed","statusDetails":"Users are not updated expected [200] but found [400]","time":{"start":1705507372626,"stop":1705507372683,"duration":57}},{"uid":"c64aad47e8b4819b","status":"failed","statusDetails":"Users are not updated expected [200] but found [400]","time":{"start":1705506772311,"stop":1705506772352,"duration":41}},{"uid":"52edb33a2b65b4c9","status":"failed","statusDetails":"Users are not updated expected [200] but found [400]","time":{"start":1705506644938,"stop":1705506644973,"duration":35}},{"uid":"d4d756a751634d21","status":"failed","statusDetails":"Users are not updated expected [200] but found [400]","time":{"start":1705506160592,"stop":1705506160633,"duration":41}},{"uid":"a8599051880526f","status":"failed","statusDetails":"Users are not updated expected [200] but found [400]","time":{"start":1705506029645,"stop":1705506029761,"duration":116}},{"uid":"c212f4b419aca66f","status":"failed","statusDetails":"Users are not updated expected [200] but found [400]","time":{"start":1705418109748,"stop":1705418109795,"duration":47}}],"categories":[{"name":"Product defects","matchedStatuses":[],"flaky":false}],"history":{"statistic":{"failed":4,"broken":0,"skipped":0,"passed":9,"unknown":0,"total":13},"items":[{"uid":"ef1203ae0d238772","reportUrl":"https://AnnaMa3.github.io/Fin--3101/11//#testresult/ef1203ae0d238772","status":"passed","time":{"start":1707985408292,"stop":1707985408359,"duration":67}},{"uid":"d6c68e7065f6d27a","reportUrl":"https://AnnaMa3.github.io/Fin--3101/15//#testresult/d6c68e7065f6d27a","status":"failed","statusDetails":"Users are not updated expected [200] but found [400]","time":{"start":1707985253903,"stop":1707985253934,"duration":31}},{"uid":"1769af4deca0fee1","reportUrl":"https://AnnaMa3.github.io/Fin--3101/14//#testresult/1769af4deca0fee1","status":"passed","time":{"start":1707985205801,"stop":1707985205874,"duration":73}},{"uid":"f72d012b5315e123","reportUrl":"https://AnnaMa3.github.io/Fin--3101/11//#testresult/f72d012b5315e123","status":"passed","time":{"start":1707827188430,"stop":1707827188492,"duration":62}},{"uid":"9fc95ce6b86a221f","reportUrl":"https://AnnaMa3.github.io/Fin--3101/13//#testresult/9fc95ce6b86a221f","status":"passed","time":{"start":1707826778813,"stop":1707826778864,"duration":51}},{"uid":"e4447b6065326d8f","reportUrl":"https://AnnaMa3.github.io/Fin--3101/11//#testresult/e4447b6065326d8f","status":"passed","time":{"start":1707826266118,"stop":1707826266165,"duration":47}},{"uid":"3d71d4169031f79b","reportUrl":"https://AnnaMa3.github.io/Fin--3101/12//#testresult/3d71d4169031f79b","status":"passed","time":{"start":1707826088189,"stop":1707826088244,"duration":55}},{"uid":"92fa9754f9c82525","reportUrl":"https://AnnaMa3.github.io/Fin--3101/11//#testresult/92fa9754f9c82525","status":"failed","statusDetails":"Users are not updated expected [200] but found [400]","time":{"start":1707825711671,"stop":1707825711704,"duration":33}},{"uid":"8a566e95d98ba30b","reportUrl":"https://AnnaMa3.github.io/Fin--3101/11//#testresult/8a566e95d98ba30b","status":"failed","statusDetails":"Users are not updated expected [200] but found [400]","time":{"start":1707762302667,"stop":1707762302699,"duration":32}},{"uid":"9a704aaa16bd64f0","reportUrl":"https://AnnaMa3.github.io/Fin--3101/10//#testresult/9a704aaa16bd64f0","status":"passed","time":{"start":1706717304647,"stop":1706717304729,"duration":82}},{"uid":"6c9848f3214449be","reportUrl":"https://AnnaMa3.github.io/Fin--3101/9//#testresult/6c9848f3214449be","status":"passed","time":{"start":1706716679170,"stop":1706716679227,"duration":57}},{"uid":"b242baa63bdd1e7b","reportUrl":"https://AnnaMa3.github.io/Fin--3101/8//#testresult/b242baa63bdd1e7b","status":"passed","time":{"start":1706716194468,"stop":1706716194526,"duration":58}}]},"tags":[]},"source":"bd0f6ecda1090eaf.json","parameterValues":[]}