{"uid":"9de3c12b16e21fc0","name":"Create User Test","fullName":"com.coherent.aqa.java.training.api.matveenko.TokenTests.createUserWithAvailableZipCode","historyId":"f62ccc498cf3288bb3358225edeebad1","time":{"start":1707985253693,"stop":1707985253897,"duration":204},"description":"Create User Test","descriptionHtml":"<p>Create User Test</p>\n","status":"failed","statusMessage":"User is not added expected [201] but found [424]","statusTrace":"java.lang.AssertionError: User is not added expected [201] but found [424]\n\tat org.testng.Assert.fail(Assert.java:111)\n\tat org.testng.Assert.failNotEquals(Assert.java:1578)\n\tat org.testng.Assert.assertEqualsImpl(Assert.java:150)\n\tat org.testng.Assert.assertEquals(Assert.java:132)\n\tat org.testng.Assert.assertEquals(Assert.java:1419)\n\tat org.testng.Assert.assertEquals(Assert.java:1383)\n\tat com.coherent.aqa.java.training.api.matveenko.base.UserHttpClient.executePostUserRequest(UserHttpClient.java:56)\n\tat com.coherent.aqa.java.training.api.matveenko.TokenTests.createUserWithAvailableZipCode(TokenTests.java:138)\n\tat java.base/jdk.internal.reflect.NativeMethodAccessorImpl.invoke0(Native Method)\n\tat java.base/jdk.internal.reflect.NativeMethodAccessorImpl.invoke(NativeMethodAccessorImpl.java:62)\n\tat java.base/jdk.internal.reflect.DelegatingMethodAccessorImpl.invoke(DelegatingMethodAccessorImpl.java:43)\n\tat java.base/java.lang.reflect.Method.invoke(Method.java:566)\n\tat org.testng.internal.invokers.MethodInvocationHelper.invokeMethod(MethodInvocationHelper.java:139)\n\tat org.testng.internal.invokers.TestInvoker.invokeMethod(TestInvoker.java:664)\n\tat org.testng.internal.invokers.TestInvoker.invokeTestMethod(TestInvoker.java:227)\n\tat org.testng.internal.invokers.MethodRunner.runInSequence(MethodRunner.java:50)\n\tat org.testng.internal.invokers.TestInvoker$MethodInvocationAgent.invoke(TestInvoker.java:957)\n\tat org.testng.internal.invokers.TestInvoker.invokeTestMethods(TestInvoker.java:200)\n\tat org.testng.internal.invokers.TestMethodWorker.invokeTestMethods(TestMethodWorker.java:148)\n\tat org.testng.internal.invokers.TestMethodWorker.run(TestMethodWorker.java:128)\n\tat java.base/java.util.ArrayList.forEach(ArrayList.java:1541)\n\tat org.testng.TestRunner.privateRun(TestRunner.java:848)\n\tat org.testng.TestRunner.run(TestRunner.java:621)\n\tat org.testng.SuiteRunner.runTest(SuiteRunner.java:443)\n\tat org.testng.SuiteRunner.runSequentially(SuiteRunner.java:437)\n\tat org.testng.SuiteRunner.privateRun(SuiteRunner.java:397)\n\tat org.testng.SuiteRunner.run(SuiteRunner.java:336)\n\tat org.testng.SuiteRunnerWorker.runSuite(SuiteRunnerWorker.java:52)\n\tat org.testng.SuiteRunnerWorker.run(SuiteRunnerWorker.java:95)\n\tat org.testng.TestNG.runSuitesSequentially(TestNG.java:1280)\n\tat org.testng.TestNG.runSuitesLocally(TestNG.java:1200)\n\tat org.testng.TestNG.runSuites(TestNG.java:1114)\n\tat org.testng.TestNG.run(TestNG.java:1082)\n\tat org.apache.maven.surefire.testng.TestNGExecutor.run(TestNGExecutor.java:155)\n\tat org.apache.maven.surefire.testng.TestNGDirectoryTestSuite.executeSingleClass(TestNGDirectoryTestSuite.java:102)\n\tat org.apache.maven.surefire.testng.TestNGDirectoryTestSuite.execute(TestNGDirectoryTestSuite.java:91)\n\tat org.apache.maven.surefire.testng.TestNGProvider.invoke(TestNGProvider.java:137)\n\tat org.apache.maven.surefire.booter.ForkedBooter.runSuitesInProcess(ForkedBooter.java:385)\n\tat org.apache.maven.surefire.booter.ForkedBooter.execute(ForkedBooter.java:162)\n\tat org.apache.maven.surefire.booter.ForkedBooter.run(ForkedBooter.java:507)\n\tat org.apache.maven.surefire.booter.ForkedBooter.main(ForkedBooter.java:495)\n","flaky":false,"newFailed":true,"newBroken":false,"newPassed":false,"retriesCount":16,"retriesStatusChange":true,"beforeStages":[{"name":"setUp","time":{"start":1707985251089,"stop":1707985252323,"duration":1234},"description":"","status":"passed","steps":[],"attachments":[],"parameters":[],"shouldDisplayMessage":false,"stepsCount":0,"attachmentsCount":0,"hasContent":false,"attachmentStep":false}],"testStage":{"description":"Create User Test","status":"failed","statusMessage":"User is not added expected [201] but found [424]","statusTrace":"java.lang.AssertionError: User is not added expected [201] but found [424]\n\tat org.testng.Assert.fail(Assert.java:111)\n\tat org.testng.Assert.failNotEquals(Assert.java:1578)\n\tat org.testng.Assert.assertEqualsImpl(Assert.java:150)\n\tat org.testng.Assert.assertEquals(Assert.java:132)\n\tat org.testng.Assert.assertEquals(Assert.java:1419)\n\tat org.testng.Assert.assertEquals(Assert.java:1383)\n\tat com.coherent.aqa.java.training.api.matveenko.base.UserHttpClient.executePostUserRequest(UserHttpClient.java:56)\n\tat com.coherent.aqa.java.training.api.matveenko.TokenTests.createUserWithAvailableZipCode(TokenTests.java:138)\n\tat java.base/jdk.internal.reflect.NativeMethodAccessorImpl.invoke0(Native Method)\n\tat java.base/jdk.internal.reflect.NativeMethodAccessorImpl.invoke(NativeMethodAccessorImpl.java:62)\n\tat java.base/jdk.internal.reflect.DelegatingMethodAccessorImpl.invoke(DelegatingMethodAccessorImpl.java:43)\n\tat java.base/java.lang.reflect.Method.invoke(Method.java:566)\n\tat org.testng.internal.invokers.MethodInvocationHelper.invokeMethod(MethodInvocationHelper.java:139)\n\tat org.testng.internal.invokers.TestInvoker.invokeMethod(TestInvoker.java:664)\n\tat org.testng.internal.invokers.TestInvoker.invokeTestMethod(TestInvoker.java:227)\n\tat org.testng.internal.invokers.MethodRunner.runInSequence(MethodRunner.java:50)\n\tat org.testng.internal.invokers.TestInvoker$MethodInvocationAgent.invoke(TestInvoker.java:957)\n\tat org.testng.internal.invokers.TestInvoker.invokeTestMethods(TestInvoker.java:200)\n\tat org.testng.internal.invokers.TestMethodWorker.invokeTestMethods(TestMethodWorker.java:148)\n\tat org.testng.internal.invokers.TestMethodWorker.run(TestMethodWorker.java:128)\n\tat java.base/java.util.ArrayList.forEach(ArrayList.java:1541)\n\tat org.testng.TestRunner.privateRun(TestRunner.java:848)\n\tat org.testng.TestRunner.run(TestRunner.java:621)\n\tat org.testng.SuiteRunner.runTest(SuiteRunner.java:443)\n\tat org.testng.SuiteRunner.runSequentially(SuiteRunner.java:437)\n\tat org.testng.SuiteRunner.privateRun(SuiteRunner.java:397)\n\tat org.testng.SuiteRunner.run(SuiteRunner.java:336)\n\tat org.testng.SuiteRunnerWorker.runSuite(SuiteRunnerWorker.java:52)\n\tat org.testng.SuiteRunnerWorker.run(SuiteRunnerWorker.java:95)\n\tat org.testng.TestNG.runSuitesSequentially(TestNG.java:1280)\n\tat org.testng.TestNG.runSuitesLocally(TestNG.java:1200)\n\tat org.testng.TestNG.runSuites(TestNG.java:1114)\n\tat org.testng.TestNG.run(TestNG.java:1082)\n\tat org.apache.maven.surefire.testng.TestNGExecutor.run(TestNGExecutor.java:155)\n\tat org.apache.maven.surefire.testng.TestNGDirectoryTestSuite.executeSingleClass(TestNGDirectoryTestSuite.java:102)\n\tat org.apache.maven.surefire.testng.TestNGDirectoryTestSuite.execute(TestNGDirectoryTestSuite.java:91)\n\tat org.apache.maven.surefire.testng.TestNGProvider.invoke(TestNGProvider.java:137)\n\tat org.apache.maven.surefire.booter.ForkedBooter.runSuitesInProcess(ForkedBooter.java:385)\n\tat org.apache.maven.surefire.booter.ForkedBooter.execute(ForkedBooter.java:162)\n\tat org.apache.maven.surefire.booter.ForkedBooter.run(ForkedBooter.java:507)\n\tat org.apache.maven.surefire.booter.ForkedBooter.main(ForkedBooter.java:495)\n","steps":[{"name":"Step 1","time":{"start":1707985253693,"stop":1707985253897,"duration":204},"status":"failed","statusMessage":"User is not added expected [201] but found [424]","statusTrace":"java.lang.AssertionError: User is not added expected [201] but found [424]\n\tat org.testng.Assert.fail(Assert.java:111)\n\tat org.testng.Assert.failNotEquals(Assert.java:1578)\n\tat org.testng.Assert.assertEqualsImpl(Assert.java:150)\n\tat org.testng.Assert.assertEquals(Assert.java:132)\n\tat org.testng.Assert.assertEquals(Assert.java:1419)\n\tat org.testng.Assert.assertEquals(Assert.java:1383)\n\tat com.coherent.aqa.java.training.api.matveenko.base.UserHttpClient.executePostUserRequest(UserHttpClient.java:56)\n\tat com.coherent.aqa.java.training.api.matveenko.TokenTests.createUserWithAvailableZipCode(TokenTests.java:138)\n\tat java.base/jdk.internal.reflect.NativeMethodAccessorImpl.invoke0(Native Method)\n\tat java.base/jdk.internal.reflect.NativeMethodAccessorImpl.invoke(NativeMethodAccessorImpl.java:62)\n\tat java.base/jdk.internal.reflect.DelegatingMethodAccessorImpl.invoke(DelegatingMethodAccessorImpl.java:43)\n\tat java.base/java.lang.reflect.Method.invoke(Method.java:566)\n\tat org.testng.internal.invokers.MethodInvocationHelper.invokeMethod(MethodInvocationHelper.java:139)\n\tat org.testng.internal.invokers.TestInvoker.invokeMethod(TestInvoker.java:664)\n\tat org.testng.internal.invokers.TestInvoker.invokeTestMethod(TestInvoker.java:227)\n\tat org.testng.internal.invokers.MethodRunner.runInSequence(MethodRunner.java:50)\n\tat org.testng.internal.invokers.TestInvoker$MethodInvocationAgent.invoke(TestInvoker.java:957)\n\tat org.testng.internal.invokers.TestInvoker.invokeTestMethods(TestInvoker.java:200)\n\tat org.testng.internal.invokers.TestMethodWorker.invokeTestMethods(TestMethodWorker.java:148)\n\tat org.testng.internal.invokers.TestMethodWorker.run(TestMethodWorker.java:128)\n\tat java.base/java.util.ArrayList.forEach(ArrayList.java:1541)\n\tat org.testng.TestRunner.privateRun(TestRunner.java:848)\n\tat org.testng.TestRunner.run(TestRunner.java:621)\n\tat org.testng.SuiteRunner.runTest(SuiteRunner.java:443)\n\tat org.testng.SuiteRunner.runSequentially(SuiteRunner.java:437)\n\tat org.testng.SuiteRunner.privateRun(SuiteRunner.java:397)\n\tat org.testng.SuiteRunner.run(SuiteRunner.java:336)\n\tat org.testng.SuiteRunnerWorker.runSuite(SuiteRunnerWorker.java:52)\n\tat org.testng.SuiteRunnerWorker.run(SuiteRunnerWorker.java:95)\n\tat org.testng.TestNG.runSuitesSequentially(TestNG.java:1280)\n\tat org.testng.TestNG.runSuitesLocally(TestNG.java:1200)\n\tat org.testng.TestNG.runSuites(TestNG.java:1114)\n\tat org.testng.TestNG.run(TestNG.java:1082)\n\tat org.apache.maven.surefire.testng.TestNGExecutor.run(TestNGExecutor.java:155)\n\tat org.apache.maven.surefire.testng.TestNGDirectoryTestSuite.executeSingleClass(TestNGDirectoryTestSuite.java:102)\n\tat org.apache.maven.surefire.testng.TestNGDirectoryTestSuite.execute(TestNGDirectoryTestSuite.java:91)\n\tat org.apache.maven.surefire.testng.TestNGProvider.invoke(TestNGProvider.java:137)\n\tat org.apache.maven.surefire.booter.ForkedBooter.runSuitesInProcess(ForkedBooter.java:385)\n\tat org.apache.maven.surefire.booter.ForkedBooter.execute(ForkedBooter.java:162)\n\tat org.apache.maven.surefire.booter.ForkedBooter.run(ForkedBooter.java:507)\n\tat org.apache.maven.surefire.booter.ForkedBooter.main(ForkedBooter.java:495)\n","steps":[],"attachments":[{"uid":"9e5c85632d8a8a7b","name":"Request.txt","source":"9e5c85632d8a8a7b.txt","type":"text/plain","size":420},{"uid":"d26b5909298ae028","name":"Request.txt","source":"d26b5909298ae028.txt","type":"text/plain","size":55}],"parameters":[],"shouldDisplayMessage":true,"stepsCount":0,"attachmentsCount":2,"hasContent":true,"attachmentStep":false}],"attachments":[],"parameters":[],"shouldDisplayMessage":false,"stepsCount":1,"attachmentsCount":2,"hasContent":true,"attachmentStep":false},"afterStages":[{"name":"closeHttpClient","time":{"start":1707985254261,"stop":1707985254261,"duration":0},"description":"","status":"passed","steps":[],"attachments":[],"parameters":[],"shouldDisplayMessage":false,"stepsCount":0,"attachmentsCount":0,"hasContent":false,"attachmentStep":false}],"labels":[{"name":"package","value":"com.coherent.aqa.java.training.api.matveenko.TokenTests"},{"name":"testClass","value":"com.coherent.aqa.java.training.api.matveenko.TokenTests"},{"name":"testMethod","value":"createUserWithAvailableZipCode"},{"name":"parentSuite","value":"Surefire suite"},{"name":"suite","value":"Surefire test"},{"name":"subSuite","value":"com.coherent.aqa.java.training.api.matveenko.TokenTests"},{"name":"host","value":"fv-az585-501"},{"name":"thread","value":"2509@fv-az585-501.main(1)"},{"name":"framework","value":"testng"},{"name":"language","value":"java"},{"name":"feature","value":"Users"},{"name":"epic","value":"Tests"},{"name":"resultFormat","value":"allure2"}],"parameters":[],"links":[],"hidden":false,"retry":false,"extra":{"severity":"normal","retries":[{"uid":"4afa652e118c1b44","status":"passed","time":{"start":1706205222680,"stop":1706205222765,"duration":85}},{"uid":"19da2ada8534e23c","status":"passed","time":{"start":1706200490768,"stop":1706200490828,"duration":60}},{"uid":"d8813cb25bbd81bd","status":"failed","statusDetails":"User is not added expected [201] but found [424]","time":{"start":1706200053395,"stop":1706200053452,"duration":57}},{"uid":"a957988e7bc43801","status":"passed","time":{"start":1705570079738,"stop":1705570079810,"duration":72}},{"uid":"53b5bc951134fe45","status":"failed","statusDetails":"User is not added expected [201] but found [424]","time":{"start":1705569966630,"stop":1705569966817,"duration":187}},{"uid":"360a4fa5dad5bbc1","status":"failed","statusDetails":"User is not added expected [201] but found [424]","time":{"start":1705508977331,"stop":1705508977424,"duration":93}},{"uid":"4ea9b0b8a9192e1d","status":"passed","time":{"start":1705508829731,"stop":1705508829783,"duration":52}},{"uid":"efd4e1b65e1d00e7","status":"passed","time":{"start":1705508761468,"stop":1705508761512,"duration":44}},{"uid":"3129b6c36cf9e6f5","status":"passed","time":{"start":1705508516621,"stop":1705508516686,"duration":65}},{"uid":"7144198be49eb547","status":"passed","time":{"start":1705508088042,"stop":1705508088088,"duration":46}},{"uid":"75b77a9194780fab","status":"passed","time":{"start":1705507372373,"stop":1705507372441,"duration":68}},{"uid":"8d0bad48ac477634","status":"passed","time":{"start":1705506771021,"stop":1705506771968,"duration":947}},{"uid":"668816bc26c0ad81","status":"passed","time":{"start":1705506643621,"stop":1705506644509,"duration":888}},{"uid":"cc5773dc1b6f63db","status":"failed","statusDetails":"User is not added expected [201] but found [424]","time":{"start":1705506159303,"stop":1705506160185,"duration":882}},{"uid":"13ecb2ca67d8bae7","status":"passed","time":{"start":1705506026058,"stop":1705506029152,"duration":3094}},{"uid":"e29291a7a9cf9bae","status":"passed","time":{"start":1705418107634,"stop":1705418109233,"duration":1599}}],"categories":[{"name":"Product defects","matchedStatuses":[],"flaky":false}],"history":{"statistic":{"failed":3,"broken":0,"skipped":0,"passed":8,"unknown":0,"total":11},"items":[{"uid":"3388d33c1c0334a1","reportUrl":"https://AnnaMa3.github.io/Fin--3101/14//#testresult/3388d33c1c0334a1","status":"passed","time":{"start":1707985205521,"stop":1707985205796,"duration":275}},{"uid":"596bec58fbbefd2e","reportUrl":"https://AnnaMa3.github.io/Fin--3101/11//#testresult/596bec58fbbefd2e","status":"passed","time":{"start":1707827188258,"stop":1707827188426,"duration":168}},{"uid":"1ad34e98665ec875","reportUrl":"https://AnnaMa3.github.io/Fin--3101/13//#testresult/1ad34e98665ec875","status":"passed","time":{"start":1707826778633,"stop":1707826778809,"duration":176}},{"uid":"eb35dc14b2bba196","reportUrl":"https://AnnaMa3.github.io/Fin--3101/11//#testresult/eb35dc14b2bba196","status":"passed","time":{"start":1707826265904,"stop":1707826266115,"duration":211}},{"uid":"63a647e38e432a2e","reportUrl":"https://AnnaMa3.github.io/Fin--3101/12//#testresult/63a647e38e432a2e","status":"passed","time":{"start":1707826087987,"stop":1707826088185,"duration":198}},{"uid":"40ca1cbe62220650","reportUrl":"https://AnnaMa3.github.io/Fin--3101/11//#testresult/40ca1cbe62220650","status":"failed","statusDetails":"User is not added expected [201] but found [424]","time":{"start":1707825711606,"stop":1707825711659,"duration":53}},{"uid":"df08a2c70777cd1a","reportUrl":"https://AnnaMa3.github.io/Fin--3101/11//#testresult/df08a2c70777cd1a","status":"failed","statusDetails":"User is not added expected [201] but found [424]","time":{"start":1707762302623,"stop":1707762302660,"duration":37}},{"uid":"389df9fe8957f563","reportUrl":"https://AnnaMa3.github.io/Fin--3101/10//#testresult/389df9fe8957f563","status":"passed","time":{"start":1706717304377,"stop":1706717304644,"duration":267}},{"uid":"f6a60fddb154a3b1","reportUrl":"https://AnnaMa3.github.io/Fin--3101/9//#testresult/f6a60fddb154a3b1","status":"passed","time":{"start":1706716678919,"stop":1706716679163,"duration":244}},{"uid":"29ff6fe9f5f0c712","reportUrl":"https://AnnaMa3.github.io/Fin--3101/8//#testresult/29ff6fe9f5f0c712","status":"passed","time":{"start":1706716194216,"stop":1706716194463,"duration":247}}]},"tags":[]},"source":"9de3c12b16e21fc0.json","parameterValues":[]}