{"uid":"f026f16b0e3dad6d","name":"Delete Users Test","fullName":"com.coherent.aqa.java.training.api.matveenko.TokenTests.deleteUser","historyId":"1d1a1b7bc8a788df7ecd5fa7812d1c0","time":{"start":1707985939522,"stop":1707985939596,"duration":74},"description":"Delete Users Test","descriptionHtml":"<p>Delete Users Test</p>\n","status":"failed","statusMessage":"List NOT contains: [Zip code is not added to available zip codes of application] expected [true] but found [false]","statusTrace":"java.lang.AssertionError: List NOT contains: [Zip code is not added to available zip codes of application] expected [true] but found [false]\n\tat org.testng.Assert.fail(Assert.java:111)\n\tat org.testng.Assert.failNotEquals(Assert.java:1578)\n\tat org.testng.Assert.assertTrue(Assert.java:57)\n\tat org.testng.Assert.assertListContainsObject(Assert.java:2470)\n\tat com.coherent.aqa.java.training.api.matveenko.TokenTests.deleteUser(TokenTests.java:218)\n\tat java.base/jdk.internal.reflect.NativeMethodAccessorImpl.invoke0(Native Method)\n\tat java.base/jdk.internal.reflect.NativeMethodAccessorImpl.invoke(NativeMethodAccessorImpl.java:62)\n\tat java.base/jdk.internal.reflect.DelegatingMethodAccessorImpl.invoke(DelegatingMethodAccessorImpl.java:43)\n\tat java.base/java.lang.reflect.Method.invoke(Method.java:566)\n\tat org.testng.internal.invokers.MethodInvocationHelper.invokeMethod(MethodInvocationHelper.java:139)\n\tat org.testng.internal.invokers.TestInvoker.invokeMethod(TestInvoker.java:664)\n\tat org.testng.internal.invokers.TestInvoker.invokeTestMethod(TestInvoker.java:227)\n\tat org.testng.internal.invokers.MethodRunner.runInSequence(MethodRunner.java:50)\n\tat org.testng.internal.invokers.TestInvoker$MethodInvocationAgent.invoke(TestInvoker.java:957)\n\tat org.testng.internal.invokers.TestInvoker.invokeTestMethods(TestInvoker.java:200)\n\tat org.testng.internal.invokers.TestMethodWorker.invokeTestMethods(TestMethodWorker.java:148)\n\tat org.testng.internal.invokers.TestMethodWorker.run(TestMethodWorker.java:128)\n\tat java.base/java.util.ArrayList.forEach(ArrayList.java:1541)\n\tat org.testng.TestRunner.privateRun(TestRunner.java:848)\n\tat org.testng.TestRunner.run(TestRunner.java:621)\n\tat org.testng.SuiteRunner.runTest(SuiteRunner.java:443)\n\tat org.testng.SuiteRunner.runSequentially(SuiteRunner.java:437)\n\tat org.testng.SuiteRunner.privateRun(SuiteRunner.java:397)\n\tat org.testng.SuiteRunner.run(SuiteRunner.java:336)\n\tat org.testng.SuiteRunnerWorker.runSuite(SuiteRunnerWorker.java:52)\n\tat org.testng.SuiteRunnerWorker.run(SuiteRunnerWorker.java:95)\n\tat org.testng.TestNG.runSuitesSequentially(TestNG.java:1280)\n\tat org.testng.TestNG.runSuitesLocally(TestNG.java:1200)\n\tat org.testng.TestNG.runSuites(TestNG.java:1114)\n\tat org.testng.TestNG.run(TestNG.java:1082)\n\tat org.apache.maven.surefire.testng.TestNGExecutor.run(TestNGExecutor.java:155)\n\tat org.apache.maven.surefire.testng.TestNGDirectoryTestSuite.executeSingleClass(TestNGDirectoryTestSuite.java:102)\n\tat org.apache.maven.surefire.testng.TestNGDirectoryTestSuite.execute(TestNGDirectoryTestSuite.java:91)\n\tat org.apache.maven.surefire.testng.TestNGProvider.invoke(TestNGProvider.java:137)\n\tat org.apache.maven.surefire.booter.ForkedBooter.runSuitesInProcess(ForkedBooter.java:385)\n\tat org.apache.maven.surefire.booter.ForkedBooter.execute(ForkedBooter.java:162)\n\tat org.apache.maven.surefire.booter.ForkedBooter.run(ForkedBooter.java:507)\n\tat org.apache.maven.surefire.booter.ForkedBooter.main(ForkedBooter.java:495)\n","flaky":true,"newFailed":false,"newBroken":false,"newPassed":false,"retriesCount":16,"retriesStatusChange":true,"beforeStages":[{"name":"setUp","time":{"start":1707985936902,"stop":1707985938028,"duration":1126},"description":"","status":"passed","steps":[],"attachments":[],"parameters":[],"shouldDisplayMessage":false,"stepsCount":0,"attachmentsCount":0,"hasContent":false,"attachmentStep":false}],"testStage":{"description":"Delete Users Test","status":"failed","statusMessage":"List NOT contains: [Zip code is not added to available zip codes of application] expected [true] but found [false]","statusTrace":"java.lang.AssertionError: List NOT contains: [Zip code is not added to available zip codes of application] expected [true] but found [false]\n\tat org.testng.Assert.fail(Assert.java:111)\n\tat org.testng.Assert.failNotEquals(Assert.java:1578)\n\tat org.testng.Assert.assertTrue(Assert.java:57)\n\tat org.testng.Assert.assertListContainsObject(Assert.java:2470)\n\tat com.coherent.aqa.java.training.api.matveenko.TokenTests.deleteUser(TokenTests.java:218)\n\tat java.base/jdk.internal.reflect.NativeMethodAccessorImpl.invoke0(Native Method)\n\tat java.base/jdk.internal.reflect.NativeMethodAccessorImpl.invoke(NativeMethodAccessorImpl.java:62)\n\tat java.base/jdk.internal.reflect.DelegatingMethodAccessorImpl.invoke(DelegatingMethodAccessorImpl.java:43)\n\tat java.base/java.lang.reflect.Method.invoke(Method.java:566)\n\tat org.testng.internal.invokers.MethodInvocationHelper.invokeMethod(MethodInvocationHelper.java:139)\n\tat org.testng.internal.invokers.TestInvoker.invokeMethod(TestInvoker.java:664)\n\tat org.testng.internal.invokers.TestInvoker.invokeTestMethod(TestInvoker.java:227)\n\tat org.testng.internal.invokers.MethodRunner.runInSequence(MethodRunner.java:50)\n\tat org.testng.internal.invokers.TestInvoker$MethodInvocationAgent.invoke(TestInvoker.java:957)\n\tat org.testng.internal.invokers.TestInvoker.invokeTestMethods(TestInvoker.java:200)\n\tat org.testng.internal.invokers.TestMethodWorker.invokeTestMethods(TestMethodWorker.java:148)\n\tat org.testng.internal.invokers.TestMethodWorker.run(TestMethodWorker.java:128)\n\tat java.base/java.util.ArrayList.forEach(ArrayList.java:1541)\n\tat org.testng.TestRunner.privateRun(TestRunner.java:848)\n\tat org.testng.TestRunner.run(TestRunner.java:621)\n\tat org.testng.SuiteRunner.runTest(SuiteRunner.java:443)\n\tat org.testng.SuiteRunner.runSequentially(SuiteRunner.java:437)\n\tat org.testng.SuiteRunner.privateRun(SuiteRunner.java:397)\n\tat org.testng.SuiteRunner.run(SuiteRunner.java:336)\n\tat org.testng.SuiteRunnerWorker.runSuite(SuiteRunnerWorker.java:52)\n\tat org.testng.SuiteRunnerWorker.run(SuiteRunnerWorker.java:95)\n\tat org.testng.TestNG.runSuitesSequentially(TestNG.java:1280)\n\tat org.testng.TestNG.runSuitesLocally(TestNG.java:1200)\n\tat org.testng.TestNG.runSuites(TestNG.java:1114)\n\tat org.testng.TestNG.run(TestNG.java:1082)\n\tat org.apache.maven.surefire.testng.TestNGExecutor.run(TestNGExecutor.java:155)\n\tat org.apache.maven.surefire.testng.TestNGDirectoryTestSuite.executeSingleClass(TestNGDirectoryTestSuite.java:102)\n\tat org.apache.maven.surefire.testng.TestNGDirectoryTestSuite.execute(TestNGDirectoryTestSuite.java:91)\n\tat org.apache.maven.surefire.testng.TestNGProvider.invoke(TestNGProvider.java:137)\n\tat org.apache.maven.surefire.booter.ForkedBooter.runSuitesInProcess(ForkedBooter.java:385)\n\tat org.apache.maven.surefire.booter.ForkedBooter.execute(ForkedBooter.java:162)\n\tat org.apache.maven.surefire.booter.ForkedBooter.run(ForkedBooter.java:507)\n\tat org.apache.maven.surefire.booter.ForkedBooter.main(ForkedBooter.java:495)\n","steps":[{"name":"Step 1","time":{"start":1707985939523,"stop":1707985939595,"duration":72},"status":"failed","statusMessage":"List NOT contains: [Zip code is not added to available zip codes of application] expected [true] but found [false]","statusTrace":"java.lang.AssertionError: List NOT contains: [Zip code is not added to available zip codes of application] expected [true] but found [false]\n\tat org.testng.Assert.fail(Assert.java:111)\n\tat org.testng.Assert.failNotEquals(Assert.java:1578)\n\tat org.testng.Assert.assertTrue(Assert.java:57)\n\tat org.testng.Assert.assertListContainsObject(Assert.java:2470)\n\tat com.coherent.aqa.java.training.api.matveenko.TokenTests.deleteUser(TokenTests.java:218)\n\tat java.base/jdk.internal.reflect.NativeMethodAccessorImpl.invoke0(Native Method)\n\tat java.base/jdk.internal.reflect.NativeMethodAccessorImpl.invoke(NativeMethodAccessorImpl.java:62)\n\tat java.base/jdk.internal.reflect.DelegatingMethodAccessorImpl.invoke(DelegatingMethodAccessorImpl.java:43)\n\tat java.base/java.lang.reflect.Method.invoke(Method.java:566)\n\tat org.testng.internal.invokers.MethodInvocationHelper.invokeMethod(MethodInvocationHelper.java:139)\n\tat org.testng.internal.invokers.TestInvoker.invokeMethod(TestInvoker.java:664)\n\tat org.testng.internal.invokers.TestInvoker.invokeTestMethod(TestInvoker.java:227)\n\tat org.testng.internal.invokers.MethodRunner.runInSequence(MethodRunner.java:50)\n\tat org.testng.internal.invokers.TestInvoker$MethodInvocationAgent.invoke(TestInvoker.java:957)\n\tat org.testng.internal.invokers.TestInvoker.invokeTestMethods(TestInvoker.java:200)\n\tat org.testng.internal.invokers.TestMethodWorker.invokeTestMethods(TestMethodWorker.java:148)\n\tat org.testng.internal.invokers.TestMethodWorker.run(TestMethodWorker.java:128)\n\tat java.base/java.util.ArrayList.forEach(ArrayList.java:1541)\n\tat org.testng.TestRunner.privateRun(TestRunner.java:848)\n\tat org.testng.TestRunner.run(TestRunner.java:621)\n\tat org.testng.SuiteRunner.runTest(SuiteRunner.java:443)\n\tat org.testng.SuiteRunner.runSequentially(SuiteRunner.java:437)\n\tat org.testng.SuiteRunner.privateRun(SuiteRunner.java:397)\n\tat org.testng.SuiteRunner.run(SuiteRunner.java:336)\n\tat org.testng.SuiteRunnerWorker.runSuite(SuiteRunnerWorker.java:52)\n\tat org.testng.SuiteRunnerWorker.run(SuiteRunnerWorker.java:95)\n\tat org.testng.TestNG.runSuitesSequentially(TestNG.java:1280)\n\tat org.testng.TestNG.runSuitesLocally(TestNG.java:1200)\n\tat org.testng.TestNG.runSuites(TestNG.java:1114)\n\tat org.testng.TestNG.run(TestNG.java:1082)\n\tat org.apache.maven.surefire.testng.TestNGExecutor.run(TestNGExecutor.java:155)\n\tat org.apache.maven.surefire.testng.TestNGDirectoryTestSuite.executeSingleClass(TestNGDirectoryTestSuite.java:102)\n\tat org.apache.maven.surefire.testng.TestNGDirectoryTestSuite.execute(TestNGDirectoryTestSuite.java:91)\n\tat org.apache.maven.surefire.testng.TestNGProvider.invoke(TestNGProvider.java:137)\n\tat org.apache.maven.surefire.booter.ForkedBooter.runSuitesInProcess(ForkedBooter.java:385)\n\tat org.apache.maven.surefire.booter.ForkedBooter.execute(ForkedBooter.java:162)\n\tat org.apache.maven.surefire.booter.ForkedBooter.run(ForkedBooter.java:507)\n\tat org.apache.maven.surefire.booter.ForkedBooter.main(ForkedBooter.java:495)\n","steps":[],"attachments":[{"uid":"c346ef7c447b0a54","name":"Request.txt","source":"c346ef7c447b0a54.txt","type":"text/plain","size":399},{"uid":"49be1799cda99d5a","name":"Request.txt","source":"49be1799cda99d5a.txt","type":"text/plain","size":55},{"uid":"ce17260bd593ac1d","name":"Request.txt","source":"ce17260bd593ac1d.txt","type":"text/plain","size":395},{"uid":"975049a613a51194","name":"Request.txt","source":"975049a613a51194.txt","type":"text/plain","size":12}],"parameters":[],"shouldDisplayMessage":true,"stepsCount":0,"attachmentsCount":4,"hasContent":true,"attachmentStep":false}],"attachments":[],"parameters":[],"shouldDisplayMessage":false,"stepsCount":1,"attachmentsCount":4,"hasContent":true,"attachmentStep":false},"afterStages":[{"name":"closeHttpClient","time":{"start":1707985939860,"stop":1707985939860,"duration":0},"description":"","status":"passed","steps":[],"attachments":[],"parameters":[],"shouldDisplayMessage":false,"stepsCount":0,"attachmentsCount":0,"hasContent":false,"attachmentStep":false}],"labels":[{"name":"package","value":"com.coherent.aqa.java.training.api.matveenko.TokenTests"},{"name":"testClass","value":"com.coherent.aqa.java.training.api.matveenko.TokenTests"},{"name":"testMethod","value":"deleteUser"},{"name":"parentSuite","value":"Surefire suite"},{"name":"suite","value":"Surefire test"},{"name":"subSuite","value":"com.coherent.aqa.java.training.api.matveenko.TokenTests"},{"name":"host","value":"fv-az915-4"},{"name":"thread","value":"2476@fv-az915-4.main(1)"},{"name":"framework","value":"testng"},{"name":"language","value":"java"},{"name":"feature","value":"Users"},{"name":"epic","value":"Tests"},{"name":"resultFormat","value":"allure2"}],"parameters":[],"links":[],"hidden":false,"retry":false,"extra":{"severity":"normal","retries":[{"uid":"f03c91ce2f06cbf2","status":"passed","time":{"start":1706205222769,"stop":1706205222844,"duration":75}},{"uid":"bb7186b5d12a14ca","status":"passed","time":{"start":1706200490832,"stop":1706200490879,"duration":47}},{"uid":"613e7bf4c00b7e2","status":"passed","time":{"start":1706200053462,"stop":1706200053524,"duration":62}},{"uid":"3628cce2fd13279a","status":"passed","time":{"start":1705570079816,"stop":1705570079901,"duration":85}},{"uid":"ca0bdd6c1ff0c5d3","status":"passed","time":{"start":1705569966829,"stop":1705569966927,"duration":98}},{"uid":"4d6dc17887019359","status":"passed","time":{"start":1705508977433,"stop":1705508977517,"duration":84}},{"uid":"998ea9539bd2ecb2","status":"passed","time":{"start":1705508829787,"stop":1705508829843,"duration":56}},{"uid":"cc6cdab13dce25cc","status":"passed","time":{"start":1705508761516,"stop":1705508761561,"duration":45}},{"uid":"d87cacf886d48ad3","status":"passed","time":{"start":1705508516692,"stop":1705508516759,"duration":67}},{"uid":"4015c1a0bc0e3d8f","status":"passed","time":{"start":1705508088092,"stop":1705508088154,"duration":62}},{"uid":"71ad33c08b78ac6a","status":"passed","time":{"start":1705507372445,"stop":1705507372523,"duration":78}},{"uid":"b82587bf84d120c9","status":"passed","time":{"start":1705506772077,"stop":1705506772127,"duration":50}},{"uid":"7fae6b8b8ea50cb8","status":"passed","time":{"start":1705506644605,"stop":1705506644699,"duration":94}},{"uid":"add7a5a1145a31d0","status":"passed","time":{"start":1705506160285,"stop":1705506160380,"duration":95}},{"uid":"e8b9021326f61c99","status":"passed","time":{"start":1705506029267,"stop":1705506029359,"duration":92}},{"uid":"bf5c6cc64d9f2c22","status":"passed","time":{"start":1705418109440,"stop":1705418109507,"duration":67}}],"categories":[{"name":"Product defects","matchedStatuses":[],"flaky":false}],"history":{"statistic":{"failed":5,"broken":0,"skipped":0,"passed":9,"unknown":0,"total":14},"items":[{"uid":"8c7346223bf5e193","reportUrl":"https://AnnaMa3.github.io/Fin--3101/16//#testresult/8c7346223bf5e193","status":"failed","statusDetails":"List NOT contains: [Zip code is not added to available zip codes of application] expected [true] but found [false]","time":{"start":1707985838196,"stop":1707985838243,"duration":47}},{"uid":"c398337a095d08ca","reportUrl":"https://AnnaMa3.github.io/Fin--3101/11//#testresult/c398337a095d08ca","status":"passed","time":{"start":1707985408366,"stop":1707985408411,"duration":45}},{"uid":"5c7fe6883cfc8e9c","reportUrl":"https://AnnaMa3.github.io/Fin--3101/15//#testresult/5c7fe6883cfc8e9c","status":"failed","statusDetails":"List NOT contains: [Zip code is not added to available zip codes of application] expected [true] but found [false]","time":{"start":1707985253939,"stop":1707985253991,"duration":52}},{"uid":"b901421b015988ff","reportUrl":"https://AnnaMa3.github.io/Fin--3101/14//#testresult/b901421b015988ff","status":"passed","time":{"start":1707985205880,"stop":1707985205922,"duration":42}},{"uid":"2ad4d1d7cb50ae","reportUrl":"https://AnnaMa3.github.io/Fin--3101/11//#testresult/2ad4d1d7cb50ae","status":"passed","time":{"start":1707827188497,"stop":1707827188539,"duration":42}},{"uid":"36115ae5d82c4f99","reportUrl":"https://AnnaMa3.github.io/Fin--3101/13//#testresult/36115ae5d82c4f99","status":"passed","time":{"start":1707826778870,"stop":1707826778912,"duration":42}},{"uid":"425e90ffadceeb1d","reportUrl":"https://AnnaMa3.github.io/Fin--3101/11//#testresult/425e90ffadceeb1d","status":"passed","time":{"start":1707826266170,"stop":1707826266205,"duration":35}},{"uid":"845f0895f116daa4","reportUrl":"https://AnnaMa3.github.io/Fin--3101/12//#testresult/845f0895f116daa4","status":"passed","time":{"start":1707826088254,"stop":1707826088288,"duration":34}},{"uid":"c3192a85a29c9b2e","reportUrl":"https://AnnaMa3.github.io/Fin--3101/11//#testresult/c3192a85a29c9b2e","status":"failed","statusDetails":"List NOT contains: [Zip code is not added to available zip codes of application] expected [true] but found [false]","time":{"start":1707825711714,"stop":1707825711764,"duration":50}},{"uid":"793e48a31280432a","reportUrl":"https://AnnaMa3.github.io/Fin--3101/11//#testresult/793e48a31280432a","status":"failed","statusDetails":"List NOT contains: [Zip code is not added to available zip codes of application] expected [true] but found [false]","time":{"start":1707762302710,"stop":1707762302747,"duration":37}},{"uid":"531da8fc6f1a66d1","reportUrl":"https://AnnaMa3.github.io/Fin--3101/10//#testresult/531da8fc6f1a66d1","status":"passed","time":{"start":1706717304733,"stop":1706717304768,"duration":35}},{"uid":"f3580630ea738bde","reportUrl":"https://AnnaMa3.github.io/Fin--3101/9//#testresult/f3580630ea738bde","status":"passed","time":{"start":1706716679231,"stop":1706716679286,"duration":55}},{"uid":"3f45b7e0089efe3b","reportUrl":"https://AnnaMa3.github.io/Fin--3101/8//#testresult/3f45b7e0089efe3b","status":"passed","time":{"start":1706716194531,"stop":1706716194577,"duration":46}}]},"tags":[]},"source":"f026f16b0e3dad6d.json","parameterValues":[]}