{"uid":"726ccec721c6743c","name":"Create User Test","fullName":"com.coherent.aqa.java.training.api.matveenko.TokenTests.createUserWithAvailableZipCode","historyId":"f62ccc498cf3288bb3358225edeebad1","time":{"start":1708355681035,"stop":1708355682179,"duration":1144},"description":"Create User Test","descriptionHtml":"<p>Create User Test</p>\n","status":"failed","statusMessage":"User is not added expected [201] but found [424]","statusTrace":"java.lang.AssertionError: User is not added expected [201] but found [424]\n\tat org.testng.Assert.fail(Assert.java:111)\n\tat org.testng.Assert.failNotEquals(Assert.java:1578)\n\tat org.testng.Assert.assertEqualsImpl(Assert.java:150)\n\tat org.testng.Assert.assertEquals(Assert.java:132)\n\tat org.testng.Assert.assertEquals(Assert.java:1419)\n\tat org.testng.Assert.assertEquals(Assert.java:1383)\n\tat com.coherent.aqa.java.training.api.matveenko.base.UserHttpClient.executePostUserRequest(UserHttpClient.java:56)\n\tat com.coherent.aqa.java.training.api.matveenko.TokenTests.createUserWithAvailableZipCode(TokenTests.java:138)\n\tat java.base/jdk.internal.reflect.NativeMethodAccessorImpl.invoke0(Native Method)\n\tat java.base/jdk.internal.reflect.NativeMethodAccessorImpl.invoke(NativeMethodAccessorImpl.java:62)\n\tat java.base/jdk.internal.reflect.DelegatingMethodAccessorImpl.invoke(DelegatingMethodAccessorImpl.java:43)\n\tat java.base/java.lang.reflect.Method.invoke(Method.java:566)\n\tat org.testng.internal.invokers.MethodInvocationHelper.invokeMethod(MethodInvocationHelper.java:139)\n\tat org.testng.internal.invokers.TestInvoker.invokeMethod(TestInvoker.java:664)\n\tat org.testng.internal.invokers.TestInvoker.invokeTestMethod(TestInvoker.java:227)\n\tat org.testng.internal.invokers.MethodRunner.runInSequence(MethodRunner.java:50)\n\tat org.testng.internal.invokers.TestInvoker$MethodInvocationAgent.invoke(TestInvoker.java:957)\n\tat org.testng.internal.invokers.TestInvoker.invokeTestMethods(TestInvoker.java:200)\n\tat org.testng.internal.invokers.TestMethodWorker.invokeTestMethods(TestMethodWorker.java:148)\n\tat org.testng.internal.invokers.TestMethodWorker.run(TestMethodWorker.java:128)\n\tat java.base/java.util.ArrayList.forEach(ArrayList.java:1541)\n\tat org.testng.TestRunner.privateRun(TestRunner.java:848)\n\tat org.testng.TestRunner.run(TestRunner.java:621)\n\tat org.testng.SuiteRunner.runTest(SuiteRunner.java:443)\n\tat org.testng.SuiteRunner.runSequentially(SuiteRunner.java:437)\n\tat org.testng.SuiteRunner.privateRun(SuiteRunner.java:397)\n\tat org.testng.SuiteRunner.run(SuiteRunner.java:336)\n\tat org.testng.SuiteRunnerWorker.runSuite(SuiteRunnerWorker.java:52)\n\tat org.testng.SuiteRunnerWorker.run(SuiteRunnerWorker.java:95)\n\tat org.testng.TestNG.runSuitesSequentially(TestNG.java:1280)\n\tat org.testng.TestNG.runSuitesLocally(TestNG.java:1200)\n\tat org.testng.TestNG.runSuites(TestNG.java:1114)\n\tat org.testng.TestNG.run(TestNG.java:1082)\n\tat org.apache.maven.surefire.testng.TestNGExecutor.run(TestNGExecutor.java:155)\n\tat org.apache.maven.surefire.testng.TestNGDirectoryTestSuite.executeMulti(TestNGDirectoryTestSuite.java:169)\n\tat org.apache.maven.surefire.testng.TestNGDirectoryTestSuite.execute(TestNGDirectoryTestSuite.java:88)\n\tat org.apache.maven.surefire.testng.TestNGProvider.invoke(TestNGProvider.java:137)\n\tat org.apache.maven.surefire.booter.ForkedBooter.runSuitesInProcess(ForkedBooter.java:385)\n\tat org.apache.maven.surefire.booter.ForkedBooter.execute(ForkedBooter.java:162)\n\tat org.apache.maven.surefire.booter.ForkedBooter.run(ForkedBooter.java:507)\n\tat org.apache.maven.surefire.booter.ForkedBooter.main(ForkedBooter.java:495)\n","flaky":false,"newFailed":true,"newBroken":false,"newPassed":false,"retriesCount":0,"retriesStatusChange":false,"beforeStages":[{"name":"setUp","time":{"start":1708355679996,"stop":1708355680987,"duration":991},"description":"","status":"passed","steps":[],"attachments":[],"parameters":[],"shouldDisplayMessage":false,"stepsCount":0,"attachmentsCount":0,"hasContent":false,"attachmentStep":false}],"testStage":{"description":"Create User Test","status":"failed","statusMessage":"User is not added expected [201] but found [424]","statusTrace":"java.lang.AssertionError: User is not added expected [201] but found [424]\n\tat org.testng.Assert.fail(Assert.java:111)\n\tat org.testng.Assert.failNotEquals(Assert.java:1578)\n\tat org.testng.Assert.assertEqualsImpl(Assert.java:150)\n\tat org.testng.Assert.assertEquals(Assert.java:132)\n\tat org.testng.Assert.assertEquals(Assert.java:1419)\n\tat org.testng.Assert.assertEquals(Assert.java:1383)\n\tat com.coherent.aqa.java.training.api.matveenko.base.UserHttpClient.executePostUserRequest(UserHttpClient.java:56)\n\tat com.coherent.aqa.java.training.api.matveenko.TokenTests.createUserWithAvailableZipCode(TokenTests.java:138)\n\tat java.base/jdk.internal.reflect.NativeMethodAccessorImpl.invoke0(Native Method)\n\tat java.base/jdk.internal.reflect.NativeMethodAccessorImpl.invoke(NativeMethodAccessorImpl.java:62)\n\tat java.base/jdk.internal.reflect.DelegatingMethodAccessorImpl.invoke(DelegatingMethodAccessorImpl.java:43)\n\tat java.base/java.lang.reflect.Method.invoke(Method.java:566)\n\tat org.testng.internal.invokers.MethodInvocationHelper.invokeMethod(MethodInvocationHelper.java:139)\n\tat org.testng.internal.invokers.TestInvoker.invokeMethod(TestInvoker.java:664)\n\tat org.testng.internal.invokers.TestInvoker.invokeTestMethod(TestInvoker.java:227)\n\tat org.testng.internal.invokers.MethodRunner.runInSequence(MethodRunner.java:50)\n\tat org.testng.internal.invokers.TestInvoker$MethodInvocationAgent.invoke(TestInvoker.java:957)\n\tat org.testng.internal.invokers.TestInvoker.invokeTestMethods(TestInvoker.java:200)\n\tat org.testng.internal.invokers.TestMethodWorker.invokeTestMethods(TestMethodWorker.java:148)\n\tat org.testng.internal.invokers.TestMethodWorker.run(TestMethodWorker.java:128)\n\tat java.base/java.util.ArrayList.forEach(ArrayList.java:1541)\n\tat org.testng.TestRunner.privateRun(TestRunner.java:848)\n\tat org.testng.TestRunner.run(TestRunner.java:621)\n\tat org.testng.SuiteRunner.runTest(SuiteRunner.java:443)\n\tat org.testng.SuiteRunner.runSequentially(SuiteRunner.java:437)\n\tat org.testng.SuiteRunner.privateRun(SuiteRunner.java:397)\n\tat org.testng.SuiteRunner.run(SuiteRunner.java:336)\n\tat org.testng.SuiteRunnerWorker.runSuite(SuiteRunnerWorker.java:52)\n\tat org.testng.SuiteRunnerWorker.run(SuiteRunnerWorker.java:95)\n\tat org.testng.TestNG.runSuitesSequentially(TestNG.java:1280)\n\tat org.testng.TestNG.runSuitesLocally(TestNG.java:1200)\n\tat org.testng.TestNG.runSuites(TestNG.java:1114)\n\tat org.testng.TestNG.run(TestNG.java:1082)\n\tat org.apache.maven.surefire.testng.TestNGExecutor.run(TestNGExecutor.java:155)\n\tat org.apache.maven.surefire.testng.TestNGDirectoryTestSuite.executeMulti(TestNGDirectoryTestSuite.java:169)\n\tat org.apache.maven.surefire.testng.TestNGDirectoryTestSuite.execute(TestNGDirectoryTestSuite.java:88)\n\tat org.apache.maven.surefire.testng.TestNGProvider.invoke(TestNGProvider.java:137)\n\tat org.apache.maven.surefire.booter.ForkedBooter.runSuitesInProcess(ForkedBooter.java:385)\n\tat org.apache.maven.surefire.booter.ForkedBooter.execute(ForkedBooter.java:162)\n\tat org.apache.maven.surefire.booter.ForkedBooter.run(ForkedBooter.java:507)\n\tat org.apache.maven.surefire.booter.ForkedBooter.main(ForkedBooter.java:495)\n","steps":[{"name":"Step 1","time":{"start":1708355681050,"stop":1708355682176,"duration":1126},"status":"failed","statusMessage":"User is not added expected [201] but found [424]","statusTrace":"java.lang.AssertionError: User is not added expected [201] but found [424]\n\tat org.testng.Assert.fail(Assert.java:111)\n\tat org.testng.Assert.failNotEquals(Assert.java:1578)\n\tat org.testng.Assert.assertEqualsImpl(Assert.java:150)\n\tat org.testng.Assert.assertEquals(Assert.java:132)\n\tat org.testng.Assert.assertEquals(Assert.java:1419)\n\tat org.testng.Assert.assertEquals(Assert.java:1383)\n\tat com.coherent.aqa.java.training.api.matveenko.base.UserHttpClient.executePostUserRequest(UserHttpClient.java:56)\n\tat com.coherent.aqa.java.training.api.matveenko.TokenTests.createUserWithAvailableZipCode(TokenTests.java:138)\n\tat java.base/jdk.internal.reflect.NativeMethodAccessorImpl.invoke0(Native Method)\n\tat java.base/jdk.internal.reflect.NativeMethodAccessorImpl.invoke(NativeMethodAccessorImpl.java:62)\n\tat java.base/jdk.internal.reflect.DelegatingMethodAccessorImpl.invoke(DelegatingMethodAccessorImpl.java:43)\n\tat java.base/java.lang.reflect.Method.invoke(Method.java:566)\n\tat org.testng.internal.invokers.MethodInvocationHelper.invokeMethod(MethodInvocationHelper.java:139)\n\tat org.testng.internal.invokers.TestInvoker.invokeMethod(TestInvoker.java:664)\n\tat org.testng.internal.invokers.TestInvoker.invokeTestMethod(TestInvoker.java:227)\n\tat org.testng.internal.invokers.MethodRunner.runInSequence(MethodRunner.java:50)\n\tat org.testng.internal.invokers.TestInvoker$MethodInvocationAgent.invoke(TestInvoker.java:957)\n\tat org.testng.internal.invokers.TestInvoker.invokeTestMethods(TestInvoker.java:200)\n\tat org.testng.internal.invokers.TestMethodWorker.invokeTestMethods(TestMethodWorker.java:148)\n\tat org.testng.internal.invokers.TestMethodWorker.run(TestMethodWorker.java:128)\n\tat java.base/java.util.ArrayList.forEach(ArrayList.java:1541)\n\tat org.testng.TestRunner.privateRun(TestRunner.java:848)\n\tat org.testng.TestRunner.run(TestRunner.java:621)\n\tat org.testng.SuiteRunner.runTest(SuiteRunner.java:443)\n\tat org.testng.SuiteRunner.runSequentially(SuiteRunner.java:437)\n\tat org.testng.SuiteRunner.privateRun(SuiteRunner.java:397)\n\tat org.testng.SuiteRunner.run(SuiteRunner.java:336)\n\tat org.testng.SuiteRunnerWorker.runSuite(SuiteRunnerWorker.java:52)\n\tat org.testng.SuiteRunnerWorker.run(SuiteRunnerWorker.java:95)\n\tat org.testng.TestNG.runSuitesSequentially(TestNG.java:1280)\n\tat org.testng.TestNG.runSuitesLocally(TestNG.java:1200)\n\tat org.testng.TestNG.runSuites(TestNG.java:1114)\n\tat org.testng.TestNG.run(TestNG.java:1082)\n\tat org.apache.maven.surefire.testng.TestNGExecutor.run(TestNGExecutor.java:155)\n\tat org.apache.maven.surefire.testng.TestNGDirectoryTestSuite.executeMulti(TestNGDirectoryTestSuite.java:169)\n\tat org.apache.maven.surefire.testng.TestNGDirectoryTestSuite.execute(TestNGDirectoryTestSuite.java:88)\n\tat org.apache.maven.surefire.testng.TestNGProvider.invoke(TestNGProvider.java:137)\n\tat org.apache.maven.surefire.booter.ForkedBooter.runSuitesInProcess(ForkedBooter.java:385)\n\tat org.apache.maven.surefire.booter.ForkedBooter.execute(ForkedBooter.java:162)\n\tat org.apache.maven.surefire.booter.ForkedBooter.run(ForkedBooter.java:507)\n\tat org.apache.maven.surefire.booter.ForkedBooter.main(ForkedBooter.java:495)\n","steps":[],"attachments":[{"uid":"98f8b9dfc5ce97bb","name":"Request.txt","source":"98f8b9dfc5ce97bb.txt","type":"text/plain","size":405},{"uid":"91d2ba5babc4c210","name":"Request.txt","source":"91d2ba5babc4c210.txt","type":"text/plain","size":55}],"parameters":[],"shouldDisplayMessage":true,"stepsCount":0,"attachmentsCount":2,"hasContent":true,"attachmentStep":false}],"attachments":[],"parameters":[],"shouldDisplayMessage":false,"stepsCount":1,"attachmentsCount":2,"hasContent":true,"attachmentStep":false},"afterStages":[{"name":"closeHttpClient","time":{"start":1708355685473,"stop":1708355685474,"duration":1},"description":"","status":"passed","steps":[],"attachments":[],"parameters":[],"shouldDisplayMessage":false,"stepsCount":0,"attachmentsCount":0,"hasContent":false,"attachmentStep":false}],"labels":[{"name":"package","value":"com.coherent.aqa.java.training.api.matveenko.TokenTests"},{"name":"testClass","value":"com.coherent.aqa.java.training.api.matveenko.TokenTests"},{"name":"testMethod","value":"createUserWithAvailableZipCode"},{"name":"parentSuite","value":"Surefire suite"},{"name":"suite","value":"Surefire test"},{"name":"subSuite","value":"com.coherent.aqa.java.training.api.matveenko.TokenTests"},{"name":"host","value":"fv-az564-291"},{"name":"thread","value":"2407@fv-az564-291.main(1)"},{"name":"framework","value":"testng"},{"name":"language","value":"java"},{"name":"feature","value":"Users"},{"name":"epic","value":"Tests"},{"name":"resultFormat","value":"allure2"}],"parameters":[],"links":[],"hidden":false,"retry":false,"extra":{"severity":"normal","retries":[],"categories":[{"name":"Product defects","matchedStatuses":[],"flaky":false}],"history":{"statistic":{"failed":5,"broken":0,"skipped":0,"passed":36,"unknown":0,"total":41},"items":[{"uid":"e3620a5f5fa35eb5","reportUrl":"https://AnnaMa3.github.io/Fin--3101/21//#testresult/e3620a5f5fa35eb5","status":"passed","time":{"start":1708350234279,"stop":1708350234463,"duration":184}},{"uid":"19d292420504d188","reportUrl":"https://AnnaMa3.github.io/Fin--3101/21//#testresult/19d292420504d188","status":"passed","time":{"start":1708349917100,"stop":1708349917300,"duration":200}},{"uid":"7d82864049adaa76","reportUrl":"https://AnnaMa3.github.io/Fin--3101/25//#testresult/7d82864049adaa76","status":"passed","time":{"start":1708349767717,"stop":1708349768010,"duration":293}},{"uid":"c61899dc3a83d736","reportUrl":"https://AnnaMa3.github.io/Fin--3101/24//#testresult/c61899dc3a83d736","status":"passed","time":{"start":1708349669415,"stop":1708349669661,"duration":246}},{"uid":"3770b610520404d7","reportUrl":"https://AnnaMa3.github.io/Fin--3101/23//#testresult/3770b610520404d7","status":"passed","time":{"start":1708349628269,"stop":1708349628490,"duration":221}},{"uid":"238a3790fbd2a963","reportUrl":"https://AnnaMa3.github.io/Fin--3101/22//#testresult/238a3790fbd2a963","status":"passed","time":{"start":1708349604655,"stop":1708349604864,"duration":209}},{"uid":"5030428dd2edba52","reportUrl":"https://AnnaMa3.github.io/Fin--3101/21//#testresult/5030428dd2edba52","status":"passed","time":{"start":1708336582045,"stop":1708336582307,"duration":262}},{"uid":"f9c7ebd6c69afbce","reportUrl":"https://AnnaMa3.github.io/Fin--3101/20//#testresult/f9c7ebd6c69afbce","status":"passed","time":{"start":1708335700076,"stop":1708335700269,"duration":193}},{"uid":"d4c117102b5fca59","reportUrl":"https://AnnaMa3.github.io/Fin--3101/18//#testresult/d4c117102b5fca59","status":"passed","time":{"start":1708025959266,"stop":1708025959462,"duration":196}},{"uid":"687a78837348acc0","reportUrl":"https://AnnaMa3.github.io/Fin--3101/19//#testresult/687a78837348acc0","status":"passed","time":{"start":1708025852679,"stop":1708025852867,"duration":188}},{"uid":"c757e3f6bf287ef","reportUrl":"https://AnnaMa3.github.io/Fin--3101/18//#testresult/c757e3f6bf287ef","status":"passed","time":{"start":1708025431495,"stop":1708025431707,"duration":212}},{"uid":"e09d4d34671590fa","reportUrl":"https://AnnaMa3.github.io/Fin--3101/18//#testresult/e09d4d34671590fa","status":"passed","time":{"start":1708018145401,"stop":1708018145579,"duration":178}},{"uid":"9f2cbf46b6396acb","reportUrl":"https://AnnaMa3.github.io/Fin--3101/18//#testresult/9f2cbf46b6396acb","status":"passed","time":{"start":1708018003305,"stop":1708018003492,"duration":187}},{"uid":"fe200730fb50073d","reportUrl":"https://AnnaMa3.github.io/Fin--3101/18//#testresult/fe200730fb50073d","status":"passed","time":{"start":1708017842626,"stop":1708017842853,"duration":227}},{"uid":"2271a27818f582a7","reportUrl":"https://AnnaMa3.github.io/Fin--3101/11//#testresult/2271a27818f582a7","status":"passed","time":{"start":1708017737816,"stop":1708017738047,"duration":231}},{"uid":"ae17891b4e4b6720","reportUrl":"https://AnnaMa3.github.io/Fin--3101/19//#testresult/ae17891b4e4b6720","status":"passed","time":{"start":1708017529435,"stop":1708017529644,"duration":209}},{"uid":"845a8a0fabea072","reportUrl":"https://AnnaMa3.github.io/Fin--3101/19//#testresult/845a8a0fabea072","status":"passed","time":{"start":1708017422926,"stop":1708017423129,"duration":203}},{"uid":"968ca21072f352b5","reportUrl":"https://AnnaMa3.github.io/Fin--3101/18//#testresult/968ca21072f352b5","status":"passed","time":{"start":1708017319197,"stop":1708017319472,"duration":275}},{"uid":"a07c978fde126cad","reportUrl":"https://AnnaMa3.github.io/Fin--3101/18//#testresult/a07c978fde126cad","status":"passed","time":{"start":1708016440646,"stop":1708016440922,"duration":276}},{"uid":"9917316c30ceae83","reportUrl":"https://AnnaMa3.github.io/Fin--3101/18//#testresult/9917316c30ceae83","status":"passed","time":{"start":1708016263994,"stop":1708016264177,"duration":183}}]},"tags":[]},"source":"726ccec721c6743c.json","parameterValues":[]}