{"uid":"7d44502b7ee614c9","name":"Delete Users Test","fullName":"com.coherent.aqa.java.training.api.matveenko.RestAssuredTests.deleteUser","historyId":"8604e9c986475ee99fe127c6ee14d329","time":{"start":1708355684972,"stop":1708355685076,"duration":104},"description":"Delete Users Test","descriptionHtml":"<p>Delete Users Test</p>\n","status":"failed","statusMessage":"List NOT contains: [Zip code is not added to available zip codes of application] expected [true] but found [false]","statusTrace":"java.lang.AssertionError: List NOT contains: [Zip code is not added to available zip codes of application] expected [true] but found [false]\n\tat org.testng.Assert.fail(Assert.java:111)\n\tat org.testng.Assert.failNotEquals(Assert.java:1578)\n\tat org.testng.Assert.assertTrue(Assert.java:57)\n\tat org.testng.Assert.assertListContainsObject(Assert.java:2470)\n\tat com.coherent.aqa.java.training.api.matveenko.RestAssuredTests.deleteUser(RestAssuredTests.java:390)\n\tat java.base/jdk.internal.reflect.NativeMethodAccessorImpl.invoke0(Native Method)\n\tat java.base/jdk.internal.reflect.NativeMethodAccessorImpl.invoke(NativeMethodAccessorImpl.java:62)\n\tat java.base/jdk.internal.reflect.DelegatingMethodAccessorImpl.invoke(DelegatingMethodAccessorImpl.java:43)\n\tat java.base/java.lang.reflect.Method.invoke(Method.java:566)\n\tat org.testng.internal.invokers.MethodInvocationHelper.invokeMethod(MethodInvocationHelper.java:139)\n\tat org.testng.internal.invokers.TestInvoker.invokeMethod(TestInvoker.java:664)\n\tat org.testng.internal.invokers.TestInvoker.invokeTestMethod(TestInvoker.java:227)\n\tat org.testng.internal.invokers.MethodRunner.runInSequence(MethodRunner.java:50)\n\tat org.testng.internal.invokers.TestInvoker$MethodInvocationAgent.invoke(TestInvoker.java:957)\n\tat org.testng.internal.invokers.TestInvoker.invokeTestMethods(TestInvoker.java:200)\n\tat org.testng.internal.invokers.TestMethodWorker.invokeTestMethods(TestMethodWorker.java:148)\n\tat org.testng.internal.invokers.TestMethodWorker.run(TestMethodWorker.java:128)\n\tat java.base/java.util.ArrayList.forEach(ArrayList.java:1541)\n\tat org.testng.TestRunner.privateRun(TestRunner.java:848)\n\tat org.testng.TestRunner.run(TestRunner.java:621)\n\tat org.testng.SuiteRunner.runTest(SuiteRunner.java:443)\n\tat org.testng.SuiteRunner.runSequentially(SuiteRunner.java:437)\n\tat org.testng.SuiteRunner.privateRun(SuiteRunner.java:397)\n\tat org.testng.SuiteRunner.run(SuiteRunner.java:336)\n\tat org.testng.SuiteRunnerWorker.runSuite(SuiteRunnerWorker.java:52)\n\tat org.testng.SuiteRunnerWorker.run(SuiteRunnerWorker.java:95)\n\tat org.testng.TestNG.runSuitesSequentially(TestNG.java:1280)\n\tat org.testng.TestNG.runSuitesLocally(TestNG.java:1200)\n\tat org.testng.TestNG.runSuites(TestNG.java:1114)\n\tat org.testng.TestNG.run(TestNG.java:1082)\n\tat org.apache.maven.surefire.testng.TestNGExecutor.run(TestNGExecutor.java:155)\n\tat org.apache.maven.surefire.testng.TestNGDirectoryTestSuite.executeMulti(TestNGDirectoryTestSuite.java:169)\n\tat org.apache.maven.surefire.testng.TestNGDirectoryTestSuite.execute(TestNGDirectoryTestSuite.java:88)\n\tat org.apache.maven.surefire.testng.TestNGProvider.invoke(TestNGProvider.java:137)\n\tat org.apache.maven.surefire.booter.ForkedBooter.runSuitesInProcess(ForkedBooter.java:385)\n\tat org.apache.maven.surefire.booter.ForkedBooter.execute(ForkedBooter.java:162)\n\tat org.apache.maven.surefire.booter.ForkedBooter.run(ForkedBooter.java:507)\n\tat org.apache.maven.surefire.booter.ForkedBooter.main(ForkedBooter.java:495)\n","flaky":false,"newFailed":true,"newBroken":false,"newPassed":false,"retriesCount":0,"retriesStatusChange":false,"beforeStages":[],"testStage":{"description":"Delete Users Test","status":"failed","statusMessage":"List NOT contains: [Zip code is not added to available zip codes of application] expected [true] but found [false]","statusTrace":"java.lang.AssertionError: List NOT contains: [Zip code is not added to available zip codes of application] expected [true] but found [false]\n\tat org.testng.Assert.fail(Assert.java:111)\n\tat org.testng.Assert.failNotEquals(Assert.java:1578)\n\tat org.testng.Assert.assertTrue(Assert.java:57)\n\tat org.testng.Assert.assertListContainsObject(Assert.java:2470)\n\tat com.coherent.aqa.java.training.api.matveenko.RestAssuredTests.deleteUser(RestAssuredTests.java:390)\n\tat java.base/jdk.internal.reflect.NativeMethodAccessorImpl.invoke0(Native Method)\n\tat java.base/jdk.internal.reflect.NativeMethodAccessorImpl.invoke(NativeMethodAccessorImpl.java:62)\n\tat java.base/jdk.internal.reflect.DelegatingMethodAccessorImpl.invoke(DelegatingMethodAccessorImpl.java:43)\n\tat java.base/java.lang.reflect.Method.invoke(Method.java:566)\n\tat org.testng.internal.invokers.MethodInvocationHelper.invokeMethod(MethodInvocationHelper.java:139)\n\tat org.testng.internal.invokers.TestInvoker.invokeMethod(TestInvoker.java:664)\n\tat org.testng.internal.invokers.TestInvoker.invokeTestMethod(TestInvoker.java:227)\n\tat org.testng.internal.invokers.MethodRunner.runInSequence(MethodRunner.java:50)\n\tat org.testng.internal.invokers.TestInvoker$MethodInvocationAgent.invoke(TestInvoker.java:957)\n\tat org.testng.internal.invokers.TestInvoker.invokeTestMethods(TestInvoker.java:200)\n\tat org.testng.internal.invokers.TestMethodWorker.invokeTestMethods(TestMethodWorker.java:148)\n\tat org.testng.internal.invokers.TestMethodWorker.run(TestMethodWorker.java:128)\n\tat java.base/java.util.ArrayList.forEach(ArrayList.java:1541)\n\tat org.testng.TestRunner.privateRun(TestRunner.java:848)\n\tat org.testng.TestRunner.run(TestRunner.java:621)\n\tat org.testng.SuiteRunner.runTest(SuiteRunner.java:443)\n\tat org.testng.SuiteRunner.runSequentially(SuiteRunner.java:437)\n\tat org.testng.SuiteRunner.privateRun(SuiteRunner.java:397)\n\tat org.testng.SuiteRunner.run(SuiteRunner.java:336)\n\tat org.testng.SuiteRunnerWorker.runSuite(SuiteRunnerWorker.java:52)\n\tat org.testng.SuiteRunnerWorker.run(SuiteRunnerWorker.java:95)\n\tat org.testng.TestNG.runSuitesSequentially(TestNG.java:1280)\n\tat org.testng.TestNG.runSuitesLocally(TestNG.java:1200)\n\tat org.testng.TestNG.runSuites(TestNG.java:1114)\n\tat org.testng.TestNG.run(TestNG.java:1082)\n\tat org.apache.maven.surefire.testng.TestNGExecutor.run(TestNGExecutor.java:155)\n\tat org.apache.maven.surefire.testng.TestNGDirectoryTestSuite.executeMulti(TestNGDirectoryTestSuite.java:169)\n\tat org.apache.maven.surefire.testng.TestNGDirectoryTestSuite.execute(TestNGDirectoryTestSuite.java:88)\n\tat org.apache.maven.surefire.testng.TestNGProvider.invoke(TestNGProvider.java:137)\n\tat org.apache.maven.surefire.booter.ForkedBooter.runSuitesInProcess(ForkedBooter.java:385)\n\tat org.apache.maven.surefire.booter.ForkedBooter.execute(ForkedBooter.java:162)\n\tat org.apache.maven.surefire.booter.ForkedBooter.run(ForkedBooter.java:507)\n\tat org.apache.maven.surefire.booter.ForkedBooter.main(ForkedBooter.java:495)\n","steps":[{"name":"Step 1","time":{"start":1708355684972,"stop":1708355685076,"duration":104},"status":"failed","statusMessage":"List NOT contains: [Zip code is not added to available zip codes of application] expected [true] but found [false]","statusTrace":"java.lang.AssertionError: List NOT contains: [Zip code is not added to available zip codes of application] expected [true] but found [false]\n\tat org.testng.Assert.fail(Assert.java:111)\n\tat org.testng.Assert.failNotEquals(Assert.java:1578)\n\tat org.testng.Assert.assertTrue(Assert.java:57)\n\tat org.testng.Assert.assertListContainsObject(Assert.java:2470)\n\tat com.coherent.aqa.java.training.api.matveenko.RestAssuredTests.deleteUser(RestAssuredTests.java:390)\n\tat java.base/jdk.internal.reflect.NativeMethodAccessorImpl.invoke0(Native Method)\n\tat java.base/jdk.internal.reflect.NativeMethodAccessorImpl.invoke(NativeMethodAccessorImpl.java:62)\n\tat java.base/jdk.internal.reflect.DelegatingMethodAccessorImpl.invoke(DelegatingMethodAccessorImpl.java:43)\n\tat java.base/java.lang.reflect.Method.invoke(Method.java:566)\n\tat org.testng.internal.invokers.MethodInvocationHelper.invokeMethod(MethodInvocationHelper.java:139)\n\tat org.testng.internal.invokers.TestInvoker.invokeMethod(TestInvoker.java:664)\n\tat org.testng.internal.invokers.TestInvoker.invokeTestMethod(TestInvoker.java:227)\n\tat org.testng.internal.invokers.MethodRunner.runInSequence(MethodRunner.java:50)\n\tat org.testng.internal.invokers.TestInvoker$MethodInvocationAgent.invoke(TestInvoker.java:957)\n\tat org.testng.internal.invokers.TestInvoker.invokeTestMethods(TestInvoker.java:200)\n\tat org.testng.internal.invokers.TestMethodWorker.invokeTestMethods(TestMethodWorker.java:148)\n\tat org.testng.internal.invokers.TestMethodWorker.run(TestMethodWorker.java:128)\n\tat java.base/java.util.ArrayList.forEach(ArrayList.java:1541)\n\tat org.testng.TestRunner.privateRun(TestRunner.java:848)\n\tat org.testng.TestRunner.run(TestRunner.java:621)\n\tat org.testng.SuiteRunner.runTest(SuiteRunner.java:443)\n\tat org.testng.SuiteRunner.runSequentially(SuiteRunner.java:437)\n\tat org.testng.SuiteRunner.privateRun(SuiteRunner.java:397)\n\tat org.testng.SuiteRunner.run(SuiteRunner.java:336)\n\tat org.testng.SuiteRunnerWorker.runSuite(SuiteRunnerWorker.java:52)\n\tat org.testng.SuiteRunnerWorker.run(SuiteRunnerWorker.java:95)\n\tat org.testng.TestNG.runSuitesSequentially(TestNG.java:1280)\n\tat org.testng.TestNG.runSuitesLocally(TestNG.java:1200)\n\tat org.testng.TestNG.runSuites(TestNG.java:1114)\n\tat org.testng.TestNG.run(TestNG.java:1082)\n\tat org.apache.maven.surefire.testng.TestNGExecutor.run(TestNGExecutor.java:155)\n\tat org.apache.maven.surefire.testng.TestNGDirectoryTestSuite.executeMulti(TestNGDirectoryTestSuite.java:169)\n\tat org.apache.maven.surefire.testng.TestNGDirectoryTestSuite.execute(TestNGDirectoryTestSuite.java:88)\n\tat org.apache.maven.surefire.testng.TestNGProvider.invoke(TestNGProvider.java:137)\n\tat org.apache.maven.surefire.booter.ForkedBooter.runSuitesInProcess(ForkedBooter.java:385)\n\tat org.apache.maven.surefire.booter.ForkedBooter.execute(ForkedBooter.java:162)\n\tat org.apache.maven.surefire.booter.ForkedBooter.run(ForkedBooter.java:507)\n\tat org.apache.maven.surefire.booter.ForkedBooter.main(ForkedBooter.java:495)\n","steps":[],"attachments":[{"uid":"d17373a56a42c4c8","name":"Request.txt","source":"d17373a56a42c4c8.txt","type":"text/plain","size":2}],"parameters":[],"shouldDisplayMessage":true,"stepsCount":0,"attachmentsCount":1,"hasContent":true,"attachmentStep":false}],"attachments":[],"parameters":[],"shouldDisplayMessage":false,"stepsCount":1,"attachmentsCount":1,"hasContent":true,"attachmentStep":false},"afterStages":[{"name":"closeHttpClient","time":{"start":1708355685473,"stop":1708355685474,"duration":1},"description":"","status":"passed","steps":[],"attachments":[],"parameters":[],"shouldDisplayMessage":false,"stepsCount":0,"attachmentsCount":0,"hasContent":false,"attachmentStep":false}],"labels":[{"name":"package","value":"com.coherent.aqa.java.training.api.matveenko.RestAssuredTests"},{"name":"testClass","value":"com.coherent.aqa.java.training.api.matveenko.RestAssuredTests"},{"name":"testMethod","value":"deleteUser"},{"name":"parentSuite","value":"Surefire suite"},{"name":"suite","value":"Surefire test"},{"name":"subSuite","value":"com.coherent.aqa.java.training.api.matveenko.RestAssuredTests"},{"name":"host","value":"fv-az564-291"},{"name":"thread","value":"2407@fv-az564-291.main(1)"},{"name":"framework","value":"testng"},{"name":"language","value":"java"},{"name":"feature","value":"Users"},{"name":"epic","value":"Tests"},{"name":"resultFormat","value":"allure2"}],"parameters":[],"links":[],"hidden":false,"retry":false,"extra":{"severity":"normal","retries":[],"categories":[{"name":"Product defects","matchedStatuses":[],"flaky":false}],"history":{"statistic":{"failed":7,"broken":0,"skipped":0,"passed":16,"unknown":0,"total":23},"items":[{"uid":"1526d6af453f0b44","reportUrl":"https://AnnaMa3.github.io/Fin--3101/21//#testresult/1526d6af453f0b44","status":"passed","time":{"start":1708350237416,"stop":1708350237490,"duration":74}},{"uid":"582bf40c6c4689b5","reportUrl":"https://AnnaMa3.github.io/Fin--3101/21//#testresult/582bf40c6c4689b5","status":"passed","time":{"start":1708349920274,"stop":1708349920338,"duration":64}},{"uid":"99ea23890438d33b","reportUrl":"https://AnnaMa3.github.io/Fin--3101/21//#testresult/99ea23890438d33b","status":"passed","time":{"start":1708336585042,"stop":1708336585104,"duration":62}},{"uid":"826987047a2c783","reportUrl":"https://AnnaMa3.github.io/Fin--3101/20//#testresult/826987047a2c783","status":"passed","time":{"start":1708335702929,"stop":1708335703011,"duration":82}},{"uid":"b597f8a255402565","reportUrl":"https://AnnaMa3.github.io/Fin--3101/18//#testresult/b597f8a255402565","status":"passed","time":{"start":1708025962236,"stop":1708025962321,"duration":85}},{"uid":"3ec636cdf1467ceb","reportUrl":"https://AnnaMa3.github.io/Fin--3101/18//#testresult/3ec636cdf1467ceb","status":"passed","time":{"start":1708025434368,"stop":1708025434467,"duration":99}},{"uid":"712f6713ee03391c","reportUrl":"https://AnnaMa3.github.io/Fin--3101/18//#testresult/712f6713ee03391c","status":"passed","time":{"start":1708018148229,"stop":1708018148291,"duration":62}},{"uid":"dcb97f826c445027","reportUrl":"https://AnnaMa3.github.io/Fin--3101/18//#testresult/dcb97f826c445027","status":"passed","time":{"start":1708018006316,"stop":1708018006382,"duration":66}},{"uid":"f6fd888ee41dd717","reportUrl":"https://AnnaMa3.github.io/Fin--3101/18//#testresult/f6fd888ee41dd717","status":"passed","time":{"start":1708017845681,"stop":1708017845758,"duration":77}},{"uid":"a9c29ff1bd1161af","reportUrl":"https://AnnaMa3.github.io/Fin--3101/11//#testresult/a9c29ff1bd1161af","status":"failed","statusDetails":"List NOT contains: [Zip code is not added to available zip codes of application] expected [true] but found [false]","time":{"start":1708017740849,"stop":1708017740924,"duration":75}},{"uid":"b9622ea871a81a11","reportUrl":"https://AnnaMa3.github.io/Fin--3101/18//#testresult/b9622ea871a81a11","status":"passed","time":{"start":1708017322413,"stop":1708017322479,"duration":66}},{"uid":"d71a9293d5349464","reportUrl":"https://AnnaMa3.github.io/Fin--3101/18//#testresult/d71a9293d5349464","status":"passed","time":{"start":1708016443865,"stop":1708016443940,"duration":75}},{"uid":"a3a3ba621002f589","reportUrl":"https://AnnaMa3.github.io/Fin--3101/18//#testresult/a3a3ba621002f589","status":"passed","time":{"start":1708016267249,"stop":1708016267364,"duration":115}},{"uid":"441c1cc86a973fd7","reportUrl":"https://AnnaMa3.github.io/Fin--3101/18//#testresult/441c1cc86a973fd7","status":"passed","time":{"start":1708014596097,"stop":1708014596193,"duration":96}},{"uid":"eef48743cc8a52bb","reportUrl":"https://AnnaMa3.github.io/Fin--3101/18//#testresult/eef48743cc8a52bb","status":"passed","time":{"start":1707987399774,"stop":1707987399834,"duration":60}},{"uid":"be5d62cd53e43fd6","reportUrl":"https://AnnaMa3.github.io/Fin--3101/11//#testresult/be5d62cd53e43fd6","status":"failed","statusDetails":"List NOT contains: [Zip code is not added to available zip codes of application] expected [true] but found [false]","time":{"start":1707987200237,"stop":1707987200318,"duration":81}},{"uid":"6c39e7ebd954027c","reportUrl":"https://AnnaMa3.github.io/Fin--3101/11//#testresult/6c39e7ebd954027c","status":"failed","statusDetails":"List NOT contains: [Zip code is not added to available zip codes of application] expected [true] but found [false]","time":{"start":1707986711692,"stop":1707986711764,"duration":72}},{"uid":"7bb607beac8ceae6","reportUrl":"https://AnnaMa3.github.io/Fin--3101/11//#testresult/7bb607beac8ceae6","status":"failed","statusDetails":"List NOT contains: [Zip code is not added to available zip codes of application] expected [true] but found [false]","time":{"start":1707985411091,"stop":1707985411173,"duration":82}},{"uid":"4d012ecabec4a743","reportUrl":"https://AnnaMa3.github.io/Fin--3101/11//#testresult/4d012ecabec4a743","status":"failed","statusDetails":"List NOT contains: [Zip code is not added to available zip codes of application] expected [true] but found [false]","time":{"start":1707827191109,"stop":1707827191190,"duration":81}},{"uid":"1d620f6073e96f91","reportUrl":"https://AnnaMa3.github.io/Fin--3101/11//#testresult/1d620f6073e96f91","status":"failed","statusDetails":"List NOT contains: [Zip code is not added to available zip codes of application] expected [true] but found [false]","time":{"start":1707826268595,"stop":1707826268670,"duration":75}}]},"tags":[]},"source":"7d44502b7ee614c9.json","parameterValues":[]}