{"uid":"e251b4b9c374b8ff","name":"Update Users Test","fullName":"com.coherent.aqa.java.training.api.matveenko.TokenTests.updateUsersTest","historyId":"1c8699607959f538f45ee6483bb8a424","time":{"start":1708355682478,"stop":1708355682510,"duration":32},"description":"Update Users Test","descriptionHtml":"<p>Update Users Test</p>\n","status":"failed","statusMessage":"Users are not updated expected [200] but found [400]","statusTrace":"java.lang.AssertionError: Users are not updated expected [200] but found [400]\n\tat org.testng.Assert.fail(Assert.java:111)\n\tat org.testng.Assert.failNotEquals(Assert.java:1578)\n\tat org.testng.Assert.assertEqualsImpl(Assert.java:150)\n\tat org.testng.Assert.assertEquals(Assert.java:132)\n\tat org.testng.Assert.assertEquals(Assert.java:1419)\n\tat org.testng.Assert.assertEquals(Assert.java:1383)\n\tat com.coherent.aqa.java.training.api.matveenko.base.UserHttpClient.executeUpdateUserRequest(UserHttpClient.java:114)\n\tat com.coherent.aqa.java.training.api.matveenko.TokenTests.updateUsersTest(TokenTests.java:188)\n\tat java.base/jdk.internal.reflect.NativeMethodAccessorImpl.invoke0(Native Method)\n\tat java.base/jdk.internal.reflect.NativeMethodAccessorImpl.invoke(NativeMethodAccessorImpl.java:62)\n\tat java.base/jdk.internal.reflect.DelegatingMethodAccessorImpl.invoke(DelegatingMethodAccessorImpl.java:43)\n\tat java.base/java.lang.reflect.Method.invoke(Method.java:566)\n\tat org.testng.internal.invokers.MethodInvocationHelper.invokeMethod(MethodInvocationHelper.java:139)\n\tat org.testng.internal.invokers.TestInvoker.invokeMethod(TestInvoker.java:664)\n\tat org.testng.internal.invokers.TestInvoker.invokeTestMethod(TestInvoker.java:227)\n\tat org.testng.internal.invokers.MethodRunner.runInSequence(MethodRunner.java:50)\n\tat org.testng.internal.invokers.TestInvoker$MethodInvocationAgent.invoke(TestInvoker.java:957)\n\tat org.testng.internal.invokers.TestInvoker.invokeTestMethods(TestInvoker.java:200)\n\tat org.testng.internal.invokers.TestMethodWorker.invokeTestMethods(TestMethodWorker.java:148)\n\tat org.testng.internal.invokers.TestMethodWorker.run(TestMethodWorker.java:128)\n\tat java.base/java.util.ArrayList.forEach(ArrayList.java:1541)\n\tat org.testng.TestRunner.privateRun(TestRunner.java:848)\n\tat org.testng.TestRunner.run(TestRunner.java:621)\n\tat org.testng.SuiteRunner.runTest(SuiteRunner.java:443)\n\tat org.testng.SuiteRunner.runSequentially(SuiteRunner.java:437)\n\tat org.testng.SuiteRunner.privateRun(SuiteRunner.java:397)\n\tat org.testng.SuiteRunner.run(SuiteRunner.java:336)\n\tat org.testng.SuiteRunnerWorker.runSuite(SuiteRunnerWorker.java:52)\n\tat org.testng.SuiteRunnerWorker.run(SuiteRunnerWorker.java:95)\n\tat org.testng.TestNG.runSuitesSequentially(TestNG.java:1280)\n\tat org.testng.TestNG.runSuitesLocally(TestNG.java:1200)\n\tat org.testng.TestNG.runSuites(TestNG.java:1114)\n\tat org.testng.TestNG.run(TestNG.java:1082)\n\tat org.apache.maven.surefire.testng.TestNGExecutor.run(TestNGExecutor.java:155)\n\tat org.apache.maven.surefire.testng.TestNGDirectoryTestSuite.executeMulti(TestNGDirectoryTestSuite.java:169)\n\tat org.apache.maven.surefire.testng.TestNGDirectoryTestSuite.execute(TestNGDirectoryTestSuite.java:88)\n\tat org.apache.maven.surefire.testng.TestNGProvider.invoke(TestNGProvider.java:137)\n\tat org.apache.maven.surefire.booter.ForkedBooter.runSuitesInProcess(ForkedBooter.java:385)\n\tat org.apache.maven.surefire.booter.ForkedBooter.execute(ForkedBooter.java:162)\n\tat org.apache.maven.surefire.booter.ForkedBooter.run(ForkedBooter.java:507)\n\tat org.apache.maven.surefire.booter.ForkedBooter.main(ForkedBooter.java:495)\n","flaky":false,"newFailed":true,"newBroken":false,"newPassed":false,"retriesCount":0,"retriesStatusChange":false,"beforeStages":[{"name":"setUp","time":{"start":1708355679996,"stop":1708355680987,"duration":991},"description":"","status":"passed","steps":[],"attachments":[],"parameters":[],"shouldDisplayMessage":false,"stepsCount":0,"attachmentsCount":0,"hasContent":false,"attachmentStep":false}],"testStage":{"description":"Update Users Test","status":"failed","statusMessage":"Users are not updated expected [200] but found [400]","statusTrace":"java.lang.AssertionError: Users are not updated expected [200] but found [400]\n\tat org.testng.Assert.fail(Assert.java:111)\n\tat org.testng.Assert.failNotEquals(Assert.java:1578)\n\tat org.testng.Assert.assertEqualsImpl(Assert.java:150)\n\tat org.testng.Assert.assertEquals(Assert.java:132)\n\tat org.testng.Assert.assertEquals(Assert.java:1419)\n\tat org.testng.Assert.assertEquals(Assert.java:1383)\n\tat com.coherent.aqa.java.training.api.matveenko.base.UserHttpClient.executeUpdateUserRequest(UserHttpClient.java:114)\n\tat com.coherent.aqa.java.training.api.matveenko.TokenTests.updateUsersTest(TokenTests.java:188)\n\tat java.base/jdk.internal.reflect.NativeMethodAccessorImpl.invoke0(Native Method)\n\tat java.base/jdk.internal.reflect.NativeMethodAccessorImpl.invoke(NativeMethodAccessorImpl.java:62)\n\tat java.base/jdk.internal.reflect.DelegatingMethodAccessorImpl.invoke(DelegatingMethodAccessorImpl.java:43)\n\tat java.base/java.lang.reflect.Method.invoke(Method.java:566)\n\tat org.testng.internal.invokers.MethodInvocationHelper.invokeMethod(MethodInvocationHelper.java:139)\n\tat org.testng.internal.invokers.TestInvoker.invokeMethod(TestInvoker.java:664)\n\tat org.testng.internal.invokers.TestInvoker.invokeTestMethod(TestInvoker.java:227)\n\tat org.testng.internal.invokers.MethodRunner.runInSequence(MethodRunner.java:50)\n\tat org.testng.internal.invokers.TestInvoker$MethodInvocationAgent.invoke(TestInvoker.java:957)\n\tat org.testng.internal.invokers.TestInvoker.invokeTestMethods(TestInvoker.java:200)\n\tat org.testng.internal.invokers.TestMethodWorker.invokeTestMethods(TestMethodWorker.java:148)\n\tat org.testng.internal.invokers.TestMethodWorker.run(TestMethodWorker.java:128)\n\tat java.base/java.util.ArrayList.forEach(ArrayList.java:1541)\n\tat org.testng.TestRunner.privateRun(TestRunner.java:848)\n\tat org.testng.TestRunner.run(TestRunner.java:621)\n\tat org.testng.SuiteRunner.runTest(SuiteRunner.java:443)\n\tat org.testng.SuiteRunner.runSequentially(SuiteRunner.java:437)\n\tat org.testng.SuiteRunner.privateRun(SuiteRunner.java:397)\n\tat org.testng.SuiteRunner.run(SuiteRunner.java:336)\n\tat org.testng.SuiteRunnerWorker.runSuite(SuiteRunnerWorker.java:52)\n\tat org.testng.SuiteRunnerWorker.run(SuiteRunnerWorker.java:95)\n\tat org.testng.TestNG.runSuitesSequentially(TestNG.java:1280)\n\tat org.testng.TestNG.runSuitesLocally(TestNG.java:1200)\n\tat org.testng.TestNG.runSuites(TestNG.java:1114)\n\tat org.testng.TestNG.run(TestNG.java:1082)\n\tat org.apache.maven.surefire.testng.TestNGExecutor.run(TestNGExecutor.java:155)\n\tat org.apache.maven.surefire.testng.TestNGDirectoryTestSuite.executeMulti(TestNGDirectoryTestSuite.java:169)\n\tat org.apache.maven.surefire.testng.TestNGDirectoryTestSuite.execute(TestNGDirectoryTestSuite.java:88)\n\tat org.apache.maven.surefire.testng.TestNGProvider.invoke(TestNGProvider.java:137)\n\tat org.apache.maven.surefire.booter.ForkedBooter.runSuitesInProcess(ForkedBooter.java:385)\n\tat org.apache.maven.surefire.booter.ForkedBooter.execute(ForkedBooter.java:162)\n\tat org.apache.maven.surefire.booter.ForkedBooter.run(ForkedBooter.java:507)\n\tat org.apache.maven.surefire.booter.ForkedBooter.main(ForkedBooter.java:495)\n","steps":[{"name":"Step 1","time":{"start":1708355682479,"stop":1708355682510,"duration":31},"status":"failed","statusMessage":"Users are not updated expected [200] but found [400]","statusTrace":"java.lang.AssertionError: Users are not updated expected [200] but found [400]\n\tat org.testng.Assert.fail(Assert.java:111)\n\tat org.testng.Assert.failNotEquals(Assert.java:1578)\n\tat org.testng.Assert.assertEqualsImpl(Assert.java:150)\n\tat org.testng.Assert.assertEquals(Assert.java:132)\n\tat org.testng.Assert.assertEquals(Assert.java:1419)\n\tat org.testng.Assert.assertEquals(Assert.java:1383)\n\tat com.coherent.aqa.java.training.api.matveenko.base.UserHttpClient.executeUpdateUserRequest(UserHttpClient.java:114)\n\tat com.coherent.aqa.java.training.api.matveenko.TokenTests.updateUsersTest(TokenTests.java:188)\n\tat java.base/jdk.internal.reflect.NativeMethodAccessorImpl.invoke0(Native Method)\n\tat java.base/jdk.internal.reflect.NativeMethodAccessorImpl.invoke(NativeMethodAccessorImpl.java:62)\n\tat java.base/jdk.internal.reflect.DelegatingMethodAccessorImpl.invoke(DelegatingMethodAccessorImpl.java:43)\n\tat java.base/java.lang.reflect.Method.invoke(Method.java:566)\n\tat org.testng.internal.invokers.MethodInvocationHelper.invokeMethod(MethodInvocationHelper.java:139)\n\tat org.testng.internal.invokers.TestInvoker.invokeMethod(TestInvoker.java:664)\n\tat org.testng.internal.invokers.TestInvoker.invokeTestMethod(TestInvoker.java:227)\n\tat org.testng.internal.invokers.MethodRunner.runInSequence(MethodRunner.java:50)\n\tat org.testng.internal.invokers.TestInvoker$MethodInvocationAgent.invoke(TestInvoker.java:957)\n\tat org.testng.internal.invokers.TestInvoker.invokeTestMethods(TestInvoker.java:200)\n\tat org.testng.internal.invokers.TestMethodWorker.invokeTestMethods(TestMethodWorker.java:148)\n\tat org.testng.internal.invokers.TestMethodWorker.run(TestMethodWorker.java:128)\n\tat java.base/java.util.ArrayList.forEach(ArrayList.java:1541)\n\tat org.testng.TestRunner.privateRun(TestRunner.java:848)\n\tat org.testng.TestRunner.run(TestRunner.java:621)\n\tat org.testng.SuiteRunner.runTest(SuiteRunner.java:443)\n\tat org.testng.SuiteRunner.runSequentially(SuiteRunner.java:437)\n\tat org.testng.SuiteRunner.privateRun(SuiteRunner.java:397)\n\tat org.testng.SuiteRunner.run(SuiteRunner.java:336)\n\tat org.testng.SuiteRunnerWorker.runSuite(SuiteRunnerWorker.java:52)\n\tat org.testng.SuiteRunnerWorker.run(SuiteRunnerWorker.java:95)\n\tat org.testng.TestNG.runSuitesSequentially(TestNG.java:1280)\n\tat org.testng.TestNG.runSuitesLocally(TestNG.java:1200)\n\tat org.testng.TestNG.runSuites(TestNG.java:1114)\n\tat org.testng.TestNG.run(TestNG.java:1082)\n\tat org.apache.maven.surefire.testng.TestNGExecutor.run(TestNGExecutor.java:155)\n\tat org.apache.maven.surefire.testng.TestNGDirectoryTestSuite.executeMulti(TestNGDirectoryTestSuite.java:169)\n\tat org.apache.maven.surefire.testng.TestNGDirectoryTestSuite.execute(TestNGDirectoryTestSuite.java:88)\n\tat org.apache.maven.surefire.testng.TestNGProvider.invoke(TestNGProvider.java:137)\n\tat org.apache.maven.surefire.booter.ForkedBooter.runSuitesInProcess(ForkedBooter.java:385)\n\tat org.apache.maven.surefire.booter.ForkedBooter.execute(ForkedBooter.java:162)\n\tat org.apache.maven.surefire.booter.ForkedBooter.run(ForkedBooter.java:507)\n\tat org.apache.maven.surefire.booter.ForkedBooter.main(ForkedBooter.java:495)\n","steps":[],"attachments":[{"uid":"e573c25b9bc4441c","name":"Request.txt","source":"e573c25b9bc4441c.txt","type":"text/plain","size":408},{"uid":"fd5ad2c0df1a61a8","name":"Request.txt","source":"fd5ad2c0df1a61a8.txt","type":"text/plain","size":144}],"parameters":[],"shouldDisplayMessage":true,"stepsCount":0,"attachmentsCount":2,"hasContent":true,"attachmentStep":false}],"attachments":[],"parameters":[],"shouldDisplayMessage":false,"stepsCount":1,"attachmentsCount":2,"hasContent":true,"attachmentStep":false},"afterStages":[{"name":"closeHttpClient","time":{"start":1708355685473,"stop":1708355685474,"duration":1},"description":"","status":"passed","steps":[],"attachments":[],"parameters":[],"shouldDisplayMessage":false,"stepsCount":0,"attachmentsCount":0,"hasContent":false,"attachmentStep":false}],"labels":[{"name":"package","value":"com.coherent.aqa.java.training.api.matveenko.TokenTests"},{"name":"testClass","value":"com.coherent.aqa.java.training.api.matveenko.TokenTests"},{"name":"testMethod","value":"updateUsersTest"},{"name":"parentSuite","value":"Surefire suite"},{"name":"suite","value":"Surefire test"},{"name":"subSuite","value":"com.coherent.aqa.java.training.api.matveenko.TokenTests"},{"name":"host","value":"fv-az564-291"},{"name":"thread","value":"2407@fv-az564-291.main(1)"},{"name":"framework","value":"testng"},{"name":"language","value":"java"},{"name":"feature","value":"Users"},{"name":"epic","value":"Tests"},{"name":"resultFormat","value":"allure2"}],"parameters":[],"links":[],"hidden":false,"retry":false,"extra":{"severity":"normal","retries":[],"categories":[{"name":"Product defects","matchedStatuses":[],"flaky":false}],"history":{"statistic":{"failed":5,"broken":0,"skipped":0,"passed":36,"unknown":0,"total":41},"items":[{"uid":"97d0d9243639884d","reportUrl":"https://AnnaMa3.github.io/Fin--3101/21//#testresult/97d0d9243639884d","status":"passed","time":{"start":1708350234472,"stop":1708350234531,"duration":59}},{"uid":"45697e77fdf09a53","reportUrl":"https://AnnaMa3.github.io/Fin--3101/21//#testresult/45697e77fdf09a53","status":"passed","time":{"start":1708349917304,"stop":1708349917355,"duration":51}},{"uid":"56592d73fd1bcb8a","reportUrl":"https://AnnaMa3.github.io/Fin--3101/25//#testresult/56592d73fd1bcb8a","status":"passed","time":{"start":1708349768013,"stop":1708349768073,"duration":60}},{"uid":"cac4ff9eec364e04","reportUrl":"https://AnnaMa3.github.io/Fin--3101/24//#testresult/cac4ff9eec364e04","status":"passed","time":{"start":1708349669667,"stop":1708349669729,"duration":62}},{"uid":"a3597ac96767105e","reportUrl":"https://AnnaMa3.github.io/Fin--3101/23//#testresult/a3597ac96767105e","status":"passed","time":{"start":1708349628493,"stop":1708349628540,"duration":47}},{"uid":"1f1e7b95395a22b5","reportUrl":"https://AnnaMa3.github.io/Fin--3101/22//#testresult/1f1e7b95395a22b5","status":"passed","time":{"start":1708349604867,"stop":1708349604929,"duration":62}},{"uid":"b67223826c07caad","reportUrl":"https://AnnaMa3.github.io/Fin--3101/21//#testresult/b67223826c07caad","status":"passed","time":{"start":1708336582310,"stop":1708336582361,"duration":51}},{"uid":"5bb9ebd1fa54e4ed","reportUrl":"https://AnnaMa3.github.io/Fin--3101/20//#testresult/5bb9ebd1fa54e4ed","status":"passed","time":{"start":1708335700276,"stop":1708335700327,"duration":51}},{"uid":"6455c201fad97794","reportUrl":"https://AnnaMa3.github.io/Fin--3101/18//#testresult/6455c201fad97794","status":"passed","time":{"start":1708025959466,"stop":1708025959521,"duration":55}},{"uid":"f1a0d1a097bf773e","reportUrl":"https://AnnaMa3.github.io/Fin--3101/19//#testresult/f1a0d1a097bf773e","status":"passed","time":{"start":1708025852875,"stop":1708025852936,"duration":61}},{"uid":"518c3819228baee6","reportUrl":"https://AnnaMa3.github.io/Fin--3101/18//#testresult/518c3819228baee6","status":"passed","time":{"start":1708025431711,"stop":1708025431765,"duration":54}},{"uid":"47e02e83cab9af61","reportUrl":"https://AnnaMa3.github.io/Fin--3101/18//#testresult/47e02e83cab9af61","status":"passed","time":{"start":1708018145581,"stop":1708018145631,"duration":50}},{"uid":"a5ecfacec34fb4f","reportUrl":"https://AnnaMa3.github.io/Fin--3101/18//#testresult/a5ecfacec34fb4f","status":"passed","time":{"start":1708018003498,"stop":1708018003541,"duration":43}},{"uid":"596b2fa773fac982","reportUrl":"https://AnnaMa3.github.io/Fin--3101/18//#testresult/596b2fa773fac982","status":"passed","time":{"start":1708017842856,"stop":1708017842913,"duration":57}},{"uid":"e48e831572231108","reportUrl":"https://AnnaMa3.github.io/Fin--3101/11//#testresult/e48e831572231108","status":"passed","time":{"start":1708017738051,"stop":1708017738116,"duration":65}},{"uid":"690806b9a71ff89","reportUrl":"https://AnnaMa3.github.io/Fin--3101/19//#testresult/690806b9a71ff89","status":"passed","time":{"start":1708017529650,"stop":1708017529724,"duration":74}},{"uid":"4028cf9b1eaf83f7","reportUrl":"https://AnnaMa3.github.io/Fin--3101/19//#testresult/4028cf9b1eaf83f7","status":"passed","time":{"start":1708017423132,"stop":1708017423178,"duration":46}},{"uid":"c46d0bd6121cce80","reportUrl":"https://AnnaMa3.github.io/Fin--3101/18//#testresult/c46d0bd6121cce80","status":"passed","time":{"start":1708017319485,"stop":1708017319567,"duration":82}},{"uid":"c94b6cf443ec6957","reportUrl":"https://AnnaMa3.github.io/Fin--3101/18//#testresult/c94b6cf443ec6957","status":"passed","time":{"start":1708016440928,"stop":1708016440985,"duration":57}},{"uid":"81dd39eca443f63a","reportUrl":"https://AnnaMa3.github.io/Fin--3101/18//#testresult/81dd39eca443f63a","status":"passed","time":{"start":1708016264181,"stop":1708016264245,"duration":64}}]},"tags":[]},"source":"e251b4b9c374b8ff.json","parameterValues":[]}