{"uid":"f395a3bbf428bd91","name":"Create User Test","fullName":"com.coherent.aqa.java.training.api.matveenko.RestAssuredTests.createUserWithAvailableZipCode","historyId":"73e875248e50eab6dcc2447432c1df90","time":{"start":1708355774694,"stop":1708355776694,"duration":2000},"description":"Create User Test","descriptionHtml":"<p>Create User Test</p>\n","status":"failed","statusMessage":"Users are not available expected [201] but found [424]","statusTrace":"java.lang.AssertionError: Users are not available expected [201] but found [424]\n\tat org.testng.Assert.fail(Assert.java:111)\n\tat org.testng.Assert.failNotEquals(Assert.java:1578)\n\tat org.testng.Assert.assertEqualsImpl(Assert.java:150)\n\tat org.testng.Assert.assertEquals(Assert.java:132)\n\tat org.testng.Assert.assertEquals(Assert.java:1419)\n\tat org.testng.Assert.assertEquals(Assert.java:1383)\n\tat com.coherent.aqa.java.training.api.matveenko.RestAssuredTests.createUserWithAvailableZipCode(RestAssuredTests.java:197)\n\tat java.base/jdk.internal.reflect.NativeMethodAccessorImpl.invoke0(Native Method)\n\tat java.base/jdk.internal.reflect.NativeMethodAccessorImpl.invoke(NativeMethodAccessorImpl.java:62)\n\tat java.base/jdk.internal.reflect.DelegatingMethodAccessorImpl.invoke(DelegatingMethodAccessorImpl.java:43)\n\tat java.base/java.lang.reflect.Method.invoke(Method.java:566)\n\tat org.testng.internal.invokers.MethodInvocationHelper.invokeMethod(MethodInvocationHelper.java:139)\n\tat org.testng.internal.invokers.TestInvoker.invokeMethod(TestInvoker.java:664)\n\tat org.testng.internal.invokers.TestInvoker.invokeTestMethod(TestInvoker.java:227)\n\tat org.testng.internal.invokers.MethodRunner.runInSequence(MethodRunner.java:50)\n\tat org.testng.internal.invokers.TestInvoker$MethodInvocationAgent.invoke(TestInvoker.java:957)\n\tat org.testng.internal.invokers.TestInvoker.invokeTestMethods(TestInvoker.java:200)\n\tat org.testng.internal.invokers.TestMethodWorker.invokeTestMethods(TestMethodWorker.java:148)\n\tat org.testng.internal.invokers.TestMethodWorker.run(TestMethodWorker.java:128)\n\tat java.base/java.util.ArrayList.forEach(ArrayList.java:1541)\n\tat org.testng.TestRunner.privateRun(TestRunner.java:848)\n\tat org.testng.TestRunner.run(TestRunner.java:621)\n\tat org.testng.SuiteRunner.runTest(SuiteRunner.java:443)\n\tat org.testng.SuiteRunner.runSequentially(SuiteRunner.java:437)\n\tat org.testng.SuiteRunner.privateRun(SuiteRunner.java:397)\n\tat org.testng.SuiteRunner.run(SuiteRunner.java:336)\n\tat org.testng.SuiteRunnerWorker.runSuite(SuiteRunnerWorker.java:52)\n\tat org.testng.SuiteRunnerWorker.run(SuiteRunnerWorker.java:95)\n\tat org.testng.TestNG.runSuitesSequentially(TestNG.java:1280)\n\tat org.testng.TestNG.runSuitesLocally(TestNG.java:1200)\n\tat org.testng.TestNG.runSuites(TestNG.java:1114)\n\tat org.testng.TestNG.run(TestNG.java:1082)\n\tat org.apache.maven.surefire.testng.TestNGExecutor.run(TestNGExecutor.java:155)\n\tat org.apache.maven.surefire.testng.TestNGDirectoryTestSuite.executeMulti(TestNGDirectoryTestSuite.java:169)\n\tat org.apache.maven.surefire.testng.TestNGDirectoryTestSuite.execute(TestNGDirectoryTestSuite.java:88)\n\tat org.apache.maven.surefire.testng.TestNGProvider.invoke(TestNGProvider.java:137)\n\tat org.apache.maven.surefire.booter.ForkedBooter.runSuitesInProcess(ForkedBooter.java:385)\n\tat org.apache.maven.surefire.booter.ForkedBooter.execute(ForkedBooter.java:162)\n\tat org.apache.maven.surefire.booter.ForkedBooter.run(ForkedBooter.java:507)\n\tat org.apache.maven.surefire.booter.ForkedBooter.main(ForkedBooter.java:495)\n","flaky":false,"newFailed":false,"newBroken":false,"newPassed":false,"retriesCount":0,"retriesStatusChange":false,"beforeStages":[],"testStage":{"description":"Create User Test","status":"failed","statusMessage":"Users are not available expected [201] but found [424]","statusTrace":"java.lang.AssertionError: Users are not available expected [201] but found [424]\n\tat org.testng.Assert.fail(Assert.java:111)\n\tat org.testng.Assert.failNotEquals(Assert.java:1578)\n\tat org.testng.Assert.assertEqualsImpl(Assert.java:150)\n\tat org.testng.Assert.assertEquals(Assert.java:132)\n\tat org.testng.Assert.assertEquals(Assert.java:1419)\n\tat org.testng.Assert.assertEquals(Assert.java:1383)\n\tat com.coherent.aqa.java.training.api.matveenko.RestAssuredTests.createUserWithAvailableZipCode(RestAssuredTests.java:197)\n\tat java.base/jdk.internal.reflect.NativeMethodAccessorImpl.invoke0(Native Method)\n\tat java.base/jdk.internal.reflect.NativeMethodAccessorImpl.invoke(NativeMethodAccessorImpl.java:62)\n\tat java.base/jdk.internal.reflect.DelegatingMethodAccessorImpl.invoke(DelegatingMethodAccessorImpl.java:43)\n\tat java.base/java.lang.reflect.Method.invoke(Method.java:566)\n\tat org.testng.internal.invokers.MethodInvocationHelper.invokeMethod(MethodInvocationHelper.java:139)\n\tat org.testng.internal.invokers.TestInvoker.invokeMethod(TestInvoker.java:664)\n\tat org.testng.internal.invokers.TestInvoker.invokeTestMethod(TestInvoker.java:227)\n\tat org.testng.internal.invokers.MethodRunner.runInSequence(MethodRunner.java:50)\n\tat org.testng.internal.invokers.TestInvoker$MethodInvocationAgent.invoke(TestInvoker.java:957)\n\tat org.testng.internal.invokers.TestInvoker.invokeTestMethods(TestInvoker.java:200)\n\tat org.testng.internal.invokers.TestMethodWorker.invokeTestMethods(TestMethodWorker.java:148)\n\tat org.testng.internal.invokers.TestMethodWorker.run(TestMethodWorker.java:128)\n\tat java.base/java.util.ArrayList.forEach(ArrayList.java:1541)\n\tat org.testng.TestRunner.privateRun(TestRunner.java:848)\n\tat org.testng.TestRunner.run(TestRunner.java:621)\n\tat org.testng.SuiteRunner.runTest(SuiteRunner.java:443)\n\tat org.testng.SuiteRunner.runSequentially(SuiteRunner.java:437)\n\tat org.testng.SuiteRunner.privateRun(SuiteRunner.java:397)\n\tat org.testng.SuiteRunner.run(SuiteRunner.java:336)\n\tat org.testng.SuiteRunnerWorker.runSuite(SuiteRunnerWorker.java:52)\n\tat org.testng.SuiteRunnerWorker.run(SuiteRunnerWorker.java:95)\n\tat org.testng.TestNG.runSuitesSequentially(TestNG.java:1280)\n\tat org.testng.TestNG.runSuitesLocally(TestNG.java:1200)\n\tat org.testng.TestNG.runSuites(TestNG.java:1114)\n\tat org.testng.TestNG.run(TestNG.java:1082)\n\tat org.apache.maven.surefire.testng.TestNGExecutor.run(TestNGExecutor.java:155)\n\tat org.apache.maven.surefire.testng.TestNGDirectoryTestSuite.executeMulti(TestNGDirectoryTestSuite.java:169)\n\tat org.apache.maven.surefire.testng.TestNGDirectoryTestSuite.execute(TestNGDirectoryTestSuite.java:88)\n\tat org.apache.maven.surefire.testng.TestNGProvider.invoke(TestNGProvider.java:137)\n\tat org.apache.maven.surefire.booter.ForkedBooter.runSuitesInProcess(ForkedBooter.java:385)\n\tat org.apache.maven.surefire.booter.ForkedBooter.execute(ForkedBooter.java:162)\n\tat org.apache.maven.surefire.booter.ForkedBooter.run(ForkedBooter.java:507)\n\tat org.apache.maven.surefire.booter.ForkedBooter.main(ForkedBooter.java:495)\n","steps":[{"name":"Step 1","time":{"start":1708355774694,"stop":1708355776694,"duration":2000},"status":"failed","statusMessage":"Users are not available expected [201] but found [424]","statusTrace":"java.lang.AssertionError: Users are not available expected [201] but found [424]\n\tat org.testng.Assert.fail(Assert.java:111)\n\tat org.testng.Assert.failNotEquals(Assert.java:1578)\n\tat org.testng.Assert.assertEqualsImpl(Assert.java:150)\n\tat org.testng.Assert.assertEquals(Assert.java:132)\n\tat org.testng.Assert.assertEquals(Assert.java:1419)\n\tat org.testng.Assert.assertEquals(Assert.java:1383)\n\tat com.coherent.aqa.java.training.api.matveenko.RestAssuredTests.createUserWithAvailableZipCode(RestAssuredTests.java:197)\n\tat java.base/jdk.internal.reflect.NativeMethodAccessorImpl.invoke0(Native Method)\n\tat java.base/jdk.internal.reflect.NativeMethodAccessorImpl.invoke(NativeMethodAccessorImpl.java:62)\n\tat java.base/jdk.internal.reflect.DelegatingMethodAccessorImpl.invoke(DelegatingMethodAccessorImpl.java:43)\n\tat java.base/java.lang.reflect.Method.invoke(Method.java:566)\n\tat org.testng.internal.invokers.MethodInvocationHelper.invokeMethod(MethodInvocationHelper.java:139)\n\tat org.testng.internal.invokers.TestInvoker.invokeMethod(TestInvoker.java:664)\n\tat org.testng.internal.invokers.TestInvoker.invokeTestMethod(TestInvoker.java:227)\n\tat org.testng.internal.invokers.MethodRunner.runInSequence(MethodRunner.java:50)\n\tat org.testng.internal.invokers.TestInvoker$MethodInvocationAgent.invoke(TestInvoker.java:957)\n\tat org.testng.internal.invokers.TestInvoker.invokeTestMethods(TestInvoker.java:200)\n\tat org.testng.internal.invokers.TestMethodWorker.invokeTestMethods(TestMethodWorker.java:148)\n\tat org.testng.internal.invokers.TestMethodWorker.run(TestMethodWorker.java:128)\n\tat java.base/java.util.ArrayList.forEach(ArrayList.java:1541)\n\tat org.testng.TestRunner.privateRun(TestRunner.java:848)\n\tat org.testng.TestRunner.run(TestRunner.java:621)\n\tat org.testng.SuiteRunner.runTest(SuiteRunner.java:443)\n\tat org.testng.SuiteRunner.runSequentially(SuiteRunner.java:437)\n\tat org.testng.SuiteRunner.privateRun(SuiteRunner.java:397)\n\tat org.testng.SuiteRunner.run(SuiteRunner.java:336)\n\tat org.testng.SuiteRunnerWorker.runSuite(SuiteRunnerWorker.java:52)\n\tat org.testng.SuiteRunnerWorker.run(SuiteRunnerWorker.java:95)\n\tat org.testng.TestNG.runSuitesSequentially(TestNG.java:1280)\n\tat org.testng.TestNG.runSuitesLocally(TestNG.java:1200)\n\tat org.testng.TestNG.runSuites(TestNG.java:1114)\n\tat org.testng.TestNG.run(TestNG.java:1082)\n\tat org.apache.maven.surefire.testng.TestNGExecutor.run(TestNGExecutor.java:155)\n\tat org.apache.maven.surefire.testng.TestNGDirectoryTestSuite.executeMulti(TestNGDirectoryTestSuite.java:169)\n\tat org.apache.maven.surefire.testng.TestNGDirectoryTestSuite.execute(TestNGDirectoryTestSuite.java:88)\n\tat org.apache.maven.surefire.testng.TestNGProvider.invoke(TestNGProvider.java:137)\n\tat org.apache.maven.surefire.booter.ForkedBooter.runSuitesInProcess(ForkedBooter.java:385)\n\tat org.apache.maven.surefire.booter.ForkedBooter.execute(ForkedBooter.java:162)\n\tat org.apache.maven.surefire.booter.ForkedBooter.run(ForkedBooter.java:507)\n\tat org.apache.maven.surefire.booter.ForkedBooter.main(ForkedBooter.java:495)\n","steps":[],"attachments":[],"parameters":[],"shouldDisplayMessage":true,"stepsCount":0,"attachmentsCount":0,"hasContent":true,"attachmentStep":false}],"attachments":[],"parameters":[],"shouldDisplayMessage":false,"stepsCount":1,"attachmentsCount":0,"hasContent":true,"attachmentStep":false},"afterStages":[{"name":"closeHttpClient","time":{"start":1708355777221,"stop":1708355777222,"duration":1},"description":"","status":"passed","steps":[],"attachments":[],"parameters":[],"shouldDisplayMessage":false,"stepsCount":0,"attachmentsCount":0,"hasContent":false,"attachmentStep":false}],"labels":[{"name":"package","value":"com.coherent.aqa.java.training.api.matveenko.RestAssuredTests"},{"name":"testClass","value":"com.coherent.aqa.java.training.api.matveenko.RestAssuredTests"},{"name":"testMethod","value":"createUserWithAvailableZipCode"},{"name":"parentSuite","value":"Surefire suite"},{"name":"suite","value":"Surefire test"},{"name":"subSuite","value":"com.coherent.aqa.java.training.api.matveenko.RestAssuredTests"},{"name":"host","value":"fv-az849-318"},{"name":"thread","value":"2437@fv-az849-318.main(1)"},{"name":"framework","value":"testng"},{"name":"language","value":"java"},{"name":"feature","value":"Users"},{"name":"epic","value":"Tests"},{"name":"resultFormat","value":"allure2"}],"parameters":[],"links":[],"hidden":false,"retry":false,"extra":{"severity":"normal","retries":[],"categories":[{"name":"Product defects","matchedStatuses":[],"flaky":false}],"history":{"statistic":{"failed":8,"broken":0,"skipped":0,"passed":16,"unknown":0,"total":24},"items":[{"uid":"6d640ffcc4ddbfac","reportUrl":"https://AnnaMa3.github.io/Fin--3101/26//#testresult/6d640ffcc4ddbfac","status":"failed","statusDetails":"Users are not available expected [201] but found [424]","time":{"start":1708355682833,"stop":1708355684969,"duration":2136}},{"uid":"4b4165816e82e9ea","reportUrl":"https://AnnaMa3.github.io/Fin--3101/21//#testresult/4b4165816e82e9ea","status":"passed","time":{"start":1708350237240,"stop":1708350237306,"duration":66}},{"uid":"4a533bb9203aac6c","reportUrl":"https://AnnaMa3.github.io/Fin--3101/21//#testresult/4a533bb9203aac6c","status":"passed","time":{"start":1708349920105,"stop":1708349920173,"duration":68}},{"uid":"4b14ae0574aeb7ae","reportUrl":"https://AnnaMa3.github.io/Fin--3101/21//#testresult/4b14ae0574aeb7ae","status":"passed","time":{"start":1708336584873,"stop":1708336584945,"duration":72}},{"uid":"2781bd6a79633b5e","reportUrl":"https://AnnaMa3.github.io/Fin--3101/20//#testresult/2781bd6a79633b5e","status":"passed","time":{"start":1708335702746,"stop":1708335702815,"duration":69}},{"uid":"b3684bd26ba2f175","reportUrl":"https://AnnaMa3.github.io/Fin--3101/18//#testresult/b3684bd26ba2f175","status":"passed","time":{"start":1708025962048,"stop":1708025962130,"duration":82}},{"uid":"f4e0e3fa804befa8","reportUrl":"https://AnnaMa3.github.io/Fin--3101/18//#testresult/f4e0e3fa804befa8","status":"passed","time":{"start":1708025434187,"stop":1708025434260,"duration":73}},{"uid":"9126ffb0e1ba6d2","reportUrl":"https://AnnaMa3.github.io/Fin--3101/18//#testresult/9126ffb0e1ba6d2","status":"passed","time":{"start":1708018148057,"stop":1708018148124,"duration":67}},{"uid":"d6858a0a89d0bc24","reportUrl":"https://AnnaMa3.github.io/Fin--3101/18//#testresult/d6858a0a89d0bc24","status":"passed","time":{"start":1708018006132,"stop":1708018006204,"duration":72}},{"uid":"c818df5de423c1d8","reportUrl":"https://AnnaMa3.github.io/Fin--3101/18//#testresult/c818df5de423c1d8","status":"passed","time":{"start":1708017845490,"stop":1708017845560,"duration":70}},{"uid":"28f62addc4e1ca90","reportUrl":"https://AnnaMa3.github.io/Fin--3101/11//#testresult/28f62addc4e1ca90","status":"failed","statusDetails":"Users are not available expected [201] but found [424]","time":{"start":1708017740731,"stop":1708017740789,"duration":58}},{"uid":"b3397dc20596f41a","reportUrl":"https://AnnaMa3.github.io/Fin--3101/18//#testresult/b3397dc20596f41a","status":"passed","time":{"start":1708017322232,"stop":1708017322303,"duration":71}},{"uid":"448f222e2a792bba","reportUrl":"https://AnnaMa3.github.io/Fin--3101/18//#testresult/448f222e2a792bba","status":"passed","time":{"start":1708016443659,"stop":1708016443758,"duration":99}},{"uid":"26fcb5c86c26d9d","reportUrl":"https://AnnaMa3.github.io/Fin--3101/18//#testresult/26fcb5c86c26d9d","status":"passed","time":{"start":1708016267058,"stop":1708016267136,"duration":78}},{"uid":"3405d763cebb8b8d","reportUrl":"https://AnnaMa3.github.io/Fin--3101/18//#testresult/3405d763cebb8b8d","status":"passed","time":{"start":1708014595901,"stop":1708014595973,"duration":72}},{"uid":"c19d9614c27220c9","reportUrl":"https://AnnaMa3.github.io/Fin--3101/18//#testresult/c19d9614c27220c9","status":"passed","time":{"start":1707987399589,"stop":1707987399668,"duration":79}},{"uid":"54b32d42f0111d7e","reportUrl":"https://AnnaMa3.github.io/Fin--3101/11//#testresult/54b32d42f0111d7e","status":"failed","statusDetails":"Users are not available expected [201] but found [424]","time":{"start":1707987200093,"stop":1707987200162,"duration":69}},{"uid":"bc4311f5a6d43c4e","reportUrl":"https://AnnaMa3.github.io/Fin--3101/11//#testresult/bc4311f5a6d43c4e","status":"failed","statusDetails":"Users are not available expected [201] but found [424]","time":{"start":1707986711565,"stop":1707986711619,"duration":54}},{"uid":"f050ce75f9689d19","reportUrl":"https://AnnaMa3.github.io/Fin--3101/11//#testresult/f050ce75f9689d19","status":"failed","statusDetails":"Users are not available expected [201] but found [424]","time":{"start":1707985410974,"stop":1707985411030,"duration":56}},{"uid":"4fe64fe3cbaa6120","reportUrl":"https://AnnaMa3.github.io/Fin--3101/11//#testresult/4fe64fe3cbaa6120","status":"failed","statusDetails":"Users are not available expected [201] but found [424]","time":{"start":1707827190980,"stop":1707827191037,"duration":57}}]},"tags":[]},"source":"f395a3bbf428bd91.json","parameterValues":[]}