<?xml version="1.0" encoding="UTF-8"?>
<!-- Generated by org.testng.reporters.JUnitReportReporter -->
<testsuite hostname="PL-NBW-0358" failures="1" tests="9" name="com.coherent.aqa.java.training.api.matveenko.TokenTests" time="2.120" errors="0" timestamp="2024-01-18T10:28:00 CET" skipped="0">
  <testcase classname="com.coherent.aqa.java.training.api.matveenko.TokenTests" name="getUsersTest" time="1.228"/>
  <testcase classname="com.coherent.aqa.java.training.api.matveenko.TokenTests" name="uploadUsers" time="0.483"/>
  <testcase classname="com.coherent.aqa.java.training.api.matveenko.TokenTests" name="getZipCodes" time="0.057"/>
  <testcase classname="com.coherent.aqa.java.training.api.matveenko.TokenTests" name="postZipCodes" time="0.072"/>
  <testcase classname="com.coherent.aqa.java.training.api.matveenko.TokenTests" name="getReadTokenTest" time="0.027"/>
  <testcase classname="com.coherent.aqa.java.training.api.matveenko.TokenTests" name="createUserWithAvailableZipCode" time="0.074"/>
  <testcase classname="com.coherent.aqa.java.training.api.matveenko.TokenTests" name="deleteUser" time="0.088"/>
  <testcase classname="com.coherent.aqa.java.training.api.matveenko.TokenTests" name="updateUsersTest" time="0.063">
    <failure message="Users are not updated expected [200] but found [400]" type="java.lang.AssertionError">
      <![CDATA[java.lang.AssertionError: Users are not updated expected [200] but found [400]
at org.testng.Assert.fail(Assert.java:111)
at org.testng.Assert.failNotEquals(Assert.java:1578)
at org.testng.Assert.assertEqualsImpl(Assert.java:150)
at org.testng.Assert.assertEquals(Assert.java:132)
at org.testng.Assert.assertEquals(Assert.java:1419)
at org.testng.Assert.assertEquals(Assert.java:1383)
at com.coherent.aqa.java.training.api.matveenko.base.UserHttpClient.executeUpdateUserRequest(UserHttpClient.java:114)
at com.coherent.aqa.java.training.api.matveenko.TokenTests.updateUsersTest(TokenTests.java:189)
at java.base/jdk.internal.reflect.NativeMethodAccessorImpl.invoke0(Native Method)
at java.base/jdk.internal.reflect.NativeMethodAccessorImpl.invoke(NativeMethodAccessorImpl.java:62)
at java.base/jdk.internal.reflect.DelegatingMethodAccessorImpl.invoke(DelegatingMethodAccessorImpl.java:43)
at java.base/java.lang.reflect.Method.invoke(Method.java:566)
at org.testng.internal.invokers.MethodInvocationHelper.invokeMethod(MethodInvocationHelper.java:139)
at org.testng.internal.invokers.TestInvoker.invokeMethod(TestInvoker.java:664)
at org.testng.internal.invokers.TestInvoker.invokeTestMethod(TestInvoker.java:227)
at org.testng.internal.invokers.MethodRunner.runInSequence(MethodRunner.java:50)
at org.testng.internal.invokers.TestInvoker$MethodInvocationAgent.invoke(TestInvoker.java:957)
at org.testng.internal.invokers.TestInvoker.invokeTestMethods(TestInvoker.java:200)
at org.testng.internal.invokers.TestMethodWorker.invokeTestMethods(TestMethodWorker.java:148)
at org.testng.internal.invokers.TestMethodWorker.run(TestMethodWorker.java:128)
at java.base/java.util.ArrayList.forEach(ArrayList.java:1541)
at org.testng.TestRunner.privateRun(TestRunner.java:848)
at org.testng.TestRunner.run(TestRunner.java:621)
at org.testng.SuiteRunner.runTest(SuiteRunner.java:443)
at org.testng.SuiteRunner.runSequentially(SuiteRunner.java:437)
at org.testng.SuiteRunner.privateRun(SuiteRunner.java:397)
at org.testng.SuiteRunner.run(SuiteRunner.java:336)
at org.testng.SuiteRunnerWorker.runSuite(SuiteRunnerWorker.java:52)
at org.testng.SuiteRunnerWorker.run(SuiteRunnerWorker.java:95)
at org.testng.TestNG.runSuitesSequentially(TestNG.java:1280)
at org.testng.TestNG.runSuitesLocally(TestNG.java:1200)
at org.testng.TestNG.runSuites(TestNG.java:1114)
at org.testng.TestNG.run(TestNG.java:1082)
at org.apache.maven.surefire.testng.TestNGExecutor.run(TestNGExecutor.java:155)
at org.apache.maven.surefire.testng.TestNGDirectoryTestSuite.executeSingleClass(TestNGDirectoryTestSuite.java:102)
at org.apache.maven.surefire.testng.TestNGDirectoryTestSuite.execute(TestNGDirectoryTestSuite.java:91)
at org.apache.maven.surefire.testng.TestNGProvider.invoke(TestNGProvider.java:137)
at org.apache.maven.surefire.booter.ForkedBooter.runSuitesInProcess(ForkedBooter.java:385)
at org.apache.maven.surefire.booter.ForkedBooter.execute(ForkedBooter.java:162)
at org.apache.maven.surefire.booter.ForkedBooter.run(ForkedBooter.java:507)
at org.apache.maven.surefire.booter.ForkedBooter.main(ForkedBooter.java:495)
]]>
    </failure>
  </testcase> <!-- updateUsersTest -->
  <testcase classname="com.coherent.aqa.java.training.api.matveenko.TokenTests" name="getWriteTokenTest" time="0.028"/>
</testsuite> <!-- com.coherent.aqa.java.training.api.matveenko.TokenTests -->
