{"uid":"7b6d7e6cf875a476","name":"Get ZipCodes Test2","fullName":"com.coherent.aqa.java.training.api.matveenko.TokenTests.getZipCodes2","historyId":"9494076674867a69a3f7926db3bb3989","time":{"start":1705508516214,"stop":1705508516269,"duration":55},"description":"Get ZipCodes Test2","descriptionHtml":"<p>Get ZipCodes Test2</p>\n","status":"failed","statusMessage":"Duplicates are found expected [4] but found [6]","statusTrace":"java.lang.AssertionError: Duplicates are found expected [4] but found [6]\r\n\tat org.testng.Assert.fail(Assert.java:111)\r\n\tat org.testng.Assert.failNotEquals(Assert.java:1578)\r\n\tat org.testng.Assert.assertEqualsImpl(Assert.java:150)\r\n\tat org.testng.Assert.assertEquals(Assert.java:132)\r\n\tat org.testng.Assert.assertEquals(Assert.java:1419)\r\n\tat org.testng.Assert.assertEquals(Assert.java:1383)\r\n\tat com.coherent.aqa.java.training.api.matveenko.TokenTests.getZipCodes(TokenTests.java:117)\r\n\tat com.coherent.aqa.java.training.api.matveenko.TokenTests.getZipCodes2(TokenTests.java:104)\r\n\tat java.base/jdk.internal.reflect.NativeMethodAccessorImpl.invoke0(Native Method)\r\n\tat java.base/jdk.internal.reflect.NativeMethodAccessorImpl.invoke(NativeMethodAccessorImpl.java:62)\r\n\tat java.base/jdk.internal.reflect.DelegatingMethodAccessorImpl.invoke(DelegatingMethodAccessorImpl.java:43)\r\n\tat java.base/java.lang.reflect.Method.invoke(Method.java:566)\r\n\tat org.testng.internal.invokers.MethodInvocationHelper.invokeMethod(MethodInvocationHelper.java:139)\r\n\tat org.testng.internal.invokers.TestInvoker.invokeMethod(TestInvoker.java:664)\r\n\tat org.testng.internal.invokers.TestInvoker.invokeTestMethod(TestInvoker.java:227)\r\n\tat org.testng.internal.invokers.MethodRunner.runInSequence(MethodRunner.java:50)\r\n\tat org.testng.internal.invokers.TestInvoker$MethodInvocationAgent.invoke(TestInvoker.java:957)\r\n\tat org.testng.internal.invokers.TestInvoker.invokeTestMethods(TestInvoker.java:200)\r\n\tat org.testng.internal.invokers.TestMethodWorker.invokeTestMethods(TestMethodWorker.java:148)\r\n\tat org.testng.internal.invokers.TestMethodWorker.run(TestMethodWorker.java:128)\r\n\tat java.base/java.util.ArrayList.forEach(ArrayList.java:1541)\r\n\tat org.testng.TestRunner.privateRun(TestRunner.java:848)\r\n\tat org.testng.TestRunner.run(TestRunner.java:621)\r\n\tat org.testng.SuiteRunner.runTest(SuiteRunner.java:443)\r\n\tat org.testng.SuiteRunner.runSequentially(SuiteRunner.java:437)\r\n\tat org.testng.SuiteRunner.privateRun(SuiteRunner.java:397)\r\n\tat org.testng.SuiteRunner.run(SuiteRunner.java:336)\r\n\tat org.testng.SuiteRunnerWorker.runSuite(SuiteRunnerWorker.java:52)\r\n\tat org.testng.SuiteRunnerWorker.run(SuiteRunnerWorker.java:95)\r\n\tat org.testng.TestNG.runSuitesSequentially(TestNG.java:1280)\r\n\tat org.testng.TestNG.runSuitesLocally(TestNG.java:1200)\r\n\tat org.testng.TestNG.runSuites(TestNG.java:1114)\r\n\tat org.testng.TestNG.run(TestNG.java:1082)\r\n\tat org.apache.maven.surefire.testng.TestNGExecutor.run(TestNGExecutor.java:155)\r\n\tat org.apache.maven.surefire.testng.TestNGDirectoryTestSuite.executeSingleClass(TestNGDirectoryTestSuite.java:102)\r\n\tat org.apache.maven.surefire.testng.TestNGDirectoryTestSuite.execute(TestNGDirectoryTestSuite.java:91)\r\n\tat org.apache.maven.surefire.testng.TestNGProvider.invoke(TestNGProvider.java:137)\r\n\tat org.apache.maven.surefire.booter.ForkedBooter.runSuitesInProcess(ForkedBooter.java:385)\r\n\tat org.apache.maven.surefire.booter.ForkedBooter.execute(ForkedBooter.java:162)\r\n\tat org.apache.maven.surefire.booter.ForkedBooter.run(ForkedBooter.java:507)\r\n\tat org.apache.maven.surefire.booter.ForkedBooter.main(ForkedBooter.java:495)\r\n","flaky":false,"newFailed":false,"newBroken":false,"newPassed":false,"retriesCount":0,"retriesStatusChange":false,"beforeStages":[{"name":"setUp","time":{"start":1705508514452,"stop":1705508515336,"duration":884},"description":"","status":"passed","steps":[],"attachments":[],"parameters":[],"shouldDisplayMessage":false,"stepsCount":0,"attachmentsCount":0,"hasContent":false,"attachmentStep":false}],"testStage":{"description":"Get ZipCodes Test2","status":"failed","statusMessage":"Duplicates are found expected [4] but found [6]","statusTrace":"java.lang.AssertionError: Duplicates are found expected [4] but found [6]\r\n\tat org.testng.Assert.fail(Assert.java:111)\r\n\tat org.testng.Assert.failNotEquals(Assert.java:1578)\r\n\tat org.testng.Assert.assertEqualsImpl(Assert.java:150)\r\n\tat org.testng.Assert.assertEquals(Assert.java:132)\r\n\tat org.testng.Assert.assertEquals(Assert.java:1419)\r\n\tat org.testng.Assert.assertEquals(Assert.java:1383)\r\n\tat com.coherent.aqa.java.training.api.matveenko.TokenTests.getZipCodes(TokenTests.java:117)\r\n\tat com.coherent.aqa.java.training.api.matveenko.TokenTests.getZipCodes2(TokenTests.java:104)\r\n\tat java.base/jdk.internal.reflect.NativeMethodAccessorImpl.invoke0(Native Method)\r\n\tat java.base/jdk.internal.reflect.NativeMethodAccessorImpl.invoke(NativeMethodAccessorImpl.java:62)\r\n\tat java.base/jdk.internal.reflect.DelegatingMethodAccessorImpl.invoke(DelegatingMethodAccessorImpl.java:43)\r\n\tat java.base/java.lang.reflect.Method.invoke(Method.java:566)\r\n\tat org.testng.internal.invokers.MethodInvocationHelper.invokeMethod(MethodInvocationHelper.java:139)\r\n\tat org.testng.internal.invokers.TestInvoker.invokeMethod(TestInvoker.java:664)\r\n\tat org.testng.internal.invokers.TestInvoker.invokeTestMethod(TestInvoker.java:227)\r\n\tat org.testng.internal.invokers.MethodRunner.runInSequence(MethodRunner.java:50)\r\n\tat org.testng.internal.invokers.TestInvoker$MethodInvocationAgent.invoke(TestInvoker.java:957)\r\n\tat org.testng.internal.invokers.TestInvoker.invokeTestMethods(TestInvoker.java:200)\r\n\tat org.testng.internal.invokers.TestMethodWorker.invokeTestMethods(TestMethodWorker.java:148)\r\n\tat org.testng.internal.invokers.TestMethodWorker.run(TestMethodWorker.java:128)\r\n\tat java.base/java.util.ArrayList.forEach(ArrayList.java:1541)\r\n\tat org.testng.TestRunner.privateRun(TestRunner.java:848)\r\n\tat org.testng.TestRunner.run(TestRunner.java:621)\r\n\tat org.testng.SuiteRunner.runTest(SuiteRunner.java:443)\r\n\tat org.testng.SuiteRunner.runSequentially(SuiteRunner.java:437)\r\n\tat org.testng.SuiteRunner.privateRun(SuiteRunner.java:397)\r\n\tat org.testng.SuiteRunner.run(SuiteRunner.java:336)\r\n\tat org.testng.SuiteRunnerWorker.runSuite(SuiteRunnerWorker.java:52)\r\n\tat org.testng.SuiteRunnerWorker.run(SuiteRunnerWorker.java:95)\r\n\tat org.testng.TestNG.runSuitesSequentially(TestNG.java:1280)\r\n\tat org.testng.TestNG.runSuitesLocally(TestNG.java:1200)\r\n\tat org.testng.TestNG.runSuites(TestNG.java:1114)\r\n\tat org.testng.TestNG.run(TestNG.java:1082)\r\n\tat org.apache.maven.surefire.testng.TestNGExecutor.run(TestNGExecutor.java:155)\r\n\tat org.apache.maven.surefire.testng.TestNGDirectoryTestSuite.executeSingleClass(TestNGDirectoryTestSuite.java:102)\r\n\tat org.apache.maven.surefire.testng.TestNGDirectoryTestSuite.execute(TestNGDirectoryTestSuite.java:91)\r\n\tat org.apache.maven.surefire.testng.TestNGProvider.invoke(TestNGProvider.java:137)\r\n\tat org.apache.maven.surefire.booter.ForkedBooter.runSuitesInProcess(ForkedBooter.java:385)\r\n\tat org.apache.maven.surefire.booter.ForkedBooter.execute(ForkedBooter.java:162)\r\n\tat org.apache.maven.surefire.booter.ForkedBooter.run(ForkedBooter.java:507)\r\n\tat org.apache.maven.surefire.booter.ForkedBooter.main(ForkedBooter.java:495)\r\n","steps":[{"name":"Step 1","time":{"start":1705508516227,"stop":1705508516268,"duration":41},"status":"failed","statusMessage":"Duplicates are found expected [4] but found [6]","statusTrace":"java.lang.AssertionError: Duplicates are found expected [4] but found [6]\r\n\tat org.testng.Assert.fail(Assert.java:111)\r\n\tat org.testng.Assert.failNotEquals(Assert.java:1578)\r\n\tat org.testng.Assert.assertEqualsImpl(Assert.java:150)\r\n\tat org.testng.Assert.assertEquals(Assert.java:132)\r\n\tat org.testng.Assert.assertEquals(Assert.java:1419)\r\n\tat org.testng.Assert.assertEquals(Assert.java:1383)\r\n\tat com.coherent.aqa.java.training.api.matveenko.TokenTests.getZipCodes(TokenTests.java:117)\r\n\tat com.coherent.aqa.java.training.api.matveenko.TokenTests.getZipCodes2(TokenTests.java:104)\r\n\tat java.base/jdk.internal.reflect.NativeMethodAccessorImpl.invoke0(Native Method)\r\n\tat java.base/jdk.internal.reflect.NativeMethodAccessorImpl.invoke(NativeMethodAccessorImpl.java:62)\r\n\tat java.base/jdk.internal.reflect.DelegatingMethodAccessorImpl.invoke(DelegatingMethodAccessorImpl.java:43)\r\n\tat java.base/java.lang.reflect.Method.invoke(Method.java:566)\r\n\tat org.testng.internal.invokers.MethodInvocationHelper.invokeMethod(MethodInvocationHelper.java:139)\r\n\tat org.testng.internal.invokers.TestInvoker.invokeMethod(TestInvoker.java:664)\r\n\tat org.testng.internal.invokers.TestInvoker.invokeTestMethod(TestInvoker.java:227)\r\n\tat org.testng.internal.invokers.MethodRunner.runInSequence(MethodRunner.java:50)\r\n\tat org.testng.internal.invokers.TestInvoker$MethodInvocationAgent.invoke(TestInvoker.java:957)\r\n\tat org.testng.internal.invokers.TestInvoker.invokeTestMethods(TestInvoker.java:200)\r\n\tat org.testng.internal.invokers.TestMethodWorker.invokeTestMethods(TestMethodWorker.java:148)\r\n\tat org.testng.internal.invokers.TestMethodWorker.run(TestMethodWorker.java:128)\r\n\tat java.base/java.util.ArrayList.forEach(ArrayList.java:1541)\r\n\tat org.testng.TestRunner.privateRun(TestRunner.java:848)\r\n\tat org.testng.TestRunner.run(TestRunner.java:621)\r\n\tat org.testng.SuiteRunner.runTest(SuiteRunner.java:443)\r\n\tat org.testng.SuiteRunner.runSequentially(SuiteRunner.java:437)\r\n\tat org.testng.SuiteRunner.privateRun(SuiteRunner.java:397)\r\n\tat org.testng.SuiteRunner.run(SuiteRunner.java:336)\r\n\tat org.testng.SuiteRunnerWorker.runSuite(SuiteRunnerWorker.java:52)\r\n\tat org.testng.SuiteRunnerWorker.run(SuiteRunnerWorker.java:95)\r\n\tat org.testng.TestNG.runSuitesSequentially(TestNG.java:1280)\r\n\tat org.testng.TestNG.runSuitesLocally(TestNG.java:1200)\r\n\tat org.testng.TestNG.runSuites(TestNG.java:1114)\r\n\tat org.testng.TestNG.run(TestNG.java:1082)\r\n\tat org.apache.maven.surefire.testng.TestNGExecutor.run(TestNGExecutor.java:155)\r\n\tat org.apache.maven.surefire.testng.TestNGDirectoryTestSuite.executeSingleClass(TestNGDirectoryTestSuite.java:102)\r\n\tat org.apache.maven.surefire.testng.TestNGDirectoryTestSuite.execute(TestNGDirectoryTestSuite.java:91)\r\n\tat org.apache.maven.surefire.testng.TestNGProvider.invoke(TestNGProvider.java:137)\r\n\tat org.apache.maven.surefire.booter.ForkedBooter.runSuitesInProcess(ForkedBooter.java:385)\r\n\tat org.apache.maven.surefire.booter.ForkedBooter.execute(ForkedBooter.java:162)\r\n\tat org.apache.maven.surefire.booter.ForkedBooter.run(ForkedBooter.java:507)\r\n\tat org.apache.maven.surefire.booter.ForkedBooter.main(ForkedBooter.java:495)\r\n","steps":[],"attachments":[{"uid":"29c2c7e0dcbfb1","name":"Request.txt","source":"29c2c7e0dcbfb1.txt","type":"text/plain","size":410},{"uid":"508ec15721adb80c","name":"Request.txt","source":"508ec15721adb80c.txt","type":"text/plain","size":96}],"parameters":[],"shouldDisplayMessage":true,"stepsCount":0,"attachmentsCount":2,"hasContent":true,"attachmentStep":false}],"attachments":[],"parameters":[],"shouldDisplayMessage":false,"stepsCount":1,"attachmentsCount":2,"hasContent":true,"attachmentStep":false},"afterStages":[{"name":"closeHttpClient","time":{"start":1705508516866,"stop":1705508516869,"duration":3},"description":"","status":"passed","steps":[],"attachments":[],"parameters":[],"shouldDisplayMessage":false,"stepsCount":0,"attachmentsCount":0,"hasContent":false,"attachmentStep":false}],"labels":[{"name":"package","value":"com.coherent.aqa.java.training.api.matveenko.TokenTests"},{"name":"testClass","value":"com.coherent.aqa.java.training.api.matveenko.TokenTests"},{"name":"testMethod","value":"getZipCodes2"},{"name":"parentSuite","value":"Surefire suite"},{"name":"suite","value":"Surefire test"},{"name":"subSuite","value":"com.coherent.aqa.java.training.api.matveenko.TokenTests"},{"name":"host","value":"PL-NBW-0358"},{"name":"thread","value":"32296@PL-NBW-0358.main(1)"},{"name":"framework","value":"testng"},{"name":"language","value":"java"},{"name":"feature","value":"Users"},{"name":"epic","value":"Tests"},{"name":"resultFormat","value":"allure2"}],"parameters":[],"links":[],"hidden":false,"retry":false,"extra":{"severity":"normal","retries":[],"categories":[{"name":"Product defects","matchedStatuses":[],"flaky":false}],"history":{"statistic":{"failed":30,"broken":0,"skipped":0,"passed":0,"unknown":0,"total":30},"items":[{"uid":"de94dc9f319b2bff","reportUrl":"https://AnnaMa3.github.io/Fin--3101/18//#testresult/de94dc9f319b2bff","status":"failed","statusDetails":"Duplicates are found expected [4] but found [6]","time":{"start":1705508516214,"stop":1705508516269,"duration":55}},{"uid":"f80d4e888e8c581c","reportUrl":"https://AnnaMa3.github.io/Fin--3101/18//#testresult/f80d4e888e8c581c","status":"failed","statusDetails":"Duplicates are found expected [4] but found [6]","time":{"start":1705508516214,"stop":1705508516269,"duration":55}},{"uid":"6be1418abd7dc2a9","reportUrl":"https://AnnaMa3.github.io/Fin--3101/18//#testresult/6be1418abd7dc2a9","status":"failed","statusDetails":"Duplicates are found expected [4] but found [6]","time":{"start":1705508516214,"stop":1705508516269,"duration":55}},{"uid":"24c1bad0f488b199","reportUrl":"https://AnnaMa3.github.io/Fin--3101/11//#testresult/24c1bad0f488b199","status":"failed","statusDetails":"Duplicates are found expected [4] but found [6]","time":{"start":1705508516214,"stop":1705508516269,"duration":55}},{"uid":"bc49192132093414","reportUrl":"https://AnnaMa3.github.io/Fin--3101/19//#testresult/bc49192132093414","status":"failed","statusDetails":"Duplicates are found expected [4] but found [6]","time":{"start":1705508516214,"stop":1705508516269,"duration":55}},{"uid":"5358945c47ecce10","reportUrl":"https://AnnaMa3.github.io/Fin--3101/19//#testresult/5358945c47ecce10","status":"failed","statusDetails":"Duplicates are found expected [4] but found [6]","time":{"start":1705508516214,"stop":1705508516269,"duration":55}},{"uid":"a09234e7f8254c16","reportUrl":"https://AnnaMa3.github.io/Fin--3101/18//#testresult/a09234e7f8254c16","status":"failed","statusDetails":"Duplicates are found expected [4] but found [6]","time":{"start":1705508516214,"stop":1705508516269,"duration":55}},{"uid":"ad605ac0b76f6599","reportUrl":"https://AnnaMa3.github.io/Fin--3101/18//#testresult/ad605ac0b76f6599","status":"failed","statusDetails":"Duplicates are found expected [4] but found [6]","time":{"start":1705508516214,"stop":1705508516269,"duration":55}},{"uid":"aa13c598d127ab02","reportUrl":"https://AnnaMa3.github.io/Fin--3101/18//#testresult/aa13c598d127ab02","status":"failed","statusDetails":"Duplicates are found expected [4] but found [6]","time":{"start":1705508516214,"stop":1705508516269,"duration":55}},{"uid":"3cafe18dd4dd4437","reportUrl":"https://AnnaMa3.github.io/Fin--3101/18//#testresult/3cafe18dd4dd4437","status":"failed","statusDetails":"Duplicates are found expected [4] but found [6]","time":{"start":1705508516214,"stop":1705508516269,"duration":55}},{"uid":"cc2b2e64d1cd7195","reportUrl":"https://AnnaMa3.github.io/Fin--3101/19//#testresult/cc2b2e64d1cd7195","status":"failed","statusDetails":"Duplicates are found expected [4] but found [6]","time":{"start":1705508516214,"stop":1705508516269,"duration":55}},{"uid":"b1da6ae7dd3322ce","reportUrl":"https://AnnaMa3.github.io/Fin--3101/18//#testresult/b1da6ae7dd3322ce","status":"failed","statusDetails":"Duplicates are found expected [4] but found [6]","time":{"start":1705508516214,"stop":1705508516269,"duration":55}},{"uid":"ed366964692318fe","reportUrl":"https://AnnaMa3.github.io/Fin--3101/11//#testresult/ed366964692318fe","status":"failed","statusDetails":"Duplicates are found expected [4] but found [6]","time":{"start":1705508516214,"stop":1705508516269,"duration":55}},{"uid":"a39588c62c38b7a9","reportUrl":"https://AnnaMa3.github.io/Fin--3101/17//#testresult/a39588c62c38b7a9","status":"failed","statusDetails":"Duplicates are found expected [4] but found [6]","time":{"start":1705508516214,"stop":1705508516269,"duration":55}},{"uid":"490a452def77dfb8","reportUrl":"https://AnnaMa3.github.io/Fin--3101/11//#testresult/490a452def77dfb8","status":"failed","statusDetails":"Duplicates are found expected [4] but found [6]","time":{"start":1705508516214,"stop":1705508516269,"duration":55}},{"uid":"979a97f79f8aa25c","reportUrl":"https://AnnaMa3.github.io/Fin--3101/17//#testresult/979a97f79f8aa25c","status":"failed","statusDetails":"Duplicates are found expected [4] but found [6]","time":{"start":1705508516214,"stop":1705508516269,"duration":55}},{"uid":"e213b781ef30d5ba","reportUrl":"https://AnnaMa3.github.io/Fin--3101/16//#testresult/e213b781ef30d5ba","status":"failed","statusDetails":"Duplicates are found expected [4] but found [6]","time":{"start":1705508516214,"stop":1705508516269,"duration":55}},{"uid":"4189280b260181a0","reportUrl":"https://AnnaMa3.github.io/Fin--3101/11//#testresult/4189280b260181a0","status":"failed","statusDetails":"Duplicates are found expected [4] but found [6]","time":{"start":1705508516214,"stop":1705508516269,"duration":55}},{"uid":"b599e4f438de9f6a","reportUrl":"https://AnnaMa3.github.io/Fin--3101/15//#testresult/b599e4f438de9f6a","status":"failed","statusDetails":"Duplicates are found expected [4] but found [6]","time":{"start":1705508516214,"stop":1705508516269,"duration":55}},{"uid":"8254399a9adc47e4","reportUrl":"https://AnnaMa3.github.io/Fin--3101/14//#testresult/8254399a9adc47e4","status":"failed","statusDetails":"Duplicates are found expected [4] but found [6]","time":{"start":1705508516214,"stop":1705508516269,"duration":55}}]},"tags":[]},"source":"7b6d7e6cf875a476.json","parameterValues":[]}