{"uid":"c325f16fef8111a8","name":"Update Users Test","fullName":"com.coherent.aqa.java.training.api.matveenko.RestAssuredTests.updateUsersTest","historyId":"18c795ef48c34f185e5f2d2544ed4c3a","time":{"start":1708018006208,"stop":1708018006308,"duration":100},"description":"Update Users Test","descriptionHtml":"<p>Update Users Test</p>\n","status":"failed","statusMessage":"Users are not updated expected [true] but found [false]","statusTrace":"java.lang.AssertionError: Users are not updated expected [true] but found [false]\n\tat org.testng.Assert.fail(Assert.java:111)\n\tat org.testng.Assert.failNotEquals(Assert.java:1578)\n\tat org.testng.Assert.assertTrue(Assert.java:57)\n\tat com.coherent.aqa.java.training.api.matveenko.RestAssuredTests.updateUsersTest(RestAssuredTests.java:332)\n\tat java.base/jdk.internal.reflect.NativeMethodAccessorImpl.invoke0(Native Method)\n\tat java.base/jdk.internal.reflect.NativeMethodAccessorImpl.invoke(NativeMethodAccessorImpl.java:62)\n\tat java.base/jdk.internal.reflect.DelegatingMethodAccessorImpl.invoke(DelegatingMethodAccessorImpl.java:43)\n\tat java.base/java.lang.reflect.Method.invoke(Method.java:566)\n\tat org.testng.internal.invokers.MethodInvocationHelper.invokeMethod(MethodInvocationHelper.java:139)\n\tat org.testng.internal.invokers.TestInvoker.invokeMethod(TestInvoker.java:664)\n\tat org.testng.internal.invokers.TestInvoker.invokeTestMethod(TestInvoker.java:227)\n\tat org.testng.internal.invokers.MethodRunner.runInSequence(MethodRunner.java:50)\n\tat org.testng.internal.invokers.TestInvoker$MethodInvocationAgent.invoke(TestInvoker.java:957)\n\tat org.testng.internal.invokers.TestInvoker.invokeTestMethods(TestInvoker.java:200)\n\tat org.testng.internal.invokers.TestMethodWorker.invokeTestMethods(TestMethodWorker.java:148)\n\tat org.testng.internal.invokers.TestMethodWorker.run(TestMethodWorker.java:128)\n\tat java.base/java.util.ArrayList.forEach(ArrayList.java:1541)\n\tat org.testng.TestRunner.privateRun(TestRunner.java:848)\n\tat org.testng.TestRunner.run(TestRunner.java:621)\n\tat org.testng.SuiteRunner.runTest(SuiteRunner.java:443)\n\tat org.testng.SuiteRunner.runSequentially(SuiteRunner.java:437)\n\tat org.testng.SuiteRunner.privateRun(SuiteRunner.java:397)\n\tat org.testng.SuiteRunner.run(SuiteRunner.java:336)\n\tat org.testng.SuiteRunnerWorker.runSuite(SuiteRunnerWorker.java:52)\n\tat org.testng.SuiteRunnerWorker.run(SuiteRunnerWorker.java:95)\n\tat org.testng.TestNG.runSuitesSequentially(TestNG.java:1280)\n\tat org.testng.TestNG.runSuitesLocally(TestNG.java:1200)\n\tat org.testng.TestNG.runSuites(TestNG.java:1114)\n\tat org.testng.TestNG.run(TestNG.java:1082)\n\tat org.apache.maven.surefire.testng.TestNGExecutor.run(TestNGExecutor.java:155)\n\tat org.apache.maven.surefire.testng.TestNGDirectoryTestSuite.executeMulti(TestNGDirectoryTestSuite.java:169)\n\tat org.apache.maven.surefire.testng.TestNGDirectoryTestSuite.execute(TestNGDirectoryTestSuite.java:88)\n\tat org.apache.maven.surefire.testng.TestNGProvider.invoke(TestNGProvider.java:137)\n\tat org.apache.maven.surefire.booter.ForkedBooter.runSuitesInProcess(ForkedBooter.java:385)\n\tat org.apache.maven.surefire.booter.ForkedBooter.execute(ForkedBooter.java:162)\n\tat org.apache.maven.surefire.booter.ForkedBooter.run(ForkedBooter.java:507)\n\tat org.apache.maven.surefire.booter.ForkedBooter.main(ForkedBooter.java:495)\n","flaky":false,"newFailed":false,"newBroken":false,"newPassed":false,"retriesCount":0,"retriesStatusChange":false,"beforeStages":[],"testStage":{"description":"Update Users Test","status":"failed","statusMessage":"Users are not updated expected [true] but found [false]","statusTrace":"java.lang.AssertionError: Users are not updated expected [true] but found [false]\n\tat org.testng.Assert.fail(Assert.java:111)\n\tat org.testng.Assert.failNotEquals(Assert.java:1578)\n\tat org.testng.Assert.assertTrue(Assert.java:57)\n\tat com.coherent.aqa.java.training.api.matveenko.RestAssuredTests.updateUsersTest(RestAssuredTests.java:332)\n\tat java.base/jdk.internal.reflect.NativeMethodAccessorImpl.invoke0(Native Method)\n\tat java.base/jdk.internal.reflect.NativeMethodAccessorImpl.invoke(NativeMethodAccessorImpl.java:62)\n\tat java.base/jdk.internal.reflect.DelegatingMethodAccessorImpl.invoke(DelegatingMethodAccessorImpl.java:43)\n\tat java.base/java.lang.reflect.Method.invoke(Method.java:566)\n\tat org.testng.internal.invokers.MethodInvocationHelper.invokeMethod(MethodInvocationHelper.java:139)\n\tat org.testng.internal.invokers.TestInvoker.invokeMethod(TestInvoker.java:664)\n\tat org.testng.internal.invokers.TestInvoker.invokeTestMethod(TestInvoker.java:227)\n\tat org.testng.internal.invokers.MethodRunner.runInSequence(MethodRunner.java:50)\n\tat org.testng.internal.invokers.TestInvoker$MethodInvocationAgent.invoke(TestInvoker.java:957)\n\tat org.testng.internal.invokers.TestInvoker.invokeTestMethods(TestInvoker.java:200)\n\tat org.testng.internal.invokers.TestMethodWorker.invokeTestMethods(TestMethodWorker.java:148)\n\tat org.testng.internal.invokers.TestMethodWorker.run(TestMethodWorker.java:128)\n\tat java.base/java.util.ArrayList.forEach(ArrayList.java:1541)\n\tat org.testng.TestRunner.privateRun(TestRunner.java:848)\n\tat org.testng.TestRunner.run(TestRunner.java:621)\n\tat org.testng.SuiteRunner.runTest(SuiteRunner.java:443)\n\tat org.testng.SuiteRunner.runSequentially(SuiteRunner.java:437)\n\tat org.testng.SuiteRunner.privateRun(SuiteRunner.java:397)\n\tat org.testng.SuiteRunner.run(SuiteRunner.java:336)\n\tat org.testng.SuiteRunnerWorker.runSuite(SuiteRunnerWorker.java:52)\n\tat org.testng.SuiteRunnerWorker.run(SuiteRunnerWorker.java:95)\n\tat org.testng.TestNG.runSuitesSequentially(TestNG.java:1280)\n\tat org.testng.TestNG.runSuitesLocally(TestNG.java:1200)\n\tat org.testng.TestNG.runSuites(TestNG.java:1114)\n\tat org.testng.TestNG.run(TestNG.java:1082)\n\tat org.apache.maven.surefire.testng.TestNGExecutor.run(TestNGExecutor.java:155)\n\tat org.apache.maven.surefire.testng.TestNGDirectoryTestSuite.executeMulti(TestNGDirectoryTestSuite.java:169)\n\tat org.apache.maven.surefire.testng.TestNGDirectoryTestSuite.execute(TestNGDirectoryTestSuite.java:88)\n\tat org.apache.maven.surefire.testng.TestNGProvider.invoke(TestNGProvider.java:137)\n\tat org.apache.maven.surefire.booter.ForkedBooter.runSuitesInProcess(ForkedBooter.java:385)\n\tat org.apache.maven.surefire.booter.ForkedBooter.execute(ForkedBooter.java:162)\n\tat org.apache.maven.surefire.booter.ForkedBooter.run(ForkedBooter.java:507)\n\tat org.apache.maven.surefire.booter.ForkedBooter.main(ForkedBooter.java:495)\n","steps":[{"name":"Step 1","time":{"start":1708018006208,"stop":1708018006307,"duration":99},"status":"failed","statusMessage":"Users are not updated expected [true] but found [false]","statusTrace":"java.lang.AssertionError: Users are not updated expected [true] but found [false]\n\tat org.testng.Assert.fail(Assert.java:111)\n\tat org.testng.Assert.failNotEquals(Assert.java:1578)\n\tat org.testng.Assert.assertTrue(Assert.java:57)\n\tat com.coherent.aqa.java.training.api.matveenko.RestAssuredTests.updateUsersTest(RestAssuredTests.java:332)\n\tat java.base/jdk.internal.reflect.NativeMethodAccessorImpl.invoke0(Native Method)\n\tat java.base/jdk.internal.reflect.NativeMethodAccessorImpl.invoke(NativeMethodAccessorImpl.java:62)\n\tat java.base/jdk.internal.reflect.DelegatingMethodAccessorImpl.invoke(DelegatingMethodAccessorImpl.java:43)\n\tat java.base/java.lang.reflect.Method.invoke(Method.java:566)\n\tat org.testng.internal.invokers.MethodInvocationHelper.invokeMethod(MethodInvocationHelper.java:139)\n\tat org.testng.internal.invokers.TestInvoker.invokeMethod(TestInvoker.java:664)\n\tat org.testng.internal.invokers.TestInvoker.invokeTestMethod(TestInvoker.java:227)\n\tat org.testng.internal.invokers.MethodRunner.runInSequence(MethodRunner.java:50)\n\tat org.testng.internal.invokers.TestInvoker$MethodInvocationAgent.invoke(TestInvoker.java:957)\n\tat org.testng.internal.invokers.TestInvoker.invokeTestMethods(TestInvoker.java:200)\n\tat org.testng.internal.invokers.TestMethodWorker.invokeTestMethods(TestMethodWorker.java:148)\n\tat org.testng.internal.invokers.TestMethodWorker.run(TestMethodWorker.java:128)\n\tat java.base/java.util.ArrayList.forEach(ArrayList.java:1541)\n\tat org.testng.TestRunner.privateRun(TestRunner.java:848)\n\tat org.testng.TestRunner.run(TestRunner.java:621)\n\tat org.testng.SuiteRunner.runTest(SuiteRunner.java:443)\n\tat org.testng.SuiteRunner.runSequentially(SuiteRunner.java:437)\n\tat org.testng.SuiteRunner.privateRun(SuiteRunner.java:397)\n\tat org.testng.SuiteRunner.run(SuiteRunner.java:336)\n\tat org.testng.SuiteRunnerWorker.runSuite(SuiteRunnerWorker.java:52)\n\tat org.testng.SuiteRunnerWorker.run(SuiteRunnerWorker.java:95)\n\tat org.testng.TestNG.runSuitesSequentially(TestNG.java:1280)\n\tat org.testng.TestNG.runSuitesLocally(TestNG.java:1200)\n\tat org.testng.TestNG.runSuites(TestNG.java:1114)\n\tat org.testng.TestNG.run(TestNG.java:1082)\n\tat org.apache.maven.surefire.testng.TestNGExecutor.run(TestNGExecutor.java:155)\n\tat org.apache.maven.surefire.testng.TestNGDirectoryTestSuite.executeMulti(TestNGDirectoryTestSuite.java:169)\n\tat org.apache.maven.surefire.testng.TestNGDirectoryTestSuite.execute(TestNGDirectoryTestSuite.java:88)\n\tat org.apache.maven.surefire.testng.TestNGProvider.invoke(TestNGProvider.java:137)\n\tat org.apache.maven.surefire.booter.ForkedBooter.runSuitesInProcess(ForkedBooter.java:385)\n\tat org.apache.maven.surefire.booter.ForkedBooter.execute(ForkedBooter.java:162)\n\tat org.apache.maven.surefire.booter.ForkedBooter.run(ForkedBooter.java:507)\n\tat org.apache.maven.surefire.booter.ForkedBooter.main(ForkedBooter.java:495)\n","steps":[],"attachments":[{"uid":"8be5eff8bfbefa67","name":"Request.txt","source":"8be5eff8bfbefa67.txt","type":"text/plain","size":116}],"parameters":[],"shouldDisplayMessage":true,"stepsCount":0,"attachmentsCount":1,"hasContent":true,"attachmentStep":false}],"attachments":[],"parameters":[],"shouldDisplayMessage":false,"stepsCount":1,"attachmentsCount":1,"hasContent":true,"attachmentStep":false},"afterStages":[{"name":"closeHttpClient","time":{"start":1708018006536,"stop":1708018006537,"duration":1},"description":"","status":"passed","steps":[],"attachments":[],"parameters":[],"shouldDisplayMessage":false,"stepsCount":0,"attachmentsCount":0,"hasContent":false,"attachmentStep":false}],"labels":[{"name":"package","value":"com.coherent.aqa.java.training.api.matveenko.RestAssuredTests"},{"name":"testClass","value":"com.coherent.aqa.java.training.api.matveenko.RestAssuredTests"},{"name":"testMethod","value":"updateUsersTest"},{"name":"parentSuite","value":"Surefire suite"},{"name":"suite","value":"Surefire test"},{"name":"subSuite","value":"com.coherent.aqa.java.training.api.matveenko.RestAssuredTests"},{"name":"host","value":"fv-az568-770"},{"name":"thread","value":"2434@fv-az568-770.main(1)"},{"name":"framework","value":"testng"},{"name":"language","value":"java"},{"name":"feature","value":"Users"},{"name":"epic","value":"Tests"},{"name":"resultFormat","value":"allure2"}],"parameters":[],"links":[],"hidden":false,"retry":false,"extra":{"severity":"normal","retries":[],"categories":[{"name":"Product defects","matchedStatuses":[],"flaky":false}],"history":{"statistic":{"failed":13,"broken":0,"skipped":0,"passed":2,"unknown":0,"total":15},"items":[{"uid":"f7ae33f46abcb3b7","reportUrl":"https://AnnaMa3.github.io/Fin--3101/18//#testresult/f7ae33f46abcb3b7","status":"failed","statusDetails":"Users are not updated expected [true] but found [false]","time":{"start":1708017845565,"stop":1708017845674,"duration":109}},{"uid":"d316d1781dee1315","reportUrl":"https://AnnaMa3.github.io/Fin--3101/11//#testresult/d316d1781dee1315","status":"failed","statusDetails":"Users are not updated expected [200] but found [400]","time":{"start":1708017740799,"stop":1708017740840,"duration":41}},{"uid":"3558554713a89f60","reportUrl":"https://AnnaMa3.github.io/Fin--3101/18//#testresult/3558554713a89f60","status":"failed","statusDetails":"Users are not updated expected [true] but found [false]","time":{"start":1708017322307,"stop":1708017322406,"duration":99}},{"uid":"2a7001c9dc03c561","reportUrl":"https://AnnaMa3.github.io/Fin--3101/18//#testresult/2a7001c9dc03c561","status":"failed","statusDetails":"Users are not updated expected [true] but found [false]","time":{"start":1708016443767,"stop":1708016443857,"duration":90}},{"uid":"d0ce71b00ae058f4","reportUrl":"https://AnnaMa3.github.io/Fin--3101/18//#testresult/d0ce71b00ae058f4","status":"failed","statusDetails":"Users are not updated expected [true] but found [false]","time":{"start":1708016267141,"stop":1708016267242,"duration":101}},{"uid":"1aabdcd33f11c2f5","reportUrl":"https://AnnaMa3.github.io/Fin--3101/18//#testresult/1aabdcd33f11c2f5","status":"failed","statusDetails":"Users are not updated expected [true] but found [false]","time":{"start":1708014595977,"stop":1708014596088,"duration":111}},{"uid":"9c8bf081598addd","reportUrl":"https://AnnaMa3.github.io/Fin--3101/18//#testresult/9c8bf081598addd","status":"failed","statusDetails":"Users are not updated expected [true] but found [false]","time":{"start":1707987399680,"stop":1707987399766,"duration":86}},{"uid":"b140123041383033","reportUrl":"https://AnnaMa3.github.io/Fin--3101/11//#testresult/b140123041383033","status":"failed","statusDetails":"Users are not updated expected [200] but found [400]","time":{"start":1707987200170,"stop":1707987200226,"duration":56}},{"uid":"1f0f85bded70cfd6","reportUrl":"https://AnnaMa3.github.io/Fin--3101/11//#testresult/1f0f85bded70cfd6","status":"failed","statusDetails":"Users are not updated expected [200] but found [400]","time":{"start":1707986711627,"stop":1707986711684,"duration":57}},{"uid":"912bf1150c288a2f","reportUrl":"https://AnnaMa3.github.io/Fin--3101/11//#testresult/912bf1150c288a2f","status":"failed","statusDetails":"Users are not updated expected [200] but found [400]","time":{"start":1707985411039,"stop":1707985411083,"duration":44}},{"uid":"c084e78d259c92d3","reportUrl":"https://AnnaMa3.github.io/Fin--3101/11//#testresult/c084e78d259c92d3","status":"failed","statusDetails":"Users are not updated expected [200] but found [400]","time":{"start":1707827191053,"stop":1707827191100,"duration":47}},{"uid":"209bcec07144c327","reportUrl":"https://AnnaMa3.github.io/Fin--3101/11//#testresult/209bcec07144c327","status":"failed","statusDetails":"Users are not updated expected [200] but found [400]","time":{"start":1707826268544,"stop":1707826268586,"duration":42}},{"uid":"d6d8811fd4d4316d","reportUrl":"https://AnnaMa3.github.io/Fin--3101/11//#testresult/d6d8811fd4d4316d","status":"passed","time":{"start":1707825710728,"stop":1707825710832,"duration":104}},{"uid":"2496001c0e30957a","reportUrl":"https://AnnaMa3.github.io/Fin--3101/11//#testresult/2496001c0e30957a","status":"passed","time":{"start":1707762301666,"stop":1707762301777,"duration":111}}]},"tags":[]},"source":"c325f16fef8111a8.json","parameterValues":[]}