{"uid":"c3aa20cccd0c80fa","name":"Delete Users Test","fullName":"com.coherent.aqa.java.training.api.matveenko.TokenTests.deleteUser","historyId":"1d1a1b7bc8a788df7ecd5fa7812d1c0","time":{"start":1708017842921,"stop":1708017842970,"duration":49},"description":"Delete Users Test","descriptionHtml":"<p>Delete Users Test</p>\n","status":"failed","statusMessage":"List NOT contains: [Zip code is not added to available zip codes of application] expected [true] but found [false]","statusTrace":"java.lang.AssertionError: List NOT contains: [Zip code is not added to available zip codes of application] expected [true] but found [false]\n\tat org.testng.Assert.fail(Assert.java:111)\n\tat org.testng.Assert.failNotEquals(Assert.java:1578)\n\tat org.testng.Assert.assertTrue(Assert.java:57)\n\tat org.testng.Assert.assertListContainsObject(Assert.java:2470)\n\tat com.coherent.aqa.java.training.api.matveenko.TokenTests.deleteUser(TokenTests.java:218)\n\tat java.base/jdk.internal.reflect.NativeMethodAccessorImpl.invoke0(Native Method)\n\tat java.base/jdk.internal.reflect.NativeMethodAccessorImpl.invoke(NativeMethodAccessorImpl.java:62)\n\tat java.base/jdk.internal.reflect.DelegatingMethodAccessorImpl.invoke(DelegatingMethodAccessorImpl.java:43)\n\tat java.base/java.lang.reflect.Method.invoke(Method.java:566)\n\tat org.testng.internal.invokers.MethodInvocationHelper.invokeMethod(MethodInvocationHelper.java:139)\n\tat org.testng.internal.invokers.TestInvoker.invokeMethod(TestInvoker.java:664)\n\tat org.testng.internal.invokers.TestInvoker.invokeTestMethod(TestInvoker.java:227)\n\tat org.testng.internal.invokers.MethodRunner.runInSequence(MethodRunner.java:50)\n\tat org.testng.internal.invokers.TestInvoker$MethodInvocationAgent.invoke(TestInvoker.java:957)\n\tat org.testng.internal.invokers.TestInvoker.invokeTestMethods(TestInvoker.java:200)\n\tat org.testng.internal.invokers.TestMethodWorker.invokeTestMethods(TestMethodWorker.java:148)\n\tat org.testng.internal.invokers.TestMethodWorker.run(TestMethodWorker.java:128)\n\tat java.base/java.util.ArrayList.forEach(ArrayList.java:1541)\n\tat org.testng.TestRunner.privateRun(TestRunner.java:848)\n\tat org.testng.TestRunner.run(TestRunner.java:621)\n\tat org.testng.SuiteRunner.runTest(SuiteRunner.java:443)\n\tat org.testng.SuiteRunner.runSequentially(SuiteRunner.java:437)\n\tat org.testng.SuiteRunner.privateRun(SuiteRunner.java:397)\n\tat org.testng.SuiteRunner.run(SuiteRunner.java:336)\n\tat org.testng.SuiteRunnerWorker.runSuite(SuiteRunnerWorker.java:52)\n\tat org.testng.SuiteRunnerWorker.run(SuiteRunnerWorker.java:95)\n\tat org.testng.TestNG.runSuitesSequentially(TestNG.java:1280)\n\tat org.testng.TestNG.runSuitesLocally(TestNG.java:1200)\n\tat org.testng.TestNG.runSuites(TestNG.java:1114)\n\tat org.testng.TestNG.run(TestNG.java:1082)\n\tat org.apache.maven.surefire.testng.TestNGExecutor.run(TestNGExecutor.java:155)\n\tat org.apache.maven.surefire.testng.TestNGDirectoryTestSuite.executeMulti(TestNGDirectoryTestSuite.java:169)\n\tat org.apache.maven.surefire.testng.TestNGDirectoryTestSuite.execute(TestNGDirectoryTestSuite.java:88)\n\tat org.apache.maven.surefire.testng.TestNGProvider.invoke(TestNGProvider.java:137)\n\tat org.apache.maven.surefire.booter.ForkedBooter.runSuitesInProcess(ForkedBooter.java:385)\n\tat org.apache.maven.surefire.booter.ForkedBooter.execute(ForkedBooter.java:162)\n\tat org.apache.maven.surefire.booter.ForkedBooter.run(ForkedBooter.java:507)\n\tat org.apache.maven.surefire.booter.ForkedBooter.main(ForkedBooter.java:495)\n","flaky":true,"newFailed":true,"newBroken":false,"newPassed":false,"retriesCount":16,"retriesStatusChange":true,"beforeStages":[{"name":"setUp","time":{"start":1708017840266,"stop":1708017841147,"duration":881},"description":"","status":"passed","steps":[],"attachments":[],"parameters":[],"shouldDisplayMessage":false,"stepsCount":0,"attachmentsCount":0,"hasContent":false,"attachmentStep":false}],"testStage":{"description":"Delete Users Test","status":"failed","statusMessage":"List NOT contains: [Zip code is not added to available zip codes of application] expected [true] but found [false]","statusTrace":"java.lang.AssertionError: List NOT contains: [Zip code is not added to available zip codes of application] expected [true] but found [false]\n\tat org.testng.Assert.fail(Assert.java:111)\n\tat org.testng.Assert.failNotEquals(Assert.java:1578)\n\tat org.testng.Assert.assertTrue(Assert.java:57)\n\tat org.testng.Assert.assertListContainsObject(Assert.java:2470)\n\tat com.coherent.aqa.java.training.api.matveenko.TokenTests.deleteUser(TokenTests.java:218)\n\tat java.base/jdk.internal.reflect.NativeMethodAccessorImpl.invoke0(Native Method)\n\tat java.base/jdk.internal.reflect.NativeMethodAccessorImpl.invoke(NativeMethodAccessorImpl.java:62)\n\tat java.base/jdk.internal.reflect.DelegatingMethodAccessorImpl.invoke(DelegatingMethodAccessorImpl.java:43)\n\tat java.base/java.lang.reflect.Method.invoke(Method.java:566)\n\tat org.testng.internal.invokers.MethodInvocationHelper.invokeMethod(MethodInvocationHelper.java:139)\n\tat org.testng.internal.invokers.TestInvoker.invokeMethod(TestInvoker.java:664)\n\tat org.testng.internal.invokers.TestInvoker.invokeTestMethod(TestInvoker.java:227)\n\tat org.testng.internal.invokers.MethodRunner.runInSequence(MethodRunner.java:50)\n\tat org.testng.internal.invokers.TestInvoker$MethodInvocationAgent.invoke(TestInvoker.java:957)\n\tat org.testng.internal.invokers.TestInvoker.invokeTestMethods(TestInvoker.java:200)\n\tat org.testng.internal.invokers.TestMethodWorker.invokeTestMethods(TestMethodWorker.java:148)\n\tat org.testng.internal.invokers.TestMethodWorker.run(TestMethodWorker.java:128)\n\tat java.base/java.util.ArrayList.forEach(ArrayList.java:1541)\n\tat org.testng.TestRunner.privateRun(TestRunner.java:848)\n\tat org.testng.TestRunner.run(TestRunner.java:621)\n\tat org.testng.SuiteRunner.runTest(SuiteRunner.java:443)\n\tat org.testng.SuiteRunner.runSequentially(SuiteRunner.java:437)\n\tat org.testng.SuiteRunner.privateRun(SuiteRunner.java:397)\n\tat org.testng.SuiteRunner.run(SuiteRunner.java:336)\n\tat org.testng.SuiteRunnerWorker.runSuite(SuiteRunnerWorker.java:52)\n\tat org.testng.SuiteRunnerWorker.run(SuiteRunnerWorker.java:95)\n\tat org.testng.TestNG.runSuitesSequentially(TestNG.java:1280)\n\tat org.testng.TestNG.runSuitesLocally(TestNG.java:1200)\n\tat org.testng.TestNG.runSuites(TestNG.java:1114)\n\tat org.testng.TestNG.run(TestNG.java:1082)\n\tat org.apache.maven.surefire.testng.TestNGExecutor.run(TestNGExecutor.java:155)\n\tat org.apache.maven.surefire.testng.TestNGDirectoryTestSuite.executeMulti(TestNGDirectoryTestSuite.java:169)\n\tat org.apache.maven.surefire.testng.TestNGDirectoryTestSuite.execute(TestNGDirectoryTestSuite.java:88)\n\tat org.apache.maven.surefire.testng.TestNGProvider.invoke(TestNGProvider.java:137)\n\tat org.apache.maven.surefire.booter.ForkedBooter.runSuitesInProcess(ForkedBooter.java:385)\n\tat org.apache.maven.surefire.booter.ForkedBooter.execute(ForkedBooter.java:162)\n\tat org.apache.maven.surefire.booter.ForkedBooter.run(ForkedBooter.java:507)\n\tat org.apache.maven.surefire.booter.ForkedBooter.main(ForkedBooter.java:495)\n","steps":[{"name":"Step 1","time":{"start":1708017842921,"stop":1708017842969,"duration":48},"status":"failed","statusMessage":"List NOT contains: [Zip code is not added to available zip codes of application] expected [true] but found [false]","statusTrace":"java.lang.AssertionError: List NOT contains: [Zip code is not added to available zip codes of application] expected [true] but found [false]\n\tat org.testng.Assert.fail(Assert.java:111)\n\tat org.testng.Assert.failNotEquals(Assert.java:1578)\n\tat org.testng.Assert.assertTrue(Assert.java:57)\n\tat org.testng.Assert.assertListContainsObject(Assert.java:2470)\n\tat com.coherent.aqa.java.training.api.matveenko.TokenTests.deleteUser(TokenTests.java:218)\n\tat java.base/jdk.internal.reflect.NativeMethodAccessorImpl.invoke0(Native Method)\n\tat java.base/jdk.internal.reflect.NativeMethodAccessorImpl.invoke(NativeMethodAccessorImpl.java:62)\n\tat java.base/jdk.internal.reflect.DelegatingMethodAccessorImpl.invoke(DelegatingMethodAccessorImpl.java:43)\n\tat java.base/java.lang.reflect.Method.invoke(Method.java:566)\n\tat org.testng.internal.invokers.MethodInvocationHelper.invokeMethod(MethodInvocationHelper.java:139)\n\tat org.testng.internal.invokers.TestInvoker.invokeMethod(TestInvoker.java:664)\n\tat org.testng.internal.invokers.TestInvoker.invokeTestMethod(TestInvoker.java:227)\n\tat org.testng.internal.invokers.MethodRunner.runInSequence(MethodRunner.java:50)\n\tat org.testng.internal.invokers.TestInvoker$MethodInvocationAgent.invoke(TestInvoker.java:957)\n\tat org.testng.internal.invokers.TestInvoker.invokeTestMethods(TestInvoker.java:200)\n\tat org.testng.internal.invokers.TestMethodWorker.invokeTestMethods(TestMethodWorker.java:148)\n\tat org.testng.internal.invokers.TestMethodWorker.run(TestMethodWorker.java:128)\n\tat java.base/java.util.ArrayList.forEach(ArrayList.java:1541)\n\tat org.testng.TestRunner.privateRun(TestRunner.java:848)\n\tat org.testng.TestRunner.run(TestRunner.java:621)\n\tat org.testng.SuiteRunner.runTest(SuiteRunner.java:443)\n\tat org.testng.SuiteRunner.runSequentially(SuiteRunner.java:437)\n\tat org.testng.SuiteRunner.privateRun(SuiteRunner.java:397)\n\tat org.testng.SuiteRunner.run(SuiteRunner.java:336)\n\tat org.testng.SuiteRunnerWorker.runSuite(SuiteRunnerWorker.java:52)\n\tat org.testng.SuiteRunnerWorker.run(SuiteRunnerWorker.java:95)\n\tat org.testng.TestNG.runSuitesSequentially(TestNG.java:1280)\n\tat org.testng.TestNG.runSuitesLocally(TestNG.java:1200)\n\tat org.testng.TestNG.runSuites(TestNG.java:1114)\n\tat org.testng.TestNG.run(TestNG.java:1082)\n\tat org.apache.maven.surefire.testng.TestNGExecutor.run(TestNGExecutor.java:155)\n\tat org.apache.maven.surefire.testng.TestNGDirectoryTestSuite.executeMulti(TestNGDirectoryTestSuite.java:169)\n\tat org.apache.maven.surefire.testng.TestNGDirectoryTestSuite.execute(TestNGDirectoryTestSuite.java:88)\n\tat org.apache.maven.surefire.testng.TestNGProvider.invoke(TestNGProvider.java:137)\n\tat org.apache.maven.surefire.booter.ForkedBooter.runSuitesInProcess(ForkedBooter.java:385)\n\tat org.apache.maven.surefire.booter.ForkedBooter.execute(ForkedBooter.java:162)\n\tat org.apache.maven.surefire.booter.ForkedBooter.run(ForkedBooter.java:507)\n\tat org.apache.maven.surefire.booter.ForkedBooter.main(ForkedBooter.java:495)\n","steps":[],"attachments":[{"uid":"6d279f98d9df4af1","name":"Request.txt","source":"6d279f98d9df4af1.txt","type":"text/plain","size":417},{"uid":"91ad422f951325d0","name":"Request.txt","source":"91ad422f951325d0.txt","type":"text/plain","size":55},{"uid":"a1de5f901b390743","name":"Request.txt","source":"a1de5f901b390743.txt","type":"text/plain","size":401},{"uid":"d2d5efe57240cf92","name":"Request.txt","source":"d2d5efe57240cf92.txt","type":"text/plain","size":12}],"parameters":[],"shouldDisplayMessage":true,"stepsCount":0,"attachmentsCount":4,"hasContent":true,"attachmentStep":false}],"attachments":[],"parameters":[],"shouldDisplayMessage":false,"stepsCount":1,"attachmentsCount":4,"hasContent":true,"attachmentStep":false},"afterStages":[{"name":"closeHttpClient","time":{"start":1708017845959,"stop":1708017845959,"duration":0},"description":"","status":"passed","steps":[],"attachments":[],"parameters":[],"shouldDisplayMessage":false,"stepsCount":0,"attachmentsCount":0,"hasContent":false,"attachmentStep":false}],"labels":[{"name":"package","value":"com.coherent.aqa.java.training.api.matveenko.TokenTests"},{"name":"testClass","value":"com.coherent.aqa.java.training.api.matveenko.TokenTests"},{"name":"testMethod","value":"deleteUser"},{"name":"parentSuite","value":"Surefire suite"},{"name":"suite","value":"Surefire test"},{"name":"subSuite","value":"com.coherent.aqa.java.training.api.matveenko.TokenTests"},{"name":"host","value":"fv-az1429-452"},{"name":"thread","value":"2430@fv-az1429-452.main(1)"},{"name":"framework","value":"testng"},{"name":"language","value":"java"},{"name":"feature","value":"Users"},{"name":"epic","value":"Tests"},{"name":"resultFormat","value":"allure2"}],"parameters":[],"links":[],"hidden":false,"retry":false,"extra":{"severity":"normal","retries":[{"uid":"db8a7dcfe3ed783b","status":"passed","time":{"start":1706205222769,"stop":1706205222844,"duration":75}},{"uid":"7e2f1581c30b3fbb","status":"passed","time":{"start":1706200490832,"stop":1706200490879,"duration":47}},{"uid":"6c1b4ed230881507","status":"passed","time":{"start":1706200053462,"stop":1706200053524,"duration":62}},{"uid":"697f1f3249f3ac72","status":"passed","time":{"start":1705570079816,"stop":1705570079901,"duration":85}},{"uid":"f724ac4d0df5c624","status":"passed","time":{"start":1705569966829,"stop":1705569966927,"duration":98}},{"uid":"3bf60a3cefe31e5","status":"passed","time":{"start":1705508977433,"stop":1705508977517,"duration":84}},{"uid":"45321737b61750c1","status":"passed","time":{"start":1705508829787,"stop":1705508829843,"duration":56}},{"uid":"38e93ffb184228d","status":"passed","time":{"start":1705508761516,"stop":1705508761561,"duration":45}},{"uid":"a2785eae97f75a3d","status":"passed","time":{"start":1705508516692,"stop":1705508516759,"duration":67}},{"uid":"1ef07c917d87ab2","status":"passed","time":{"start":1705508088092,"stop":1705508088154,"duration":62}},{"uid":"1e3206226aa6e04f","status":"passed","time":{"start":1705507372445,"stop":1705507372523,"duration":78}},{"uid":"e78f6a27fdd4345e","status":"passed","time":{"start":1705506772077,"stop":1705506772127,"duration":50}},{"uid":"396aa2aa0961ce04","status":"passed","time":{"start":1705506644605,"stop":1705506644699,"duration":94}},{"uid":"4627e62a437d184b","status":"passed","time":{"start":1705506160285,"stop":1705506160380,"duration":95}},{"uid":"6ee07a7207fa598","status":"passed","time":{"start":1705506029267,"stop":1705506029359,"duration":92}},{"uid":"b8e8d6dec19dec9","status":"passed","time":{"start":1705418109440,"stop":1705418109507,"duration":67}}],"categories":[{"name":"Product defects","matchedStatuses":[],"flaky":false}],"history":{"statistic":{"failed":12,"broken":0,"skipped":0,"passed":15,"unknown":0,"total":27},"items":[{"uid":"28be51bf7210baf","reportUrl":"https://AnnaMa3.github.io/Fin--3101/11//#testresult/28be51bf7210baf","status":"passed","time":{"start":1708017738121,"stop":1708017738169,"duration":48}},{"uid":"e8a7dcc2281b21b2","reportUrl":"https://AnnaMa3.github.io/Fin--3101/19//#testresult/e8a7dcc2281b21b2","status":"passed","time":{"start":1708017529729,"stop":1708017529770,"duration":41}},{"uid":"ac9c11fa2c66919b","reportUrl":"https://AnnaMa3.github.io/Fin--3101/19//#testresult/ac9c11fa2c66919b","status":"passed","time":{"start":1708017423182,"stop":1708017423216,"duration":34}},{"uid":"21dcf7c90f81789c","reportUrl":"https://AnnaMa3.github.io/Fin--3101/18//#testresult/21dcf7c90f81789c","status":"failed","statusDetails":"List NOT contains: [Zip code is not added to available zip codes of application] expected [true] but found [false]","time":{"start":1708017319572,"stop":1708017319661,"duration":89}},{"uid":"980d63d84c313502","reportUrl":"https://AnnaMa3.github.io/Fin--3101/18//#testresult/980d63d84c313502","status":"failed","statusDetails":"List NOT contains: [Zip code is not added to available zip codes of application] expected [true] but found [false]","time":{"start":1708016440991,"stop":1708016441040,"duration":49}},{"uid":"bd833b18f7a149a4","reportUrl":"https://AnnaMa3.github.io/Fin--3101/18//#testresult/bd833b18f7a149a4","status":"failed","statusDetails":"List NOT contains: [Zip code is not added to available zip codes of application] expected [true] but found [false]","time":{"start":1708016264250,"stop":1708016264310,"duration":60}},{"uid":"95fe2dc4b4d1349f","reportUrl":"https://AnnaMa3.github.io/Fin--3101/18//#testresult/95fe2dc4b4d1349f","status":"failed","statusDetails":"List NOT contains: [Zip code is not added to available zip codes of application] expected [true] but found [false]","time":{"start":1708014593371,"stop":1708014593431,"duration":60}},{"uid":"a554ff7b75a8109b","reportUrl":"https://AnnaMa3.github.io/Fin--3101/19//#testresult/a554ff7b75a8109b","status":"passed","time":{"start":1708014515032,"stop":1708014515087,"duration":55}},{"uid":"4d22a89dd6608d3","reportUrl":"https://AnnaMa3.github.io/Fin--3101/18//#testresult/4d22a89dd6608d3","status":"failed","statusDetails":"List NOT contains: [Zip code is not added to available zip codes of application] expected [true] but found [false]","time":{"start":1707987397284,"stop":1707987397344,"duration":60}},{"uid":"d20a47b3a411bcee","reportUrl":"https://AnnaMa3.github.io/Fin--3101/11//#testresult/d20a47b3a411bcee","status":"passed","time":{"start":1707987197494,"stop":1707987197539,"duration":45}},{"uid":"7aea3a22e329f644","reportUrl":"https://AnnaMa3.github.io/Fin--3101/17//#testresult/7aea3a22e329f644","status":"failed","statusDetails":"List NOT contains: [Zip code is not added to available zip codes of application] expected [true] but found [false]","time":{"start":1707987090736,"stop":1707987090815,"duration":79}},{"uid":"4a0e0717dc1c47f8","reportUrl":"https://AnnaMa3.github.io/Fin--3101/11//#testresult/4a0e0717dc1c47f8","status":"passed","time":{"start":1707986709178,"stop":1707986709221,"duration":43}},{"uid":"f026f16b0e3dad6d","reportUrl":"https://AnnaMa3.github.io/Fin--3101/17//#testresult/f026f16b0e3dad6d","status":"failed","statusDetails":"List NOT contains: [Zip code is not added to available zip codes of application] expected [true] but found [false]","time":{"start":1707985939522,"stop":1707985939596,"duration":74}},{"uid":"8c7346223bf5e193","reportUrl":"https://AnnaMa3.github.io/Fin--3101/16//#testresult/8c7346223bf5e193","status":"failed","statusDetails":"List NOT contains: [Zip code is not added to available zip codes of application] expected [true] but found [false]","time":{"start":1707985838196,"stop":1707985838243,"duration":47}},{"uid":"c398337a095d08ca","reportUrl":"https://AnnaMa3.github.io/Fin--3101/11//#testresult/c398337a095d08ca","status":"passed","time":{"start":1707985408366,"stop":1707985408411,"duration":45}},{"uid":"5c7fe6883cfc8e9c","reportUrl":"https://AnnaMa3.github.io/Fin--3101/15//#testresult/5c7fe6883cfc8e9c","status":"failed","statusDetails":"List NOT contains: [Zip code is not added to available zip codes of application] expected [true] but found [false]","time":{"start":1707985253939,"stop":1707985253991,"duration":52}},{"uid":"b901421b015988ff","reportUrl":"https://AnnaMa3.github.io/Fin--3101/14//#testresult/b901421b015988ff","status":"passed","time":{"start":1707985205880,"stop":1707985205922,"duration":42}},{"uid":"2ad4d1d7cb50ae","reportUrl":"https://AnnaMa3.github.io/Fin--3101/11//#testresult/2ad4d1d7cb50ae","status":"passed","time":{"start":1707827188497,"stop":1707827188539,"duration":42}},{"uid":"36115ae5d82c4f99","reportUrl":"https://AnnaMa3.github.io/Fin--3101/13//#testresult/36115ae5d82c4f99","status":"passed","time":{"start":1707826778870,"stop":1707826778912,"duration":42}},{"uid":"425e90ffadceeb1d","reportUrl":"https://AnnaMa3.github.io/Fin--3101/11//#testresult/425e90ffadceeb1d","status":"passed","time":{"start":1707826266170,"stop":1707826266205,"duration":35}}]},"tags":[]},"source":"c3aa20cccd0c80fa.json","parameterValues":[]}